[2026-04-19T17:16:28.820+0900] {local_task_job_runner.py:120} INFO - ::group::Pre task execution logs
[2026-04-19T17:16:28.847+0900] {taskinstance.py:2076} INFO - Dependencies all met for dep_context=non-requeueable deps ti=<TaskInstance: review_sentiment_pipeline.call_review_api manual__2026-04-19T08:12:26.008626+00:00 [queued]>
[2026-04-19T17:16:28.852+0900] {taskinstance.py:2076} INFO - Dependencies all met for dep_context=requeueable deps ti=<TaskInstance: review_sentiment_pipeline.call_review_api manual__2026-04-19T08:12:26.008626+00:00 [queued]>
[2026-04-19T17:16:28.853+0900] {taskinstance.py:2306} INFO - Starting attempt 2 of 2
[2026-04-19T17:16:28.860+0900] {taskinstance.py:2330} INFO - Executing <Task(PythonOperator): call_review_api> on 2026-04-19 08:12:26.008626+00:00
[2026-04-19T17:16:28.866+0900] {standard_task_runner.py:90} INFO - Running: ['***', 'tasks', 'run', 'review_sentiment_pipeline', 'call_review_api', 'manual__2026-04-19T08:12:26.008626+00:00', '--job-id', '56', '--raw', '--subdir', 'DAGS_FOLDER/review_sentiment_pipeline.py', '--cfg-path', '/tmp/tmp4zuo2yrp']
[2026-04-19T17:16:28.868+0900] {logging_mixin.py:188} WARNING - /home/***/.local/lib/python3.12/site-packages/***/task/task_runner/standard_task_runner.py:62 DeprecationWarning: This process (pid=917) is multi-threaded, use of fork() may lead to deadlocks in the child.
[2026-04-19T17:16:28.868+0900] {standard_task_runner.py:64} INFO - Started process 918 to run task
[2026-04-19T17:16:28.868+0900] {standard_task_runner.py:91} INFO - Job 56: Subtask call_review_api
[2026-04-19T17:16:28.911+0900] {task_command.py:426} INFO - Running <TaskInstance: review_sentiment_pipeline.call_review_api manual__2026-04-19T08:12:26.008626+00:00 [running]> on host 14d8dd78b261
[2026-04-19T17:16:28.973+0900] {taskinstance.py:2648} INFO - Exporting env vars: AIRFLOW_CTX_DAG_OWNER='data-team' AIRFLOW_CTX_DAG_ID='review_sentiment_pipeline' AIRFLOW_CTX_TASK_ID='call_review_api' AIRFLOW_CTX_EXECUTION_DATE='2026-04-19T08:12:26.008626+00:00' AIRFLOW_CTX_TRY_NUMBER='2' AIRFLOW_CTX_DAG_RUN_ID='manual__2026-04-19T08:12:26.008626+00:00'
[2026-04-19T17:16:28.974+0900] {taskinstance.py:430} INFO - ::endgroup::
[2026-04-19T17:16:28.994+0900] {review_sentiment_pipeline.py:100} INFO - POST http://ai-api-server:8000/analyze_reviews chunk 1/4 (5 reviews)
[2026-04-19T17:17:21.605+0900] {review_sentiment_pipeline.py:115} INFO - Chunk 1 done: got 5 rows (total 5)
[2026-04-19T17:17:24.610+0900] {review_sentiment_pipeline.py:100} INFO - POST http://ai-api-server:8000/analyze_reviews chunk 2/4 (5 reviews)
[2026-04-19T17:18:33.186+0900] {local_task_job_runner.py:124} ERROR - Received SIGTERM. Terminating subprocesses
[2026-04-19T17:18:33.260+0900] {process_utils.py:132} INFO - Sending 15 to group 918. PIDs of all processes in the group: [918]
[2026-04-19T17:18:33.262+0900] {process_utils.py:87} INFO - Sending the signal 15 to group 918
[2026-04-19T17:18:33.268+0900] {taskinstance.py:2611} ERROR - Received SIGTERM. Terminating subprocesses.
[2026-04-19T17:18:33.283+0900] {taskinstance.py:441} INFO - ::group::Post task execution logs
[2026-04-19T17:18:33.358+0900] {taskinstance.py:2905} ERROR - Task failed with exception
Traceback (most recent call last):
  File "/home/airflow/.local/lib/python3.12/site-packages/airflow/models/taskinstance.py", line 465, in _execute_task
    result = _execute_callable(context=context, **execute_callable_kwargs)
             ^^^^^^^^^^^^^^^^^^^^^^^^^^^^^^^^^^^^^^^^^^^^^^^^^^^^^^^^^^^^^
  File "/home/airflow/.local/lib/python3.12/site-packages/airflow/models/taskinstance.py", line 432, in _execute_callable
    return execute_callable(context=context, **execute_callable_kwargs)
           ^^^^^^^^^^^^^^^^^^^^^^^^^^^^^^^^^^^^^^^^^^^^^^^^^^^^^^^^^^^^
  File "/home/airflow/.local/lib/python3.12/site-packages/airflow/models/baseoperator.py", line 401, in wrapper
    return func(self, *args, **kwargs)
           ^^^^^^^^^^^^^^^^^^^^^^^^^^^
  File "/home/airflow/.local/lib/python3.12/site-packages/airflow/operators/python.py", line 235, in execute
    return_value = self.execute_callable()
                   ^^^^^^^^^^^^^^^^^^^^^^^
  File "/home/airflow/.local/lib/python3.12/site-packages/airflow/operators/python.py", line 252, in execute_callable
    return self.python_callable(*self.op_args, **self.op_kwargs)
           ^^^^^^^^^^^^^^^^^^^^^^^^^^^^^^^^^^^^^^^^^^^^^^^^^^^^^
  File "/opt/airflow/dags/review_sentiment_pipeline.py", line 102, in call_review_api
    response = requests.post(url, json=chunk, timeout=timeout)
               ^^^^^^^^^^^^^^^^^^^^^^^^^^^^^^^^^^^^^^^^^^^^^^^
  File "/home/airflow/.local/lib/python3.12/site-packages/requests/api.py", line 115, in post
    return request("post", url, data=data, json=json, **kwargs)
           ^^^^^^^^^^^^^^^^^^^^^^^^^^^^^^^^^^^^^^^^^^^^^^^^^^^^
  File "/home/airflow/.local/lib/python3.12/site-packages/requests/api.py", line 59, in request
    return session.request(method=method, url=url, **kwargs)
           ^^^^^^^^^^^^^^^^^^^^^^^^^^^^^^^^^^^^^^^^^^^^^^^^^
  File "/home/airflow/.local/lib/python3.12/site-packages/requests/sessions.py", line 589, in request
    resp = self.send(prep, **send_kwargs)
           ^^^^^^^^^^^^^^^^^^^^^^^^^^^^^^
  File "/home/airflow/.local/lib/python3.12/site-packages/requests/sessions.py", line 703, in send
    r = adapter.send(request, **kwargs)
        ^^^^^^^^^^^^^^^^^^^^^^^^^^^^^^^
  File "/home/airflow/.local/lib/python3.12/site-packages/requests/adapters.py", line 667, in send
    resp = conn.urlopen(
           ^^^^^^^^^^^^^
  File "/home/airflow/.local/lib/python3.12/site-packages/urllib3/connectionpool.py", line 791, in urlopen
    response = self._make_request(
               ^^^^^^^^^^^^^^^^^^^
  File "/home/airflow/.local/lib/python3.12/site-packages/urllib3/connectionpool.py", line 537, in _make_request
    response = conn.getresponse()
               ^^^^^^^^^^^^^^^^^^
  File "/home/airflow/.local/lib/python3.12/site-packages/urllib3/connection.py", line 461, in getresponse
    httplib_response = super().getresponse()
                       ^^^^^^^^^^^^^^^^^^^^^
  File "/usr/local/lib/python3.12/http/client.py", line 1428, in getresponse
    response.begin()
  File "/usr/local/lib/python3.12/http/client.py", line 331, in begin
    version, status, reason = self._read_status()
                              ^^^^^^^^^^^^^^^^^^^
  File "/usr/local/lib/python3.12/http/client.py", line 292, in _read_status
    line = str(self.fp.readline(_MAXLINE + 1), "iso-8859-1")
               ^^^^^^^^^^^^^^^^^^^^^^^^^^^^^^
  File "/usr/local/lib/python3.12/socket.py", line 708, in readinto
    return self._sock.recv_into(b)
           ^^^^^^^^^^^^^^^^^^^^^^^
  File "/home/airflow/.local/lib/python3.12/site-packages/airflow/models/taskinstance.py", line 2613, in signal_handler
    raise AirflowTaskTerminated("Task received SIGTERM signal")
airflow.exceptions.AirflowTaskTerminated: Task received SIGTERM signal
[2026-04-19T17:18:33.377+0900] {taskinstance.py:1206} INFO - Marking task as FAILED. dag_id=review_sentiment_pipeline, task_id=call_review_api, run_id=manual__2026-04-19T08:12:26.008626+00:00, execution_date=20260419T081226, start_date=20260419T081628, end_date=20260419T081833
[2026-04-19T17:18:33.445+0900] {process_utils.py:80} INFO - Process psutil.Process(pid=918, status='terminated', exitcode=2, started='17:16:28') (918) terminated with exit code 2
[2026-04-19T17:18:33.446+0900] {local_task_job_runner.py:243} INFO - Task exited with return code 143
[2026-04-19T17:18:33.482+0900] {taskinstance.py:3503} INFO - 0 downstream tasks scheduled from follow-on schedule check
