[2026-04-19T21:39:18.963+0900] {local_task_job_runner.py:120} INFO - ::group::Pre task execution logs
[2026-04-19T21:39:19.002+0900] {taskinstance.py:2076} INFO - Dependencies all met for dep_context=non-requeueable deps ti=<TaskInstance: review_sentiment_pipeline.extract_pending_reviews manual__2026-04-19T12:39:18.477252+00:00 [queued]>
[2026-04-19T21:39:19.009+0900] {taskinstance.py:2076} INFO - Dependencies all met for dep_context=requeueable deps ti=<TaskInstance: review_sentiment_pipeline.extract_pending_reviews manual__2026-04-19T12:39:18.477252+00:00 [queued]>
[2026-04-19T21:39:19.010+0900] {taskinstance.py:2306} INFO - Starting attempt 1 of 2
[2026-04-19T21:39:19.020+0900] {taskinstance.py:2330} INFO - Executing <Task(PythonOperator): extract_pending_reviews> on 2026-04-19 12:39:18.477252+00:00
[2026-04-19T21:39:19.033+0900] {logging_mixin.py:188} WARNING - /home/***/.local/lib/python3.12/site-packages/***/task/task_runner/standard_task_runner.py:62 DeprecationWarning: This process (pid=494) is multi-threaded, use of fork() may lead to deadlocks in the child.
[2026-04-19T21:39:19.032+0900] {standard_task_runner.py:90} INFO - Running: ['***', 'tasks', 'run', 'review_sentiment_pipeline', 'extract_pending_reviews', 'manual__2026-04-19T12:39:18.477252+00:00', '--job-id', '39', '--raw', '--subdir', 'DAGS_FOLDER/review_sentiment_pipeline.py', '--cfg-path', '/tmp/tmpmwzu6v8c']
[2026-04-19T21:39:19.034+0900] {standard_task_runner.py:91} INFO - Job 39: Subtask extract_pending_reviews
[2026-04-19T21:39:19.034+0900] {standard_task_runner.py:64} INFO - Started process 495 to run task
[2026-04-19T21:39:19.075+0900] {task_command.py:426} INFO - Running <TaskInstance: review_sentiment_pipeline.extract_pending_reviews manual__2026-04-19T12:39:18.477252+00:00 [running]> on host 026bc6cf4609
[2026-04-19T21:39:19.145+0900] {taskinstance.py:2648} INFO - Exporting env vars: AIRFLOW_CTX_DAG_OWNER='data-team' AIRFLOW_CTX_DAG_ID='review_sentiment_pipeline' AIRFLOW_CTX_TASK_ID='extract_pending_reviews' AIRFLOW_CTX_EXECUTION_DATE='2026-04-19T12:39:18.477252+00:00' AIRFLOW_CTX_TRY_NUMBER='1' AIRFLOW_CTX_DAG_RUN_ID='manual__2026-04-19T12:39:18.477252+00:00'
[2026-04-19T21:39:19.146+0900] {taskinstance.py:430} INFO - ::endgroup::
[2026-04-19T21:39:19.190+0900] {base.py:84} INFO - Using connection ID 'mysql_reviews' for task execution.
[2026-04-19T21:39:19.231+0900] {review_sentiment_pipeline.py:80} INFO - Extracted 0 pending reviews
[2026-04-19T21:39:19.232+0900] {python.py:237} INFO - Done. Returned value was: []
[2026-04-19T21:39:19.232+0900] {taskinstance.py:441} INFO - ::group::Post task execution logs
[2026-04-19T21:39:19.250+0900] {taskinstance.py:1206} INFO - Marking task as SUCCESS. dag_id=review_sentiment_pipeline, task_id=extract_pending_reviews, run_id=manual__2026-04-19T12:39:18.477252+00:00, execution_date=20260419T123918, start_date=20260419T123919, end_date=20260419T123919
[2026-04-19T21:39:19.260+0900] {local_task_job_runner.py:243} INFO - Task exited with return code 0
[2026-04-19T21:39:19.282+0900] {taskinstance.py:3503} INFO - 1 downstream tasks scheduled from follow-on schedule check
[2026-04-19T21:39:19.284+0900] {local_task_job_runner.py:222} INFO - ::endgroup::
