[2026-04-19T22:07:07.735+0900] {local_task_job_runner.py:120} INFO - ::group::Pre task execution logs
[2026-04-19T22:07:07.778+0900] {taskinstance.py:2076} INFO - Dependencies all met for dep_context=non-requeueable deps ti=<TaskInstance: review_sentiment_pipeline_v2.extract_pending_reviews scheduled__2026-04-18T00:00:00+00:00 [queued]>
[2026-04-19T22:07:07.785+0900] {taskinstance.py:2076} INFO - Dependencies all met for dep_context=requeueable deps ti=<TaskInstance: review_sentiment_pipeline_v2.extract_pending_reviews scheduled__2026-04-18T00:00:00+00:00 [queued]>
[2026-04-19T22:07:07.786+0900] {taskinstance.py:2306} INFO - Starting attempt 1 of 2
[2026-04-19T22:07:07.805+0900] {taskinstance.py:2330} INFO - Executing <Task(PythonOperator): extract_pending_reviews> on 2026-04-18 00:00:00+00:00
[2026-04-19T22:07:07.814+0900] {standard_task_runner.py:90} INFO - Running: ['***', 'tasks', 'run', 'review_sentiment_pipeline_v2', 'extract_pending_reviews', 'scheduled__2026-04-18T00:00:00+00:00', '--job-id', '7', '--raw', '--subdir', 'DAGS_FOLDER/review_sentiment_pipeline_v2.py', '--cfg-path', '/tmp/tmpwaxu_l1j']
[2026-04-19T22:07:07.818+0900] {standard_task_runner.py:91} INFO - Job 7: Subtask extract_pending_reviews
[2026-04-19T22:07:07.818+0900] {logging_mixin.py:188} WARNING - /home/***/.local/lib/python3.12/site-packages/***/task/task_runner/standard_task_runner.py:62 DeprecationWarning: This process (pid=632) is multi-threaded, use of fork() may lead to deadlocks in the child.
[2026-04-19T22:07:07.819+0900] {standard_task_runner.py:64} INFO - Started process 633 to run task
[2026-04-19T22:07:07.867+0900] {task_command.py:426} INFO - Running <TaskInstance: review_sentiment_pipeline_v2.extract_pending_reviews scheduled__2026-04-18T00:00:00+00:00 [running]> on host e9154cda290f
[2026-04-19T22:07:07.933+0900] {taskinstance.py:2648} INFO - Exporting env vars: AIRFLOW_CTX_DAG_OWNER='data-team' AIRFLOW_CTX_DAG_ID='review_sentiment_pipeline_v2' AIRFLOW_CTX_TASK_ID='extract_pending_reviews' AIRFLOW_CTX_EXECUTION_DATE='2026-04-18T00:00:00+00:00' AIRFLOW_CTX_TRY_NUMBER='1' AIRFLOW_CTX_DAG_RUN_ID='scheduled__2026-04-18T00:00:00+00:00'
[2026-04-19T22:07:07.933+0900] {taskinstance.py:430} INFO - ::endgroup::
[2026-04-19T22:07:07.966+0900] {base.py:84} INFO - Using connection ID 'mysql_reviews' for task execution.
[2026-04-19T22:07:07.978+0900] {review_sentiment_pipeline_v2.py:101} INFO - Extracted 0 pending reviews (repaired 0 mojibake rows)
[2026-04-19T22:07:07.979+0900] {python.py:237} INFO - Done. Returned value was: []
[2026-04-19T22:07:07.979+0900] {taskinstance.py:441} INFO - ::group::Post task execution logs
[2026-04-19T22:07:07.996+0900] {taskinstance.py:1206} INFO - Marking task as SUCCESS. dag_id=review_sentiment_pipeline_v2, task_id=extract_pending_reviews, run_id=scheduled__2026-04-18T00:00:00+00:00, execution_date=20260418T000000, start_date=20260419T130707, end_date=20260419T130707
[2026-04-19T22:07:08.042+0900] {local_task_job_runner.py:243} INFO - Task exited with return code 0
[2026-04-19T22:07:08.061+0900] {taskinstance.py:3503} INFO - 1 downstream tasks scheduled from follow-on schedule check
[2026-04-19T22:07:08.062+0900] {local_task_job_runner.py:222} INFO - ::endgroup::
[2026-04-19T22:17:55.416+0900] {local_task_job_runner.py:120} INFO - ::group::Pre task execution logs
[2026-04-19T22:17:55.448+0900] {taskinstance.py:2076} INFO - Dependencies all met for dep_context=non-requeueable deps ti=<TaskInstance: review_sentiment_pipeline_v2.extract_pending_reviews scheduled__2026-04-18T00:00:00+00:00 [queued]>
[2026-04-19T22:17:55.453+0900] {taskinstance.py:2076} INFO - Dependencies all met for dep_context=requeueable deps ti=<TaskInstance: review_sentiment_pipeline_v2.extract_pending_reviews scheduled__2026-04-18T00:00:00+00:00 [queued]>
[2026-04-19T22:17:55.454+0900] {taskinstance.py:2306} INFO - Starting attempt 1 of 2
[2026-04-19T22:17:55.462+0900] {taskinstance.py:2330} INFO - Executing <Task(PythonOperator): extract_pending_reviews> on 2026-04-18 00:00:00+00:00
[2026-04-19T22:17:55.467+0900] {standard_task_runner.py:90} INFO - Running: ['***', 'tasks', 'run', 'review_sentiment_pipeline_v2', 'extract_pending_reviews', 'scheduled__2026-04-18T00:00:00+00:00', '--job-id', '2', '--raw', '--subdir', 'DAGS_FOLDER/review_sentiment_pipeline_v2.py', '--cfg-path', '/tmp/tmp8es8kq4t']
[2026-04-19T22:17:55.470+0900] {logging_mixin.py:188} WARNING - /home/***/.local/lib/python3.12/site-packages/***/task/task_runner/standard_task_runner.py:62 DeprecationWarning: This process (pid=228) is multi-threaded, use of fork() may lead to deadlocks in the child.
[2026-04-19T22:17:55.470+0900] {standard_task_runner.py:64} INFO - Started process 229 to run task
[2026-04-19T22:17:55.470+0900] {standard_task_runner.py:91} INFO - Job 2: Subtask extract_pending_reviews
[2026-04-19T22:17:55.505+0900] {task_command.py:426} INFO - Running <TaskInstance: review_sentiment_pipeline_v2.extract_pending_reviews scheduled__2026-04-18T00:00:00+00:00 [running]> on host 75b64548869f
[2026-04-19T22:17:55.561+0900] {taskinstance.py:2648} INFO - Exporting env vars: AIRFLOW_CTX_DAG_OWNER='data-team' AIRFLOW_CTX_DAG_ID='review_sentiment_pipeline_v2' AIRFLOW_CTX_TASK_ID='extract_pending_reviews' AIRFLOW_CTX_EXECUTION_DATE='2026-04-18T00:00:00+00:00' AIRFLOW_CTX_TRY_NUMBER='1' AIRFLOW_CTX_DAG_RUN_ID='scheduled__2026-04-18T00:00:00+00:00'
[2026-04-19T22:17:55.562+0900] {taskinstance.py:430} INFO - ::endgroup::
[2026-04-19T22:17:55.595+0900] {taskinstance.py:441} INFO - ::group::Post task execution logs
[2026-04-19T22:17:55.602+0900] {taskinstance.py:2905} ERROR - Task failed with exception
Traceback (most recent call last):
  File "/home/airflow/.local/lib/python3.12/site-packages/airflow/models/taskinstance.py", line 465, in _execute_task
    result = _execute_callable(context=context, **execute_callable_kwargs)
             ^^^^^^^^^^^^^^^^^^^^^^^^^^^^^^^^^^^^^^^^^^^^^^^^^^^^^^^^^^^^^
  File "/home/airflow/.local/lib/python3.12/site-packages/airflow/models/taskinstance.py", line 432, in _execute_callable
    return execute_callable(context=context, **execute_callable_kwargs)
           ^^^^^^^^^^^^^^^^^^^^^^^^^^^^^^^^^^^^^^^^^^^^^^^^^^^^^^^^^^^^
  File "/home/airflow/.local/lib/python3.12/site-packages/airflow/models/baseoperator.py", line 401, in wrapper
    return func(self, *args, **kwargs)
           ^^^^^^^^^^^^^^^^^^^^^^^^^^^
  File "/home/airflow/.local/lib/python3.12/site-packages/airflow/operators/python.py", line 235, in execute
    return_value = self.execute_callable()
                   ^^^^^^^^^^^^^^^^^^^^^^^
  File "/home/airflow/.local/lib/python3.12/site-packages/airflow/operators/python.py", line 252, in execute_callable
    return self.python_callable(*self.op_args, **self.op_kwargs)
           ^^^^^^^^^^^^^^^^^^^^^^^^^^^^^^^^^^^^^^^^^^^^^^^^^^^^^
  File "/opt/airflow/dags/review_sentiment_pipeline_v2.py", line 72, in extract_pending_reviews
    conn = hook.get_conn()
           ^^^^^^^^^^^^^^^
  File "/home/airflow/.local/lib/python3.12/site-packages/airflow/providers/mysql/hooks/mysql.py", line 188, in get_conn
    conn = self.connection or self.get_connection(getattr(self, self.conn_name_attr))
                              ^^^^^^^^^^^^^^^^^^^^^^^^^^^^^^^^^^^^^^^^^^^^^^^^^^^^^^^
  File "/home/airflow/.local/lib/python3.12/site-packages/airflow/hooks/base.py", line 83, in get_connection
    conn = Connection.get_connection_from_secrets(conn_id)
           ^^^^^^^^^^^^^^^^^^^^^^^^^^^^^^^^^^^^^^^^^^^^^^^
  File "/home/airflow/.local/lib/python3.12/site-packages/airflow/models/connection.py", line 519, in get_connection_from_secrets
    raise AirflowNotFoundException(f"The conn_id `{conn_id}` isn't defined")
airflow.exceptions.AirflowNotFoundException: The conn_id `mysql_reviews` isn't defined
[2026-04-19T22:17:55.606+0900] {taskinstance.py:1206} INFO - Marking task as UP_FOR_RETRY. dag_id=review_sentiment_pipeline_v2, task_id=extract_pending_reviews, run_id=scheduled__2026-04-18T00:00:00+00:00, execution_date=20260418T000000, start_date=20260419T131755, end_date=20260419T131755
[2026-04-19T22:17:55.613+0900] {standard_task_runner.py:110} ERROR - Failed to execute job 2 for task extract_pending_reviews (The conn_id `mysql_reviews` isn't defined; 229)
[2026-04-19T22:17:55.653+0900] {local_task_job_runner.py:243} INFO - Task exited with return code 1
[2026-04-19T22:17:55.667+0900] {taskinstance.py:3503} INFO - 0 downstream tasks scheduled from follow-on schedule check
[2026-04-19T22:17:55.668+0900] {local_task_job_runner.py:222} INFO - ::endgroup::
