[2026-04-19T22:19:29.288+0900] {local_task_job_runner.py:120} INFO - ::group::Pre task execution logs
[2026-04-19T22:19:29.314+0900] {taskinstance.py:2076} INFO - Dependencies all met for dep_context=non-requeueable deps ti=<TaskInstance: review_sentiment_pipeline_v2.load_analyzed_reviews manual__2026-04-19T13:19:18.340745+00:00 [queued]>
[2026-04-19T22:19:29.319+0900] {taskinstance.py:2076} INFO - Dependencies all met for dep_context=requeueable deps ti=<TaskInstance: review_sentiment_pipeline_v2.load_analyzed_reviews manual__2026-04-19T13:19:18.340745+00:00 [queued]>
[2026-04-19T22:19:29.319+0900] {taskinstance.py:2306} INFO - Starting attempt 1 of 2
[2026-04-19T22:19:29.326+0900] {taskinstance.py:2330} INFO - Executing <Task(PythonOperator): load_analyzed_reviews> on 2026-04-19 13:19:18.340745+00:00
[2026-04-19T22:19:29.333+0900] {logging_mixin.py:188} WARNING - /home/***/.local/lib/python3.12/site-packages/***/task/task_runner/standard_task_runner.py:62 DeprecationWarning: This process (pid=288) is multi-threaded, use of fork() may lead to deadlocks in the child.
[2026-04-19T22:19:29.331+0900] {standard_task_runner.py:90} INFO - Running: ['***', 'tasks', 'run', 'review_sentiment_pipeline_v2', 'load_analyzed_reviews', 'manual__2026-04-19T13:19:18.340745+00:00', '--job-id', '8', '--raw', '--subdir', 'DAGS_FOLDER/review_sentiment_pipeline_v2.py', '--cfg-path', '/tmp/tmp4wyc146u']
[2026-04-19T22:19:29.333+0900] {standard_task_runner.py:91} INFO - Job 8: Subtask load_analyzed_reviews
[2026-04-19T22:19:29.333+0900] {standard_task_runner.py:64} INFO - Started process 289 to run task
[2026-04-19T22:19:29.366+0900] {task_command.py:426} INFO - Running <TaskInstance: review_sentiment_pipeline_v2.load_analyzed_reviews manual__2026-04-19T13:19:18.340745+00:00 [running]> on host 75b64548869f
[2026-04-19T22:19:29.438+0900] {taskinstance.py:2648} INFO - Exporting env vars: AIRFLOW_CTX_DAG_OWNER='data-team' AIRFLOW_CTX_DAG_ID='review_sentiment_pipeline_v2' AIRFLOW_CTX_TASK_ID='load_analyzed_reviews' AIRFLOW_CTX_EXECUTION_DATE='2026-04-19T13:19:18.340745+00:00' AIRFLOW_CTX_TRY_NUMBER='1' AIRFLOW_CTX_DAG_RUN_ID='manual__2026-04-19T13:19:18.340745+00:00'
[2026-04-19T22:19:29.439+0900] {taskinstance.py:430} INFO - ::endgroup::
[2026-04-19T22:19:29.497+0900] {base.py:84} INFO - Using connection ID 'mysql_reviews' for task execution.
[2026-04-19T22:19:29.511+0900] {review_sentiment_pipeline_v2.py:220} INFO - Updated 0 reviews
[2026-04-19T22:19:29.512+0900] {python.py:237} INFO - Done. Returned value was: 0
[2026-04-19T22:19:29.512+0900] {taskinstance.py:441} INFO - ::group::Post task execution logs
[2026-04-19T22:19:29.529+0900] {taskinstance.py:1206} INFO - Marking task as SUCCESS. dag_id=review_sentiment_pipeline_v2, task_id=load_analyzed_reviews, run_id=manual__2026-04-19T13:19:18.340745+00:00, execution_date=20260419T131918, start_date=20260419T131929, end_date=20260419T131929
[2026-04-19T22:19:29.555+0900] {local_task_job_runner.py:243} INFO - Task exited with return code 0
[2026-04-19T22:19:29.568+0900] {taskinstance.py:3503} INFO - 0 downstream tasks scheduled from follow-on schedule check
[2026-04-19T22:19:29.569+0900] {local_task_job_runner.py:222} INFO - ::endgroup::
