[2026-04-19T21:54:44.755+0900] {local_task_job_runner.py:120} INFO - ::group::Pre task execution logs
[2026-04-19T21:54:44.783+0900] {taskinstance.py:2076} INFO - Dependencies all met for dep_context=non-requeueable deps ti=<TaskInstance: review_sentiment_pipeline.load_analyzed_reviews manual__2026-04-19T12:54:34.360411+00:00 [queued]>
[2026-04-19T21:54:44.791+0900] {taskinstance.py:2076} INFO - Dependencies all met for dep_context=requeueable deps ti=<TaskInstance: review_sentiment_pipeline.load_analyzed_reviews manual__2026-04-19T12:54:34.360411+00:00 [queued]>
[2026-04-19T21:54:44.792+0900] {taskinstance.py:2306} INFO - Starting attempt 1 of 2
[2026-04-19T21:54:44.803+0900] {taskinstance.py:2330} INFO - Executing <Task(PythonOperator): load_analyzed_reviews> on 2026-04-19 12:54:34.360411+00:00
[2026-04-19T21:54:44.807+0900] {standard_task_runner.py:90} INFO - Running: ['***', 'tasks', 'run', 'review_sentiment_pipeline', 'load_analyzed_reviews', 'manual__2026-04-19T12:54:34.360411+00:00', '--job-id', '6', '--raw', '--subdir', 'DAGS_FOLDER/review_sentiment_pipeline.py', '--cfg-path', '/tmp/tmpwobmdc4o']
[2026-04-19T21:54:44.810+0900] {standard_task_runner.py:91} INFO - Job 6: Subtask load_analyzed_reviews
[2026-04-19T21:54:44.809+0900] {logging_mixin.py:188} WARNING - /home/***/.local/lib/python3.12/site-packages/***/task/task_runner/standard_task_runner.py:62 DeprecationWarning: This process (pid=335) is multi-threaded, use of fork() may lead to deadlocks in the child.
[2026-04-19T21:54:44.810+0900] {standard_task_runner.py:64} INFO - Started process 336 to run task
[2026-04-19T21:54:44.851+0900] {task_command.py:426} INFO - Running <TaskInstance: review_sentiment_pipeline.load_analyzed_reviews manual__2026-04-19T12:54:34.360411+00:00 [running]> on host e9154cda290f
[2026-04-19T21:54:44.909+0900] {taskinstance.py:2648} INFO - Exporting env vars: AIRFLOW_CTX_DAG_OWNER='data-team' AIRFLOW_CTX_DAG_ID='review_sentiment_pipeline' AIRFLOW_CTX_TASK_ID='load_analyzed_reviews' AIRFLOW_CTX_EXECUTION_DATE='2026-04-19T12:54:34.360411+00:00' AIRFLOW_CTX_TRY_NUMBER='1' AIRFLOW_CTX_DAG_RUN_ID='manual__2026-04-19T12:54:34.360411+00:00'
[2026-04-19T21:54:44.910+0900] {taskinstance.py:430} INFO - ::endgroup::
[2026-04-19T21:54:44.947+0900] {base.py:84} INFO - Using connection ID 'mysql_reviews' for task execution.
[2026-04-19T21:54:44.974+0900] {review_sentiment_pipeline.py:163} INFO - Updated 20 reviews
[2026-04-19T21:54:44.975+0900] {python.py:237} INFO - Done. Returned value was: 20
[2026-04-19T21:54:44.975+0900] {taskinstance.py:441} INFO - ::group::Post task execution logs
[2026-04-19T21:54:44.992+0900] {taskinstance.py:1206} INFO - Marking task as SUCCESS. dag_id=review_sentiment_pipeline, task_id=load_analyzed_reviews, run_id=manual__2026-04-19T12:54:34.360411+00:00, execution_date=20260419T125434, start_date=20260419T125444, end_date=20260419T125444
[2026-04-19T21:54:45.034+0900] {local_task_job_runner.py:243} INFO - Task exited with return code 0
[2026-04-19T21:54:45.045+0900] {taskinstance.py:3503} INFO - 0 downstream tasks scheduled from follow-on schedule check
[2026-04-19T21:54:45.046+0900] {local_task_job_runner.py:222} INFO - ::endgroup::
