[2026-04-19T17:25:16.718+0900] {local_task_job_runner.py:120} INFO - ::group::Pre task execution logs
[2026-04-19T17:25:16.741+0900] {taskinstance.py:2076} INFO - Dependencies all met for dep_context=non-requeueable deps ti=<TaskInstance: review_sentiment_pipeline.call_review_api manual__2026-04-19T08:22:34.326627+00:00 [queued]>
[2026-04-19T17:25:16.744+0900] {taskinstance.py:2076} INFO - Dependencies all met for dep_context=requeueable deps ti=<TaskInstance: review_sentiment_pipeline.call_review_api manual__2026-04-19T08:22:34.326627+00:00 [queued]>
[2026-04-19T17:25:16.745+0900] {taskinstance.py:2306} INFO - Starting attempt 2 of 2
[2026-04-19T17:25:16.751+0900] {taskinstance.py:2330} INFO - Executing <Task(PythonOperator): call_review_api> on 2026-04-19 08:22:34.326627+00:00
[2026-04-19T17:25:16.759+0900] {standard_task_runner.py:90} INFO - Running: ['***', 'tasks', 'run', 'review_sentiment_pipeline', 'call_review_api', 'manual__2026-04-19T08:22:34.326627+00:00', '--job-id', '60', '--raw', '--subdir', 'DAGS_FOLDER/review_sentiment_pipeline.py', '--cfg-path', '/tmp/tmpegmmetod']
[2026-04-19T17:25:16.762+0900] {standard_task_runner.py:91} INFO - Job 60: Subtask call_review_api
[2026-04-19T17:25:16.764+0900] {logging_mixin.py:188} WARNING - /home/***/.local/lib/python3.12/site-packages/***/task/task_runner/standard_task_runner.py:62 DeprecationWarning: This process (pid=342) is multi-threaded, use of fork() may lead to deadlocks in the child.
[2026-04-19T17:25:16.765+0900] {standard_task_runner.py:64} INFO - Started process 343 to run task
[2026-04-19T17:25:16.802+0900] {task_command.py:426} INFO - Running <TaskInstance: review_sentiment_pipeline.call_review_api manual__2026-04-19T08:22:34.326627+00:00 [running]> on host 6326c66d80ba
[2026-04-19T17:25:16.852+0900] {taskinstance.py:2648} INFO - Exporting env vars: AIRFLOW_CTX_DAG_OWNER='data-team' AIRFLOW_CTX_DAG_ID='review_sentiment_pipeline' AIRFLOW_CTX_TASK_ID='call_review_api' AIRFLOW_CTX_EXECUTION_DATE='2026-04-19T08:22:34.326627+00:00' AIRFLOW_CTX_TRY_NUMBER='2' AIRFLOW_CTX_DAG_RUN_ID='manual__2026-04-19T08:22:34.326627+00:00'
[2026-04-19T17:25:16.853+0900] {taskinstance.py:430} INFO - ::endgroup::
[2026-04-19T17:25:16.871+0900] {review_sentiment_pipeline.py:101} INFO - POST http://ai-api-server:8000/analyze_reviews chunk 1/20 (1 reviews)
[2026-04-19T17:25:39.769+0900] {review_sentiment_pipeline.py:116} INFO - Chunk 1 done: got 1 rows (total 1)
[2026-04-19T17:25:42.775+0900] {review_sentiment_pipeline.py:101} INFO - POST http://ai-api-server:8000/analyze_reviews chunk 2/20 (1 reviews)
[2026-04-19T17:25:53.657+0900] {review_sentiment_pipeline.py:116} INFO - Chunk 2 done: got 1 rows (total 2)
[2026-04-19T17:25:56.669+0900] {review_sentiment_pipeline.py:101} INFO - POST http://ai-api-server:8000/analyze_reviews chunk 3/20 (1 reviews)
[2026-04-19T17:26:01.978+0900] {review_sentiment_pipeline.py:116} INFO - Chunk 3 done: got 1 rows (total 3)
[2026-04-19T17:26:04.981+0900] {review_sentiment_pipeline.py:101} INFO - POST http://ai-api-server:8000/analyze_reviews chunk 4/20 (1 reviews)
[2026-04-19T17:26:14.823+0900] {review_sentiment_pipeline.py:116} INFO - Chunk 4 done: got 1 rows (total 4)
[2026-04-19T17:26:17.828+0900] {review_sentiment_pipeline.py:101} INFO - POST http://ai-api-server:8000/analyze_reviews chunk 5/20 (1 reviews)
[2026-04-19T17:27:25.689+0900] {review_sentiment_pipeline.py:116} INFO - Chunk 5 done: got 1 rows (total 5)
[2026-04-19T17:27:28.692+0900] {review_sentiment_pipeline.py:101} INFO - POST http://ai-api-server:8000/analyze_reviews chunk 6/20 (1 reviews)
[2026-04-19T17:27:46.800+0900] {review_sentiment_pipeline.py:116} INFO - Chunk 6 done: got 1 rows (total 6)
[2026-04-19T17:27:49.804+0900] {review_sentiment_pipeline.py:101} INFO - POST http://ai-api-server:8000/analyze_reviews chunk 7/20 (1 reviews)
[2026-04-19T17:28:13.043+0900] {review_sentiment_pipeline.py:116} INFO - Chunk 7 done: got 1 rows (total 7)
[2026-04-19T17:28:16.048+0900] {review_sentiment_pipeline.py:101} INFO - POST http://ai-api-server:8000/analyze_reviews chunk 8/20 (1 reviews)
[2026-04-19T17:28:22.873+0900] {review_sentiment_pipeline.py:116} INFO - Chunk 8 done: got 1 rows (total 8)
[2026-04-19T17:28:25.875+0900] {review_sentiment_pipeline.py:101} INFO - POST http://ai-api-server:8000/analyze_reviews chunk 9/20 (1 reviews)
[2026-04-19T17:28:33.243+0900] {review_sentiment_pipeline.py:116} INFO - Chunk 9 done: got 1 rows (total 9)
[2026-04-19T17:28:36.245+0900] {review_sentiment_pipeline.py:101} INFO - POST http://ai-api-server:8000/analyze_reviews chunk 10/20 (1 reviews)
[2026-04-19T17:28:57.743+0900] {review_sentiment_pipeline.py:116} INFO - Chunk 10 done: got 1 rows (total 10)
[2026-04-19T17:29:00.749+0900] {review_sentiment_pipeline.py:101} INFO - POST http://ai-api-server:8000/analyze_reviews chunk 11/20 (1 reviews)
[2026-04-19T17:29:07.652+0900] {review_sentiment_pipeline.py:116} INFO - Chunk 11 done: got 1 rows (total 11)
[2026-04-19T17:29:10.660+0900] {review_sentiment_pipeline.py:101} INFO - POST http://ai-api-server:8000/analyze_reviews chunk 12/20 (1 reviews)
[2026-04-19T17:29:21.630+0900] {review_sentiment_pipeline.py:116} INFO - Chunk 12 done: got 1 rows (total 12)
[2026-04-19T17:29:24.631+0900] {review_sentiment_pipeline.py:101} INFO - POST http://ai-api-server:8000/analyze_reviews chunk 13/20 (1 reviews)
[2026-04-19T17:29:32.899+0900] {review_sentiment_pipeline.py:116} INFO - Chunk 13 done: got 1 rows (total 13)
[2026-04-19T17:29:35.901+0900] {review_sentiment_pipeline.py:101} INFO - POST http://ai-api-server:8000/analyze_reviews chunk 14/20 (1 reviews)
[2026-04-19T17:30:30.460+0900] {review_sentiment_pipeline.py:116} INFO - Chunk 14 done: got 1 rows (total 14)
[2026-04-19T17:30:33.464+0900] {review_sentiment_pipeline.py:101} INFO - POST http://ai-api-server:8000/analyze_reviews chunk 15/20 (1 reviews)
[2026-04-19T17:30:41.536+0900] {review_sentiment_pipeline.py:116} INFO - Chunk 15 done: got 1 rows (total 15)
[2026-04-19T17:30:44.545+0900] {review_sentiment_pipeline.py:101} INFO - POST http://ai-api-server:8000/analyze_reviews chunk 16/20 (1 reviews)
[2026-04-19T17:30:51.540+0900] {review_sentiment_pipeline.py:116} INFO - Chunk 16 done: got 1 rows (total 16)
[2026-04-19T17:30:54.542+0900] {review_sentiment_pipeline.py:101} INFO - POST http://ai-api-server:8000/analyze_reviews chunk 17/20 (1 reviews)
[2026-04-19T17:31:53.836+0900] {review_sentiment_pipeline.py:116} INFO - Chunk 17 done: got 1 rows (total 17)
[2026-04-19T17:31:56.847+0900] {review_sentiment_pipeline.py:101} INFO - POST http://ai-api-server:8000/analyze_reviews chunk 18/20 (1 reviews)
[2026-04-19T17:32:09.342+0900] {review_sentiment_pipeline.py:116} INFO - Chunk 18 done: got 1 rows (total 18)
[2026-04-19T17:32:12.346+0900] {review_sentiment_pipeline.py:101} INFO - POST http://ai-api-server:8000/analyze_reviews chunk 19/20 (1 reviews)
[2026-04-19T17:32:20.107+0900] {review_sentiment_pipeline.py:116} INFO - Chunk 19 done: got 1 rows (total 19)
[2026-04-19T17:32:23.111+0900] {review_sentiment_pipeline.py:101} INFO - POST http://ai-api-server:8000/analyze_reviews chunk 20/20 (1 reviews)
[2026-04-19T17:32:29.344+0900] {review_sentiment_pipeline.py:116} INFO - Chunk 20 done: got 1 rows (total 20)
[2026-04-19T17:32:29.345+0900] {review_sentiment_pipeline.py:123} INFO - Received 20 analyzed results
[2026-04-19T17:32:29.346+0900] {python.py:237} INFO - Done. Returned value was: [{'review_id': 1, 'sentiment': 'positive', 'keywords': ['배송', '포장', '만족']}, {'review_id': 2, 'sentiment': 'negative', 'keywords': ['품질', '마감', '아쉬움']}, {'review_id': 3, 'sentiment': 'positive', 'keywords': ['가격', '성능', '재구매']}, {'review_id': 4, 'sentiment': 'positive', 'keywords': ['화면', '색감', '배터리']}, {'review_id': 5, 'sentiment': 'negative', 'keywords': ['설명서', '설치', '시간']}, {'review_id': 6, 'sentiment': 'positive', 'keywords': ['사이즈', '착용감', '편안']}, {'review_id': 7, 'sentiment': 'negative', 'keywords': ['소음', '밤', '어렵다']}, {'review_id': 8, 'sentiment': 'positive', 'keywords': ['고객센터', '응답', '문제 해결']}, {'review_id': 9, 'sentiment': 'negative', 'keywords': ['고장', '일주일', '처음']}, {'review_id': 10, 'sentiment': 'positive', 'keywords': ['디자인', '기능', '직관적']}, {'review_id': 11, 'sentiment': 'negative', 'keywords': ['배송 지연', '선물 일정']}, {'review_id': 12, 'sentiment': 'negative', 'keywords': ['성능', '기대', '무난']}, {'review_id': 13, 'sentiment': 'positive', 'keywords': ['재질', '튼튼함', '오염방지']}, {'review_id': 14, 'sentiment': 'negative', 'keywords': ['앱 연동', '끊겨서', '사용성']}, {'review_id': 15, 'sentiment': 'positive', 'keywords': ['친절한 안내', '설치', '쉽게']}, {'review_id': 16, 'sentiment': 'negative', 'keywords': ['색상', '사진', '실망']}, {'review_id': 17, 'sentiment': 'positive', 'keywords': ['배송', '제품', '만족']}, {'review_id': 18, 'sentiment': 'negative', 'keywords': ['버튼', '인터페이스', '불편']}, {'review_id': 19, 'sentiment': 'positive', 'keywords': ['가격', '품질', '좋다']}, {'review_id': 20, 'sentiment': 'negative', 'keywords': ['교환 처리', '복잡', '불편']}]
[2026-04-19T17:32:29.348+0900] {taskinstance.py:441} INFO - ::group::Post task execution logs
[2026-04-19T17:32:29.384+0900] {taskinstance.py:1206} INFO - Marking task as SUCCESS. dag_id=review_sentiment_pipeline, task_id=call_review_api, run_id=manual__2026-04-19T08:22:34.326627+00:00, execution_date=20260419T082234, start_date=20260419T082516, end_date=20260419T083229
[2026-04-19T17:32:29.422+0900] {local_task_job_runner.py:243} INFO - Task exited with return code 0
[2026-04-19T17:32:29.439+0900] {taskinstance.py:3503} INFO - 1 downstream tasks scheduled from follow-on schedule check
[2026-04-19T17:32:29.440+0900] {local_task_job_runner.py:222} INFO - ::endgroup::
