[2026-04-19T16:51:36.548+0900] {local_task_job_runner.py:120} INFO - ::group::Pre task execution logs
[2026-04-19T16:51:36.567+0900] {taskinstance.py:2076} INFO - Dependencies all met for dep_context=non-requeueable deps ti=<TaskInstance: review_sentiment_pipeline.call_review_api manual__2026-04-19T07:51:35.022636+00:00 [queued]>
[2026-04-19T16:51:36.571+0900] {taskinstance.py:2076} INFO - Dependencies all met for dep_context=requeueable deps ti=<TaskInstance: review_sentiment_pipeline.call_review_api manual__2026-04-19T07:51:35.022636+00:00 [queued]>
[2026-04-19T16:51:36.572+0900] {taskinstance.py:2306} INFO - Starting attempt 1 of 2
[2026-04-19T16:51:36.579+0900] {taskinstance.py:2330} INFO - Executing <Task(PythonOperator): call_review_api> on 2026-04-19 07:51:35.022636+00:00
[2026-04-19T16:51:36.584+0900] {logging_mixin.py:188} WARNING - /home/***/.local/lib/python3.12/site-packages/***/task/task_runner/standard_task_runner.py:62 DeprecationWarning: This process (pid=357) is multi-threaded, use of fork() may lead to deadlocks in the child.
[2026-04-19T16:51:36.583+0900] {standard_task_runner.py:90} INFO - Running: ['***', 'tasks', 'run', 'review_sentiment_pipeline', 'call_review_api', 'manual__2026-04-19T07:51:35.022636+00:00', '--job-id', '49', '--raw', '--subdir', 'DAGS_FOLDER/review_sentiment_pipeline.py', '--cfg-path', '/tmp/tmppxpbukib']
[2026-04-19T16:51:36.585+0900] {standard_task_runner.py:91} INFO - Job 49: Subtask call_review_api
[2026-04-19T16:51:36.585+0900] {standard_task_runner.py:64} INFO - Started process 358 to run task
[2026-04-19T16:51:36.617+0900] {task_command.py:426} INFO - Running <TaskInstance: review_sentiment_pipeline.call_review_api manual__2026-04-19T07:51:35.022636+00:00 [running]> on host 14d8dd78b261
[2026-04-19T16:51:36.662+0900] {taskinstance.py:2648} INFO - Exporting env vars: AIRFLOW_CTX_DAG_OWNER='data-team' AIRFLOW_CTX_DAG_ID='review_sentiment_pipeline' AIRFLOW_CTX_TASK_ID='call_review_api' AIRFLOW_CTX_EXECUTION_DATE='2026-04-19T07:51:35.022636+00:00' AIRFLOW_CTX_TRY_NUMBER='1' AIRFLOW_CTX_DAG_RUN_ID='manual__2026-04-19T07:51:35.022636+00:00'
[2026-04-19T16:51:36.663+0900] {taskinstance.py:430} INFO - ::endgroup::
[2026-04-19T16:51:36.677+0900] {review_sentiment_pipeline.py:100} INFO - POST http://ai-api-server:8000/analyze_reviews chunk 1/4 (5 reviews)
[2026-04-19T16:52:18.701+0900] {review_sentiment_pipeline.py:115} INFO - Chunk 1 done: got 5 rows (total 5)
[2026-04-19T16:52:21.713+0900] {review_sentiment_pipeline.py:100} INFO - POST http://ai-api-server:8000/analyze_reviews chunk 2/4 (5 reviews)
[2026-04-19T16:53:05.651+0900] {review_sentiment_pipeline.py:115} INFO - Chunk 2 done: got 5 rows (total 10)
[2026-04-19T16:53:08.654+0900] {review_sentiment_pipeline.py:100} INFO - POST http://ai-api-server:8000/analyze_reviews chunk 3/4 (5 reviews)
[2026-04-19T16:53:49.725+0900] {review_sentiment_pipeline.py:105} ERROR - API HTTP 500 — response body (truncated): Internal Server Error
[2026-04-19T16:53:49.727+0900] {taskinstance.py:441} INFO - ::group::Post task execution logs
[2026-04-19T16:53:49.728+0900] {taskinstance.py:2905} ERROR - Task failed with exception
Traceback (most recent call last):
  File "/opt/airflow/dags/review_sentiment_pipeline.py", line 110, in call_review_api
    response.raise_for_status()
  File "/home/airflow/.local/lib/python3.12/site-packages/requests/models.py", line 1024, in raise_for_status
    raise HTTPError(http_error_msg, response=self)
requests.exceptions.HTTPError: 500 Server Error: Internal Server Error for url: http://ai-api-server:8000/analyze_reviews

The above exception was the direct cause of the following exception:

Traceback (most recent call last):
  File "/home/airflow/.local/lib/python3.12/site-packages/airflow/models/taskinstance.py", line 465, in _execute_task
    result = _execute_callable(context=context, **execute_callable_kwargs)
             ^^^^^^^^^^^^^^^^^^^^^^^^^^^^^^^^^^^^^^^^^^^^^^^^^^^^^^^^^^^^^
  File "/home/airflow/.local/lib/python3.12/site-packages/airflow/models/taskinstance.py", line 432, in _execute_callable
    return execute_callable(context=context, **execute_callable_kwargs)
           ^^^^^^^^^^^^^^^^^^^^^^^^^^^^^^^^^^^^^^^^^^^^^^^^^^^^^^^^^^^^
  File "/home/airflow/.local/lib/python3.12/site-packages/airflow/models/baseoperator.py", line 401, in wrapper
    return func(self, *args, **kwargs)
           ^^^^^^^^^^^^^^^^^^^^^^^^^^^
  File "/home/airflow/.local/lib/python3.12/site-packages/airflow/operators/python.py", line 235, in execute
    return_value = self.execute_callable()
                   ^^^^^^^^^^^^^^^^^^^^^^^
  File "/home/airflow/.local/lib/python3.12/site-packages/airflow/operators/python.py", line 252, in execute_callable
    return self.python_callable(*self.op_args, **self.op_kwargs)
           ^^^^^^^^^^^^^^^^^^^^^^^^^^^^^^^^^^^^^^^^^^^^^^^^^^^^^
  File "/opt/airflow/dags/review_sentiment_pipeline.py", line 117, in call_review_api
    raise RuntimeError(f"Failed on API chunk {chunk_index}: {exc}") from exc
RuntimeError: Failed on API chunk 3: 500 Server Error: Internal Server Error for url: http://ai-api-server:8000/analyze_reviews
[2026-04-19T16:53:49.746+0900] {taskinstance.py:1206} INFO - Marking task as UP_FOR_RETRY. dag_id=review_sentiment_pipeline, task_id=call_review_api, run_id=manual__2026-04-19T07:51:35.022636+00:00, execution_date=20260419T075135, start_date=20260419T075136, end_date=20260419T075349
[2026-04-19T16:53:49.760+0900] {standard_task_runner.py:110} ERROR - Failed to execute job 49 for task call_review_api (Failed on API chunk 3: 500 Server Error: Internal Server Error for url: http://ai-api-server:8000/analyze_reviews; 358)
[2026-04-19T16:53:49.788+0900] {local_task_job_runner.py:243} INFO - Task exited with return code 1
[2026-04-19T16:53:49.808+0900] {taskinstance.py:3503} INFO - 0 downstream tasks scheduled from follow-on schedule check
[2026-04-19T16:53:49.808+0900] {local_task_job_runner.py:222} INFO - ::endgroup::
