[2026-04-19T22:07:08.711+0900] {local_task_job_runner.py:120} INFO - ::group::Pre task execution logs
[2026-04-19T22:07:08.734+0900] {taskinstance.py:2076} INFO - Dependencies all met for dep_context=non-requeueable deps ti=<TaskInstance: review_sentiment_pipeline_v2.call_review_api scheduled__2026-04-18T00:00:00+00:00 [queued]>
[2026-04-19T22:07:08.740+0900] {taskinstance.py:2076} INFO - Dependencies all met for dep_context=requeueable deps ti=<TaskInstance: review_sentiment_pipeline_v2.call_review_api scheduled__2026-04-18T00:00:00+00:00 [queued]>
[2026-04-19T22:07:08.740+0900] {taskinstance.py:2306} INFO - Starting attempt 1 of 2
[2026-04-19T22:07:08.749+0900] {taskinstance.py:2330} INFO - Executing <Task(PythonOperator): call_review_api> on 2026-04-18 00:00:00+00:00
[2026-04-19T22:07:08.754+0900] {standard_task_runner.py:90} INFO - Running: ['***', 'tasks', 'run', 'review_sentiment_pipeline_v2', 'call_review_api', 'scheduled__2026-04-18T00:00:00+00:00', '--job-id', '8', '--raw', '--subdir', 'DAGS_FOLDER/review_sentiment_pipeline_v2.py', '--cfg-path', '/tmp/tmpp335rni1']
[2026-04-19T22:07:08.756+0900] {standard_task_runner.py:91} INFO - Job 8: Subtask call_review_api
[2026-04-19T22:07:08.755+0900] {logging_mixin.py:188} WARNING - /home/***/.local/lib/python3.12/site-packages/***/task/task_runner/standard_task_runner.py:62 DeprecationWarning: This process (pid=634) is multi-threaded, use of fork() may lead to deadlocks in the child.
[2026-04-19T22:07:08.756+0900] {standard_task_runner.py:64} INFO - Started process 635 to run task
[2026-04-19T22:07:08.796+0900] {task_command.py:426} INFO - Running <TaskInstance: review_sentiment_pipeline_v2.call_review_api scheduled__2026-04-18T00:00:00+00:00 [running]> on host e9154cda290f
[2026-04-19T22:07:08.852+0900] {taskinstance.py:2648} INFO - Exporting env vars: AIRFLOW_CTX_DAG_OWNER='data-team' AIRFLOW_CTX_DAG_ID='review_sentiment_pipeline_v2' AIRFLOW_CTX_TASK_ID='call_review_api' AIRFLOW_CTX_EXECUTION_DATE='2026-04-18T00:00:00+00:00' AIRFLOW_CTX_TRY_NUMBER='1' AIRFLOW_CTX_DAG_RUN_ID='scheduled__2026-04-18T00:00:00+00:00'
[2026-04-19T22:07:08.853+0900] {taskinstance.py:430} INFO - ::endgroup::
[2026-04-19T22:07:08.869+0900] {review_sentiment_pipeline_v2.py:114} INFO - No pending reviews to process.
[2026-04-19T22:07:08.870+0900] {python.py:237} INFO - Done. Returned value was: []
[2026-04-19T22:07:08.870+0900] {taskinstance.py:441} INFO - ::group::Post task execution logs
[2026-04-19T22:07:08.887+0900] {taskinstance.py:1206} INFO - Marking task as SUCCESS. dag_id=review_sentiment_pipeline_v2, task_id=call_review_api, run_id=scheduled__2026-04-18T00:00:00+00:00, execution_date=20260418T000000, start_date=20260419T130708, end_date=20260419T130708
[2026-04-19T22:07:08.897+0900] {local_task_job_runner.py:243} INFO - Task exited with return code 0
[2026-04-19T22:07:08.912+0900] {taskinstance.py:3503} INFO - 1 downstream tasks scheduled from follow-on schedule check
[2026-04-19T22:07:08.913+0900] {local_task_job_runner.py:222} INFO - ::endgroup::
[2026-04-19T22:19:16.127+0900] {local_task_job_runner.py:120} INFO - ::group::Pre task execution logs
[2026-04-19T22:19:16.147+0900] {taskinstance.py:2076} INFO - Dependencies all met for dep_context=non-requeueable deps ti=<TaskInstance: review_sentiment_pipeline_v2.call_review_api scheduled__2026-04-18T00:00:00+00:00 [queued]>
[2026-04-19T22:19:16.152+0900] {taskinstance.py:2076} INFO - Dependencies all met for dep_context=requeueable deps ti=<TaskInstance: review_sentiment_pipeline_v2.call_review_api scheduled__2026-04-18T00:00:00+00:00 [queued]>
[2026-04-19T22:19:16.153+0900] {taskinstance.py:2306} INFO - Starting attempt 1 of 2
[2026-04-19T22:19:16.161+0900] {taskinstance.py:2330} INFO - Executing <Task(PythonOperator): call_review_api> on 2026-04-18 00:00:00+00:00
[2026-04-19T22:19:16.166+0900] {standard_task_runner.py:90} INFO - Running: ['***', 'tasks', 'run', 'review_sentiment_pipeline_v2', 'call_review_api', 'scheduled__2026-04-18T00:00:00+00:00', '--job-id', '4', '--raw', '--subdir', 'DAGS_FOLDER/review_sentiment_pipeline_v2.py', '--cfg-path', '/tmp/tmpyd1xm1k4']
[2026-04-19T22:19:16.168+0900] {standard_task_runner.py:91} INFO - Job 4: Subtask call_review_api
[2026-04-19T22:19:16.167+0900] {logging_mixin.py:188} WARNING - /home/***/.local/lib/python3.12/site-packages/***/task/task_runner/standard_task_runner.py:62 DeprecationWarning: This process (pid=280) is multi-threaded, use of fork() may lead to deadlocks in the child.
[2026-04-19T22:19:16.168+0900] {standard_task_runner.py:64} INFO - Started process 281 to run task
[2026-04-19T22:19:16.203+0900] {task_command.py:426} INFO - Running <TaskInstance: review_sentiment_pipeline_v2.call_review_api scheduled__2026-04-18T00:00:00+00:00 [running]> on host 75b64548869f
[2026-04-19T22:19:16.251+0900] {taskinstance.py:2648} INFO - Exporting env vars: AIRFLOW_CTX_DAG_OWNER='data-team' AIRFLOW_CTX_DAG_ID='review_sentiment_pipeline_v2' AIRFLOW_CTX_TASK_ID='call_review_api' AIRFLOW_CTX_EXECUTION_DATE='2026-04-18T00:00:00+00:00' AIRFLOW_CTX_TRY_NUMBER='1' AIRFLOW_CTX_DAG_RUN_ID='scheduled__2026-04-18T00:00:00+00:00'
[2026-04-19T22:19:16.252+0900] {taskinstance.py:430} INFO - ::endgroup::
[2026-04-19T22:19:16.268+0900] {review_sentiment_pipeline_v2.py:126} INFO - POST http://ai-api-server:8000/analyze_reviews chunk 1/1 (20 reviews)
[2026-04-19T22:19:23.503+0900] {review_sentiment_pipeline_v2.py:151} INFO - Chunk 1 done: got 20 rows (total 20)
[2026-04-19T22:19:23.504+0900] {review_sentiment_pipeline_v2.py:180} INFO - Received 20 analyzed results
[2026-04-19T22:19:23.504+0900] {python.py:237} INFO - Done. Returned value was: [{'review_id': 1, 'review_text': 'ë°°ì†¡ì\x9d´ ì\xa0•ë§\x90 ë¹¨ëž\x90ê³\xa0 í\x8f¬ìž¥ë\x8f„ ê¹”ë\x81”í•´ì„œ ë§Œì¡±í•©ë‹ˆë‹¤.', 'sentiment': 'positive', 'keywords': ['배송', '포장', '만족']}, {'review_id': 2, 'review_text': 'ìƒ\x9dê°\x81ë³´ë‹¤ í’ˆì§ˆì\x9d´ ë³„ë¡œì˜€ê³\xa0 ë§ˆê°\x90ì\x9d´ ì•„ì‰¬ì›\xa0ì–´ìš”.', 'sentiment': 'negative', 'keywords': ['품질', '마감', '별로']}, {'review_id': 3, 'review_text': 'ê°€ê²© ëŒ€ë¹„ ì„±ëŠ¥ì\x9d´ ì¢‹ì•„ì„œ ìž¬êµ¬ë§¤ ì\x9d˜ì‚¬ ìžˆìŠµë‹ˆë‹¤.', 'sentiment': 'positive', 'keywords': ['가격 대비 성능', '재구매 의사', '성능']}, {'review_id': 4, 'review_text': 'í™”ë©´ ìƒ‰ê°\x90ì\x9d´ ì„\xa0ëª…í•˜ê³\xa0 ë°°í„°ë¦¬ë\x8f„ ì˜¤ëž˜ê°€ë„¤ìš”.', 'sentiment': 'positive', 'keywords': ['화면 색감', '선명하다', '배터리']}, {'review_id': 5, 'review_text': 'ì„¤ëª…ì„œê°€ ë¶€ì¡±í•´ì„œ ì„¤ì¹˜ì—\x90 ì‹œê°„ì\x9d´ ì˜¤ëž˜ ê±¸ë\xa0¸ìŠµë‹ˆë‹¤.', 'sentiment': 'negative', 'keywords': ['설명서', '설치', '시간']}, {'review_id': 6, 'review_text': 'ì‚¬ì\x9d´ì¦ˆê°€ ë”± ë§žê³\xa0 ì°©ìš©ê°\x90ì\x9d´ íŽ¸ì•ˆí•©ë‹ˆë‹¤.', 'sentiment': 'positive', 'keywords': ['사이즈', '착용감', '편안합니다']}, {'review_id': 7, 'review_text': 'ì†Œì\x9dŒì\x9d´ ìƒ\x9dê°\x81ë³´ë‹¤ ì»¤ì„œ ë°¤ì—\x90ëŠ” ì‚¬ìš©í•˜ê¸° ì–´ë\xa0µë„¤ìš”.', 'sentiment': 'negative', 'keywords': ['소음', '사용하기 어렵다', '밤']}, {'review_id': 8, 'review_text': 'ê³\xa0ê°\x9dì„¼í„° ì\x9d‘ë‹µì\x9d´ ë¹¨ë\x9d¼ì„œ ë¬¸ì\xa0œë¥¼ ë°”ë¡œ í•´ê²°í–ˆì–´ìš”.', 'sentiment': 'positive', 'keywords': ['고객센터', '응답', '해결']}, {'review_id': 9, 'review_text': 'ì²˜ì\x9dŒì—\x90ëŠ” ì¢‹ì•˜ëŠ”ë\x8d° ì\x9d¼ì£¼ì\x9d¼ ë§Œì—\x90 ê³\xa0ìž¥ì\x9d´ ë‚¬ìŠµë‹ˆë‹¤.', 'sentiment': 'negative', 'keywords': ['고장', '일주일 만에', '처음에는']}, {'review_id': 10, 'review_text': 'ë””ìž\x90ì\x9d¸ì\x9d´ ì˜ˆì\x81˜ê³\xa0 ê¸°ëŠ¥ë\x8f„ ì§\x81ê´€ì\xa0\x81ì\x9d´ë\x9d¼ ë§Œì¡±í•´ìš”.', 'sentiment': 'positive', 'keywords': ['디자인', '기능', '직관적']}, {'review_id': 11, 'review_text': 'ë°°ì†¡ ì§€ì—°ì\x9d´ ê¸¸ì–´ì„œ ì„\xa0ë¬¼ ì\x9d¼ì\xa0•ì—\x90 ë§žì¶”ì§€ ëª»í–ˆì–´ìš”.', 'sentiment': 'negative', 'keywords': ['배송 지연', '선물 일정']}, {'review_id': 12, 'review_text': 'ì„±ëŠ¥ì\x9d€ ë¬´ë‚œí•˜ì§€ë§Œ ê¸°ëŒ€í–ˆë\x8d˜ ë§Œí\x81¼ì\x9d€ ì•„ë‹ˆì—ˆìŠµë‹ˆë‹¤.', 'sentiment': 'negative', 'keywords': ['성능', '무난하다', '기대']}, {'review_id': 13, 'review_text': 'ìž¬ì§ˆì\x9d´ íŠ¼íŠ¼í•˜ê³\xa0 ì˜¤ì—¼ë\x8f„ ìž˜ ë‹¦ì—¬ì„œ ì¢‹ì•„ìš”.', 'sentiment': 'positive', 'keywords': ['재질', '튼튼', '오염']}, {'review_id': 14, 'review_text': 'ì•± ì—°ë\x8f™ì\x9d´ ìž\x90ì£¼ ë\x81Šê²¨ì„œ ì‚¬ìš©ì„±ì\x9d´ ë–¨ì–´ì§‘ë‹ˆë‹¤.', 'sentiment': 'negative', 'keywords': ['앞 연동', '자주 끊김', '사용성']}, {'review_id': 15, 'review_text': 'ì¹œì\xa0ˆí•œ ì•ˆë‚´ ë\x8d•ë¶„ì—\x90 ì„¤ì¹˜ë¥¼ ì‰½ê²Œ ë\x81\x9dëƒˆìŠµë‹ˆë‹¤.', 'sentiment': 'positive', 'keywords': ['친절한 안내', '설치', '쉽게']}, {'review_id': 16, 'review_text': 'ìƒ‰ìƒ\x81ì\x9d´ ì‚¬ì§„ê³¼ ë‹¬ë\x9d¼ì„œ ì¡°ê¸ˆ ì‹¤ë§\x9dí–ˆìŠµë‹ˆë‹¤.', 'sentiment': 'negative', 'keywords': ['색상', '사진', '실망']}, {'review_id': 17, 'review_text': 'ë°°ì†¡ì\x9d€ ëŠ\x90ë\xa0¸ì§€ë§Œ ì\xa0œí’ˆ ìž\x90ì²´ëŠ” ë§Œì¡±ìŠ¤ëŸ½ìŠµë‹ˆë‹¤.', 'sentiment': 'positive', 'keywords': ['제품', '만족', '배송']}, {'review_id': 18, 'review_text': 'ë²„íŠ¼ ë°˜ì\x9d‘ì\x9d´ ëŠ\x90ë¦¬ê³\xa0 ì\x9d¸í„°íŽ˜ì\x9d´ìŠ¤ê°€ ë¶ˆíŽ¸í•´ìš”.', 'sentiment': 'negative', 'keywords': ['버튼 반응', '인터페이스', '불편함']}, {'review_id': 19, 'review_text': 'ê°€ê²©ì\x9d€ ì¡°ê¸ˆ ë¹„ì‹¸ì§€ë§Œ í’ˆì§ˆì\x9d€ í™•ì‹¤ížˆ ì¢‹ë„¤ìš”.', 'sentiment': 'positive', 'keywords': ['가격', '품질', '좋네요']}, {'review_id': 20, 'review_text': 'êµ\x90í™˜ ì²˜ë¦¬ ê³¼ì\xa0•ì\x9d´ ë³µìž¡í•´ì„œ ë¶ˆíŽ¸í–ˆìŠµë‹ˆë‹¤.', 'sentiment': 'negative', 'keywords': ['교환 처리 과정', '복잡', '불편']}]
[2026-04-19T22:19:23.506+0900] {taskinstance.py:441} INFO - ::group::Post task execution logs
[2026-04-19T22:19:23.544+0900] {taskinstance.py:1206} INFO - Marking task as SUCCESS. dag_id=review_sentiment_pipeline_v2, task_id=call_review_api, run_id=scheduled__2026-04-18T00:00:00+00:00, execution_date=20260418T000000, start_date=20260419T131916, end_date=20260419T131923
[2026-04-19T22:19:23.597+0900] {local_task_job_runner.py:243} INFO - Task exited with return code 0
[2026-04-19T22:19:23.611+0900] {taskinstance.py:3503} INFO - 1 downstream tasks scheduled from follow-on schedule check
[2026-04-19T22:19:23.613+0900] {local_task_job_runner.py:222} INFO - ::endgroup::
