[2026-04-19T20:23:54.210+0900] {local_task_job_runner.py:120} INFO - ::group::Pre task execution logs
[2026-04-19T20:23:54.229+0900] {taskinstance.py:2076} INFO - Dependencies all met for dep_context=non-requeueable deps ti=<TaskInstance: review_sentiment_pipeline.call_review_api manual__2026-04-19T11:23:52.619122+00:00 [queued]>
[2026-04-19T20:23:54.233+0900] {taskinstance.py:2076} INFO - Dependencies all met for dep_context=requeueable deps ti=<TaskInstance: review_sentiment_pipeline.call_review_api manual__2026-04-19T11:23:52.619122+00:00 [queued]>
[2026-04-19T20:23:54.233+0900] {taskinstance.py:2306} INFO - Starting attempt 1 of 2
[2026-04-19T20:23:54.240+0900] {taskinstance.py:2330} INFO - Executing <Task(PythonOperator): call_review_api> on 2026-04-19 11:23:52.619122+00:00
[2026-04-19T20:23:54.247+0900] {logging_mixin.py:188} WARNING - /home/***/.local/lib/python3.12/site-packages/***/task/task_runner/standard_task_runner.py:62 DeprecationWarning: This process (pid=308) is multi-threaded, use of fork() may lead to deadlocks in the child.
[2026-04-19T20:23:54.248+0900] {standard_task_runner.py:64} INFO - Started process 309 to run task
[2026-04-19T20:23:54.246+0900] {standard_task_runner.py:90} INFO - Running: ['***', 'tasks', 'run', 'review_sentiment_pipeline', 'call_review_api', 'manual__2026-04-19T11:23:52.619122+00:00', '--job-id', '22', '--raw', '--subdir', 'DAGS_FOLDER/review_sentiment_pipeline.py', '--cfg-path', '/tmp/tmp4pa9bcfo']
[2026-04-19T20:23:54.248+0900] {standard_task_runner.py:91} INFO - Job 22: Subtask call_review_api
[2026-04-19T20:23:54.281+0900] {task_command.py:426} INFO - Running <TaskInstance: review_sentiment_pipeline.call_review_api manual__2026-04-19T11:23:52.619122+00:00 [running]> on host 1a088d589485
[2026-04-19T20:23:54.338+0900] {taskinstance.py:2648} INFO - Exporting env vars: AIRFLOW_CTX_DAG_OWNER='data-team' AIRFLOW_CTX_DAG_ID='review_sentiment_pipeline' AIRFLOW_CTX_TASK_ID='call_review_api' AIRFLOW_CTX_EXECUTION_DATE='2026-04-19T11:23:52.619122+00:00' AIRFLOW_CTX_TRY_NUMBER='1' AIRFLOW_CTX_DAG_RUN_ID='manual__2026-04-19T11:23:52.619122+00:00'
[2026-04-19T20:23:54.339+0900] {taskinstance.py:430} INFO - ::endgroup::
[2026-04-19T20:23:54.355+0900] {review_sentiment_pipeline.py:101} INFO - POST http://ai-api-server:8000/analyze_reviews chunk 1/20 (1 reviews)
[2026-04-19T20:24:02.867+0900] {review_sentiment_pipeline.py:106} ERROR - API HTTP 500 — response body (truncated): Internal Server Error
[2026-04-19T20:24:02.870+0900] {taskinstance.py:441} INFO - ::group::Post task execution logs
[2026-04-19T20:24:02.871+0900] {taskinstance.py:2905} ERROR - Task failed with exception
Traceback (most recent call last):
  File "/opt/airflow/dags/review_sentiment_pipeline.py", line 111, in call_review_api
    response.raise_for_status()
  File "/home/airflow/.local/lib/python3.12/site-packages/requests/models.py", line 1024, in raise_for_status
    raise HTTPError(http_error_msg, response=self)
requests.exceptions.HTTPError: 500 Server Error: Internal Server Error for url: http://ai-api-server:8000/analyze_reviews

The above exception was the direct cause of the following exception:

Traceback (most recent call last):
  File "/home/airflow/.local/lib/python3.12/site-packages/airflow/models/taskinstance.py", line 465, in _execute_task
    result = _execute_callable(context=context, **execute_callable_kwargs)
             ^^^^^^^^^^^^^^^^^^^^^^^^^^^^^^^^^^^^^^^^^^^^^^^^^^^^^^^^^^^^^
  File "/home/airflow/.local/lib/python3.12/site-packages/airflow/models/taskinstance.py", line 432, in _execute_callable
    return execute_callable(context=context, **execute_callable_kwargs)
           ^^^^^^^^^^^^^^^^^^^^^^^^^^^^^^^^^^^^^^^^^^^^^^^^^^^^^^^^^^^^
  File "/home/airflow/.local/lib/python3.12/site-packages/airflow/models/baseoperator.py", line 401, in wrapper
    return func(self, *args, **kwargs)
           ^^^^^^^^^^^^^^^^^^^^^^^^^^^
  File "/home/airflow/.local/lib/python3.12/site-packages/airflow/operators/python.py", line 235, in execute
    return_value = self.execute_callable()
                   ^^^^^^^^^^^^^^^^^^^^^^^
  File "/home/airflow/.local/lib/python3.12/site-packages/airflow/operators/python.py", line 252, in execute_callable
    return self.python_callable(*self.op_args, **self.op_kwargs)
           ^^^^^^^^^^^^^^^^^^^^^^^^^^^^^^^^^^^^^^^^^^^^^^^^^^^^^
  File "/opt/airflow/dags/review_sentiment_pipeline.py", line 118, in call_review_api
    raise RuntimeError(f"Failed on API chunk {chunk_index}: {exc}") from exc
RuntimeError: Failed on API chunk 1: 500 Server Error: Internal Server Error for url: http://ai-api-server:8000/analyze_reviews
[2026-04-19T20:24:02.894+0900] {taskinstance.py:1206} INFO - Marking task as UP_FOR_RETRY. dag_id=review_sentiment_pipeline, task_id=call_review_api, run_id=manual__2026-04-19T11:23:52.619122+00:00, execution_date=20260419T112352, start_date=20260419T112354, end_date=20260419T112402
[2026-04-19T20:24:02.912+0900] {standard_task_runner.py:110} ERROR - Failed to execute job 22 for task call_review_api (Failed on API chunk 1: 500 Server Error: Internal Server Error for url: http://ai-api-server:8000/analyze_reviews; 309)
[2026-04-19T20:24:02.924+0900] {local_task_job_runner.py:243} INFO - Task exited with return code 1
[2026-04-19T20:24:02.964+0900] {taskinstance.py:3503} INFO - 0 downstream tasks scheduled from follow-on schedule check
[2026-04-19T20:24:02.969+0900] {local_task_job_runner.py:222} INFO - ::endgroup::
