[2026-04-19T16:04:01.707+0900] {local_task_job_runner.py:120} INFO - ::group::Pre task execution logs
[2026-04-19T16:04:01.739+0900] {taskinstance.py:2076} INFO - Dependencies all met for dep_context=non-requeueable deps ti=<TaskInstance: review_sentiment_pipeline.extract_pending_reviews manual__2026-04-19T07:04:01.434788+00:00 [queued]>
[2026-04-19T16:04:01.744+0900] {taskinstance.py:2076} INFO - Dependencies all met for dep_context=requeueable deps ti=<TaskInstance: review_sentiment_pipeline.extract_pending_reviews manual__2026-04-19T07:04:01.434788+00:00 [queued]>
[2026-04-19T16:04:01.745+0900] {taskinstance.py:2306} INFO - Starting attempt 1 of 2
[2026-04-19T16:04:01.754+0900] {taskinstance.py:2330} INFO - Executing <Task(PythonOperator): extract_pending_reviews> on 2026-04-19 07:04:01.434788+00:00
[2026-04-19T16:04:01.759+0900] {standard_task_runner.py:90} INFO - Running: ['***', 'tasks', 'run', 'review_sentiment_pipeline', 'extract_pending_reviews', 'manual__2026-04-19T07:04:01.434788+00:00', '--job-id', '29', '--raw', '--subdir', 'DAGS_FOLDER/review_sentiment_pipeline.py', '--cfg-path', '/tmp/tmpsra5sf10']
[2026-04-19T16:04:01.762+0900] {standard_task_runner.py:91} INFO - Job 29: Subtask extract_pending_reviews
[2026-04-19T16:04:01.762+0900] {logging_mixin.py:188} WARNING - /home/***/.local/lib/python3.12/site-packages/***/task/task_runner/standard_task_runner.py:62 DeprecationWarning: This process (pid=229) is multi-threaded, use of fork() may lead to deadlocks in the child.
[2026-04-19T16:04:01.763+0900] {standard_task_runner.py:64} INFO - Started process 230 to run task
[2026-04-19T16:04:01.804+0900] {task_command.py:426} INFO - Running <TaskInstance: review_sentiment_pipeline.extract_pending_reviews manual__2026-04-19T07:04:01.434788+00:00 [running]> on host efbd7783194d
[2026-04-19T16:04:01.877+0900] {taskinstance.py:2648} INFO - Exporting env vars: AIRFLOW_CTX_DAG_OWNER='data-team' AIRFLOW_CTX_DAG_ID='review_sentiment_pipeline' AIRFLOW_CTX_TASK_ID='extract_pending_reviews' AIRFLOW_CTX_EXECUTION_DATE='2026-04-19T07:04:01.434788+00:00' AIRFLOW_CTX_TRY_NUMBER='1' AIRFLOW_CTX_DAG_RUN_ID='manual__2026-04-19T07:04:01.434788+00:00'
[2026-04-19T16:04:01.878+0900] {taskinstance.py:430} INFO - ::endgroup::
[2026-04-19T16:04:01.897+0900] {crypto.py:82} WARNING - empty cryptography key - values will not be stored encrypted.
[2026-04-19T16:04:01.898+0900] {base.py:84} INFO - Using connection ID 'mysql_reviews' for task execution.
[2026-04-19T16:04:01.934+0900] {review_sentiment_pipeline.py:59} INFO - Extracted 20 pending reviews
[2026-04-19T16:04:01.934+0900] {python.py:237} INFO - Done. Returned value was: [{'review_id': 1, 'user_id': 'user_001', 'review_text': 'ë°°ì†¡ì\x9d´ ì\xa0•ë§\x90 ë¹¨ëž\x90ê³\xa0 í\x8f¬ìž¥ë\x8f„ ê¹”ë\x81”í•´ì„œ ë§Œì¡±í•©ë‹ˆë‹¤.'}, {'review_id': 2, 'user_id': 'user_002', 'review_text': 'ìƒ\x9dê°\x81ë³´ë‹¤ í’ˆì§ˆì\x9d´ ë³„ë¡œì˜€ê³\xa0 ë§ˆê°\x90ì\x9d´ ì•„ì‰¬ì›\xa0ì–´ìš”.'}, {'review_id': 3, 'user_id': 'user_003', 'review_text': 'ê°€ê²© ëŒ€ë¹„ ì„±ëŠ¥ì\x9d´ ì¢‹ì•„ì„œ ìž¬êµ¬ë§¤ ì\x9d˜ì‚¬ ìžˆìŠµë‹ˆë‹¤.'}, {'review_id': 4, 'user_id': 'user_004', 'review_text': 'í™”ë©´ ìƒ‰ê°\x90ì\x9d´ ì„\xa0ëª…í•˜ê³\xa0 ë°°í„°ë¦¬ë\x8f„ ì˜¤ëž˜ê°€ë„¤ìš”.'}, {'review_id': 5, 'user_id': 'user_005', 'review_text': 'ì„¤ëª…ì„œê°€ ë¶€ì¡±í•´ì„œ ì„¤ì¹˜ì—\x90 ì‹œê°„ì\x9d´ ì˜¤ëž˜ ê±¸ë\xa0¸ìŠµë‹ˆë‹¤.'}, {'review_id': 6, 'user_id': 'user_006', 'review_text': 'ì‚¬ì\x9d´ì¦ˆê°€ ë”± ë§žê³\xa0 ì°©ìš©ê°\x90ì\x9d´ íŽ¸ì•ˆí•©ë‹ˆë‹¤.'}, {'review_id': 7, 'user_id': 'user_007', 'review_text': 'ì†Œì\x9dŒì\x9d´ ìƒ\x9dê°\x81ë³´ë‹¤ ì»¤ì„œ ë°¤ì—\x90ëŠ” ì‚¬ìš©í•˜ê¸° ì–´ë\xa0µë„¤ìš”.'}, {'review_id': 8, 'user_id': 'user_008', 'review_text': 'ê³\xa0ê°\x9dì„¼í„° ì\x9d‘ë‹µì\x9d´ ë¹¨ë\x9d¼ì„œ ë¬¸ì\xa0œë¥¼ ë°”ë¡œ í•´ê²°í–ˆì–´ìš”.'}, {'review_id': 9, 'user_id': 'user_009', 'review_text': 'ì²˜ì\x9dŒì—\x90ëŠ” ì¢‹ì•˜ëŠ”ë\x8d° ì\x9d¼ì£¼ì\x9d¼ ë§Œì—\x90 ê³\xa0ìž¥ì\x9d´ ë‚¬ìŠµë‹ˆë‹¤.'}, {'review_id': 10, 'user_id': 'user_010', 'review_text': 'ë””ìž\x90ì\x9d¸ì\x9d´ ì˜ˆì\x81˜ê³\xa0 ê¸°ëŠ¥ë\x8f„ ì§\x81ê´€ì\xa0\x81ì\x9d´ë\x9d¼ ë§Œì¡±í•´ìš”.'}, {'review_id': 11, 'user_id': 'user_011', 'review_text': 'ë°°ì†¡ ì§€ì—°ì\x9d´ ê¸¸ì–´ì„œ ì„\xa0ë¬¼ ì\x9d¼ì\xa0•ì—\x90 ë§žì¶”ì§€ ëª»í–ˆì–´ìš”.'}, {'review_id': 12, 'user_id': 'user_012', 'review_text': 'ì„±ëŠ¥ì\x9d€ ë¬´ë‚œí•˜ì§€ë§Œ ê¸°ëŒ€í–ˆë\x8d˜ ë§Œí\x81¼ì\x9d€ ì•„ë‹ˆì—ˆìŠµë‹ˆë‹¤.'}, {'review_id': 13, 'user_id': 'user_013', 'review_text': 'ìž¬ì§ˆì\x9d´ íŠ¼íŠ¼í•˜ê³\xa0 ì˜¤ì—¼ë\x8f„ ìž˜ ë‹¦ì—¬ì„œ ì¢‹ì•„ìš”.'}, {'review_id': 14, 'user_id': 'user_014', 'review_text': 'ì•± ì—°ë\x8f™ì\x9d´ ìž\x90ì£¼ ë\x81Šê²¨ì„œ ì‚¬ìš©ì„±ì\x9d´ ë–¨ì–´ì§‘ë‹ˆë‹¤.'}, {'review_id': 15, 'user_id': 'user_015', 'review_text': 'ì¹œì\xa0ˆí•œ ì•ˆë‚´ ë\x8d•ë¶„ì—\x90 ì„¤ì¹˜ë¥¼ ì‰½ê²Œ ë\x81\x9dëƒˆìŠµë‹ˆë‹¤.'}, {'review_id': 16, 'user_id': 'user_016', 'review_text': 'ìƒ‰ìƒ\x81ì\x9d´ ì‚¬ì§„ê³¼ ë‹¬ë\x9d¼ì„œ ì¡°ê¸ˆ ì‹¤ë§\x9dí–ˆìŠµë‹ˆë‹¤.'}, {'review_id': 17, 'user_id': 'user_017', 'review_text': 'ë°°ì†¡ì\x9d€ ëŠ\x90ë\xa0¸ì§€ë§Œ ì\xa0œí’ˆ ìž\x90ì²´ëŠ” ë§Œì¡±ìŠ¤ëŸ½ìŠµë‹ˆë‹¤.'}, {'review_id': 18, 'user_id': 'user_018', 'review_text': 'ë²„íŠ¼ ë°˜ì\x9d‘ì\x9d´ ëŠ\x90ë¦¬ê³\xa0 ì\x9d¸í„°íŽ˜ì\x9d´ìŠ¤ê°€ ë¶ˆíŽ¸í•´ìš”.'}, {'review_id': 19, 'user_id': 'user_019', 'review_text': 'ê°€ê²©ì\x9d€ ì¡°ê¸ˆ ë¹„ì‹¸ì§€ë§Œ í’ˆì§ˆì\x9d€ í™•ì‹¤ížˆ ì¢‹ë„¤ìš”.'}, {'review_id': 20, 'user_id': 'user_020', 'review_text': 'êµ\x90í™˜ ì²˜ë¦¬ ê³¼ì\xa0•ì\x9d´ ë³µìž¡í•´ì„œ ë¶ˆíŽ¸í–ˆìŠµë‹ˆë‹¤.'}]
[2026-04-19T16:04:01.935+0900] {taskinstance.py:441} INFO - ::group::Post task execution logs
[2026-04-19T16:04:01.952+0900] {taskinstance.py:1206} INFO - Marking task as SUCCESS. dag_id=review_sentiment_pipeline, task_id=extract_pending_reviews, run_id=manual__2026-04-19T07:04:01.434788+00:00, execution_date=20260419T070401, start_date=20260419T070401, end_date=20260419T070401
[2026-04-19T16:04:01.988+0900] {local_task_job_runner.py:243} INFO - Task exited with return code 0
[2026-04-19T16:04:02.004+0900] {taskinstance.py:3503} INFO - 1 downstream tasks scheduled from follow-on schedule check
[2026-04-19T16:04:02.005+0900] {local_task_job_runner.py:222} INFO - ::endgroup::
