[2026-04-19T21:51:32.925+0900] {local_task_job_runner.py:120} INFO - ::group::Pre task execution logs
[2026-04-19T21:51:32.953+0900] {taskinstance.py:2076} INFO - Dependencies all met for dep_context=non-requeueable deps ti=<TaskInstance: review_sentiment_pipeline.extract_pending_reviews scheduled__2026-04-18T00:00:00+00:00 [queued]>
[2026-04-19T21:51:32.958+0900] {taskinstance.py:2076} INFO - Dependencies all met for dep_context=requeueable deps ti=<TaskInstance: review_sentiment_pipeline.extract_pending_reviews scheduled__2026-04-18T00:00:00+00:00 [queued]>
[2026-04-19T21:51:32.958+0900] {taskinstance.py:2306} INFO - Starting attempt 2 of 2
[2026-04-19T21:51:32.973+0900] {taskinstance.py:2330} INFO - Executing <Task(PythonOperator): extract_pending_reviews> on 2026-04-18 00:00:00+00:00
[2026-04-19T21:51:32.979+0900] {standard_task_runner.py:90} INFO - Running: ['***', 'tasks', 'run', 'review_sentiment_pipeline', 'extract_pending_reviews', 'scheduled__2026-04-18T00:00:00+00:00', '--job-id', '3', '--raw', '--subdir', 'DAGS_FOLDER/review_sentiment_pipeline.py', '--cfg-path', '/tmp/tmpyzlucrrz']
[2026-04-19T21:51:32.983+0900] {logging_mixin.py:188} WARNING - /home/***/.local/lib/python3.12/site-packages/***/task/task_runner/standard_task_runner.py:62 DeprecationWarning: This process (pid=263) is multi-threaded, use of fork() may lead to deadlocks in the child.
[2026-04-19T21:51:32.983+0900] {standard_task_runner.py:64} INFO - Started process 264 to run task
[2026-04-19T21:51:32.983+0900] {standard_task_runner.py:91} INFO - Job 3: Subtask extract_pending_reviews
[2026-04-19T21:51:33.028+0900] {task_command.py:426} INFO - Running <TaskInstance: review_sentiment_pipeline.extract_pending_reviews scheduled__2026-04-18T00:00:00+00:00 [running]> on host e9154cda290f
[2026-04-19T21:51:33.087+0900] {taskinstance.py:2648} INFO - Exporting env vars: AIRFLOW_CTX_DAG_OWNER='data-team' AIRFLOW_CTX_DAG_ID='review_sentiment_pipeline' AIRFLOW_CTX_TASK_ID='extract_pending_reviews' AIRFLOW_CTX_EXECUTION_DATE='2026-04-18T00:00:00+00:00' AIRFLOW_CTX_TRY_NUMBER='2' AIRFLOW_CTX_DAG_RUN_ID='scheduled__2026-04-18T00:00:00+00:00'
[2026-04-19T21:51:33.088+0900] {taskinstance.py:430} INFO - ::endgroup::
[2026-04-19T21:51:33.104+0900] {taskinstance.py:441} INFO - ::group::Post task execution logs
[2026-04-19T21:51:33.110+0900] {taskinstance.py:2905} ERROR - Task failed with exception
Traceback (most recent call last):
  File "/home/airflow/.local/lib/python3.12/site-packages/airflow/models/taskinstance.py", line 465, in _execute_task
    result = _execute_callable(context=context, **execute_callable_kwargs)
             ^^^^^^^^^^^^^^^^^^^^^^^^^^^^^^^^^^^^^^^^^^^^^^^^^^^^^^^^^^^^^
  File "/home/airflow/.local/lib/python3.12/site-packages/airflow/models/taskinstance.py", line 432, in _execute_callable
    return execute_callable(context=context, **execute_callable_kwargs)
           ^^^^^^^^^^^^^^^^^^^^^^^^^^^^^^^^^^^^^^^^^^^^^^^^^^^^^^^^^^^^
  File "/home/airflow/.local/lib/python3.12/site-packages/airflow/models/baseoperator.py", line 401, in wrapper
    return func(self, *args, **kwargs)
           ^^^^^^^^^^^^^^^^^^^^^^^^^^^
  File "/home/airflow/.local/lib/python3.12/site-packages/airflow/operators/python.py", line 235, in execute
    return_value = self.execute_callable()
                   ^^^^^^^^^^^^^^^^^^^^^^^
  File "/home/airflow/.local/lib/python3.12/site-packages/airflow/operators/python.py", line 252, in execute_callable
    return self.python_callable(*self.op_args, **self.op_kwargs)
           ^^^^^^^^^^^^^^^^^^^^^^^^^^^^^^^^^^^^^^^^^^^^^^^^^^^^^
  File "/opt/airflow/dags/review_sentiment_pipeline.py", line 64, in extract_pending_reviews
    conn = hook.get_conn()
           ^^^^^^^^^^^^^^^
  File "/home/airflow/.local/lib/python3.12/site-packages/airflow/providers/mysql/hooks/mysql.py", line 188, in get_conn
    conn = self.connection or self.get_connection(getattr(self, self.conn_name_attr))
                              ^^^^^^^^^^^^^^^^^^^^^^^^^^^^^^^^^^^^^^^^^^^^^^^^^^^^^^^
  File "/home/airflow/.local/lib/python3.12/site-packages/airflow/hooks/base.py", line 83, in get_connection
    conn = Connection.get_connection_from_secrets(conn_id)
           ^^^^^^^^^^^^^^^^^^^^^^^^^^^^^^^^^^^^^^^^^^^^^^^
  File "/home/airflow/.local/lib/python3.12/site-packages/airflow/models/connection.py", line 519, in get_connection_from_secrets
    raise AirflowNotFoundException(f"The conn_id `{conn_id}` isn't defined")
airflow.exceptions.AirflowNotFoundException: The conn_id `mysql_reviews` isn't defined
[2026-04-19T21:51:33.114+0900] {taskinstance.py:1206} INFO - Marking task as FAILED. dag_id=review_sentiment_pipeline, task_id=extract_pending_reviews, run_id=scheduled__2026-04-18T00:00:00+00:00, execution_date=20260418T000000, start_date=20260419T125132, end_date=20260419T125133
[2026-04-19T21:51:33.120+0900] {standard_task_runner.py:110} ERROR - Failed to execute job 3 for task extract_pending_reviews (The conn_id `mysql_reviews` isn't defined; 264)
[2026-04-19T21:51:33.127+0900] {local_task_job_runner.py:243} INFO - Task exited with return code 1
[2026-04-19T21:51:33.143+0900] {taskinstance.py:3503} INFO - 0 downstream tasks scheduled from follow-on schedule check
[2026-04-19T21:51:33.146+0900] {local_task_job_runner.py:222} INFO - ::endgroup::
