[2026-04-19T21:54:36.514+0900] {local_task_job_runner.py:120} INFO - ::group::Pre task execution logs
[2026-04-19T21:54:36.540+0900] {taskinstance.py:2076} INFO - Dependencies all met for dep_context=non-requeueable deps ti=<TaskInstance: review_sentiment_pipeline.call_review_api manual__2026-04-19T12:54:34.360411+00:00 [queued]>
[2026-04-19T21:54:36.547+0900] {taskinstance.py:2076} INFO - Dependencies all met for dep_context=requeueable deps ti=<TaskInstance: review_sentiment_pipeline.call_review_api manual__2026-04-19T12:54:34.360411+00:00 [queued]>
[2026-04-19T21:54:36.547+0900] {taskinstance.py:2306} INFO - Starting attempt 1 of 2
[2026-04-19T21:54:36.558+0900] {taskinstance.py:2330} INFO - Executing <Task(PythonOperator): call_review_api> on 2026-04-19 12:54:34.360411+00:00
[2026-04-19T21:54:36.564+0900] {standard_task_runner.py:90} INFO - Running: ['***', 'tasks', 'run', 'review_sentiment_pipeline', 'call_review_api', 'manual__2026-04-19T12:54:34.360411+00:00', '--job-id', '5', '--raw', '--subdir', 'DAGS_FOLDER/review_sentiment_pipeline.py', '--cfg-path', '/tmp/tmp7nwxdija']
[2026-04-19T21:54:36.566+0900] {standard_task_runner.py:91} INFO - Job 5: Subtask call_review_api
[2026-04-19T21:54:36.565+0900] {logging_mixin.py:188} WARNING - /home/***/.local/lib/python3.12/site-packages/***/task/task_runner/standard_task_runner.py:62 DeprecationWarning: This process (pid=333) is multi-threaded, use of fork() may lead to deadlocks in the child.
[2026-04-19T21:54:36.567+0900] {standard_task_runner.py:64} INFO - Started process 334 to run task
[2026-04-19T21:54:36.604+0900] {task_command.py:426} INFO - Running <TaskInstance: review_sentiment_pipeline.call_review_api manual__2026-04-19T12:54:34.360411+00:00 [running]> on host e9154cda290f
[2026-04-19T21:54:36.657+0900] {taskinstance.py:2648} INFO - Exporting env vars: AIRFLOW_CTX_DAG_OWNER='data-team' AIRFLOW_CTX_DAG_ID='review_sentiment_pipeline' AIRFLOW_CTX_TASK_ID='call_review_api' AIRFLOW_CTX_EXECUTION_DATE='2026-04-19T12:54:34.360411+00:00' AIRFLOW_CTX_TRY_NUMBER='1' AIRFLOW_CTX_DAG_RUN_ID='manual__2026-04-19T12:54:34.360411+00:00'
[2026-04-19T21:54:36.657+0900] {taskinstance.py:430} INFO - ::endgroup::
[2026-04-19T21:54:36.674+0900] {review_sentiment_pipeline.py:101} INFO - POST http://ai-api-server:8000/analyze_reviews chunk 1/1 (20 reviews)
[2026-04-19T21:54:43.762+0900] {review_sentiment_pipeline.py:116} INFO - Chunk 1 done: got 20 rows (total 20)
[2026-04-19T21:54:43.763+0900] {review_sentiment_pipeline.py:123} INFO - Received 20 analyzed results
[2026-04-19T21:54:43.763+0900] {python.py:237} INFO - Done. Returned value was: [{'review_id': 1, 'sentiment': 'positive', 'keywords': ['배송', '포장', '만족']}, {'review_id': 2, 'sentiment': 'negative', 'keywords': ['품질', '마감', '별로']}, {'review_id': 3, 'sentiment': 'positive', 'keywords': ['가격 대비 성능', '재구매 의사']}, {'review_id': 4, 'sentiment': 'positive', 'keywords': ['화면 색감', '배터리', '선명하다']}, {'review_id': 5, 'sentiment': 'negative', 'keywords': ['설명서', '설치', '시간']}, {'review_id': 6, 'sentiment': 'positive', 'keywords': ['사이즈', '착용감', '편안합니다']}, {'review_id': 7, 'sentiment': 'negative', 'keywords': ['소음', '사용하기 어렵다', '밤']}, {'review_id': 8, 'sentiment': 'positive', 'keywords': ['고객센터', '응답', '해결']}, {'review_id': 9, 'sentiment': 'negative', 'keywords': ['고장', '일주일 만에', '좋았는데']}, {'review_id': 10, 'sentiment': 'positive', 'keywords': ['디자인', '기능', '직관적']}, {'review_id': 11, 'sentiment': 'negative', 'keywords': ['배송 지연', '선물 일정']}, {'review_id': 12, 'sentiment': 'negative', 'keywords': ['성능', '무난하다', '기대']}, {'review_id': 13, 'sentiment': 'positive', 'keywords': ['재질', '튼튼하다', '잘 닦이다']}, {'review_id': 14, 'sentiment': 'negative', 'keywords': ['앞 연동', '자주 끊김', '사용성']}, {'review_id': 15, 'sentiment': 'positive', 'keywords': ['친절한 안내', '설치', '쉽게']}, {'review_id': 16, 'sentiment': 'negative', 'keywords': ['색상', '사진', '실망']}, {'review_id': 17, 'sentiment': 'positive', 'keywords': ['제품', '만족', '배송']}, {'review_id': 18, 'sentiment': 'negative', 'keywords': ['버튼 반응', '인터페이스', '불편함']}, {'review_id': 19, 'sentiment': 'positive', 'keywords': ['품질', '가격', '좋네요']}, {'review_id': 20, 'sentiment': 'negative', 'keywords': ['교환 처리 과정', '복잡', '불편']}]
[2026-04-19T21:54:43.764+0900] {taskinstance.py:441} INFO - ::group::Post task execution logs
[2026-04-19T21:54:43.794+0900] {taskinstance.py:1206} INFO - Marking task as SUCCESS. dag_id=review_sentiment_pipeline, task_id=call_review_api, run_id=manual__2026-04-19T12:54:34.360411+00:00, execution_date=20260419T125434, start_date=20260419T125436, end_date=20260419T125443
[2026-04-19T21:54:43.850+0900] {local_task_job_runner.py:243} INFO - Task exited with return code 0
[2026-04-19T21:54:43.871+0900] {taskinstance.py:3503} INFO - 1 downstream tasks scheduled from follow-on schedule check
[2026-04-19T21:54:43.872+0900] {local_task_job_runner.py:222} INFO - ::endgroup::
