[2026-04-19T18:18:13.892+0900] {local_task_job_runner.py:120} INFO - ::group::Pre task execution logs
[2026-04-19T18:18:13.934+0900] {taskinstance.py:2076} INFO - Dependencies all met for dep_context=non-requeueable deps ti=<TaskInstance: review_sentiment_pipeline.call_review_api manual__2026-04-19T09:15:25.716643+00:00 [queued]>
[2026-04-19T18:18:13.939+0900] {taskinstance.py:2076} INFO - Dependencies all met for dep_context=requeueable deps ti=<TaskInstance: review_sentiment_pipeline.call_review_api manual__2026-04-19T09:15:25.716643+00:00 [queued]>
[2026-04-19T18:18:13.940+0900] {taskinstance.py:2306} INFO - Starting attempt 2 of 2
[2026-04-19T18:18:13.947+0900] {taskinstance.py:2330} INFO - Executing <Task(PythonOperator): call_review_api> on 2026-04-19 09:15:25.716643+00:00
[2026-04-19T18:18:13.953+0900] {standard_task_runner.py:90} INFO - Running: ['***', 'tasks', 'run', 'review_sentiment_pipeline', 'call_review_api', 'manual__2026-04-19T09:15:25.716643+00:00', '--job-id', '7', '--raw', '--subdir', 'DAGS_FOLDER/review_sentiment_pipeline.py', '--cfg-path', '/tmp/tmp8r0l8x4d']
[2026-04-19T18:18:13.955+0900] {standard_task_runner.py:91} INFO - Job 7: Subtask call_review_api
[2026-04-19T18:18:13.955+0900] {logging_mixin.py:188} WARNING - /home/***/.local/lib/python3.12/site-packages/***/task/task_runner/standard_task_runner.py:62 DeprecationWarning: This process (pid=628) is multi-threaded, use of fork() may lead to deadlocks in the child.
[2026-04-19T18:18:13.956+0900] {standard_task_runner.py:64} INFO - Started process 629 to run task
[2026-04-19T18:18:13.996+0900] {task_command.py:426} INFO - Running <TaskInstance: review_sentiment_pipeline.call_review_api manual__2026-04-19T09:15:25.716643+00:00 [running]> on host 4f8529508858
[2026-04-19T18:18:14.054+0900] {taskinstance.py:2648} INFO - Exporting env vars: AIRFLOW_CTX_DAG_OWNER='data-team' AIRFLOW_CTX_DAG_ID='review_sentiment_pipeline' AIRFLOW_CTX_TASK_ID='call_review_api' AIRFLOW_CTX_EXECUTION_DATE='2026-04-19T09:15:25.716643+00:00' AIRFLOW_CTX_TRY_NUMBER='2' AIRFLOW_CTX_DAG_RUN_ID='manual__2026-04-19T09:15:25.716643+00:00'
[2026-04-19T18:18:14.055+0900] {taskinstance.py:430} INFO - ::endgroup::
[2026-04-19T18:18:14.074+0900] {review_sentiment_pipeline.py:101} INFO - POST http://ai-api-server:8000/analyze_reviews chunk 1/7 (3 reviews)
[2026-04-19T18:18:59.420+0900] {review_sentiment_pipeline.py:116} INFO - Chunk 1 done: got 3 rows (total 3)
[2026-04-19T18:19:02.429+0900] {review_sentiment_pipeline.py:101} INFO - POST http://ai-api-server:8000/analyze_reviews chunk 2/7 (3 reviews)
[2026-04-19T18:19:22.652+0900] {review_sentiment_pipeline.py:116} INFO - Chunk 2 done: got 3 rows (total 6)
[2026-04-19T18:19:25.656+0900] {review_sentiment_pipeline.py:101} INFO - POST http://ai-api-server:8000/analyze_reviews chunk 3/7 (3 reviews)
[2026-04-19T18:19:36.171+0900] {review_sentiment_pipeline.py:116} INFO - Chunk 3 done: got 3 rows (total 9)
[2026-04-19T18:19:39.174+0900] {review_sentiment_pipeline.py:101} INFO - POST http://ai-api-server:8000/analyze_reviews chunk 4/7 (3 reviews)
[2026-04-19T18:20:23.930+0900] {review_sentiment_pipeline.py:116} INFO - Chunk 4 done: got 3 rows (total 12)
[2026-04-19T18:20:26.938+0900] {review_sentiment_pipeline.py:101} INFO - POST http://ai-api-server:8000/analyze_reviews chunk 5/7 (3 reviews)
[2026-04-19T18:21:27.756+0900] {review_sentiment_pipeline.py:116} INFO - Chunk 5 done: got 3 rows (total 15)
[2026-04-19T18:21:30.767+0900] {review_sentiment_pipeline.py:101} INFO - POST http://ai-api-server:8000/analyze_reviews chunk 6/7 (3 reviews)
[2026-04-19T18:22:48.695+0900] {review_sentiment_pipeline.py:116} INFO - Chunk 6 done: got 3 rows (total 18)
[2026-04-19T18:22:51.706+0900] {review_sentiment_pipeline.py:101} INFO - POST http://ai-api-server:8000/analyze_reviews chunk 7/7 (2 reviews)
[2026-04-19T18:23:00.863+0900] {review_sentiment_pipeline.py:116} INFO - Chunk 7 done: got 2 rows (total 20)
[2026-04-19T18:23:00.867+0900] {review_sentiment_pipeline.py:123} INFO - Received 20 analyzed results
[2026-04-19T18:23:00.868+0900] {python.py:237} INFO - Done. Returned value was: [{'review_id': 1, 'sentiment': 'positive', 'keywords': ['배송', '빠르고', '만족']}, {'review_id': 2, 'sentiment': 'negative', 'keywords': ['품질', '별로', '마감']}, {'review_id': 3, 'sentiment': 'positive', 'keywords': ['가격', '성능', '재구매']}, {'review_id': 4, 'sentiment': 'positive', 'keywords': ['화면', '색감', '배터리']}, {'review_id': 5, 'sentiment': 'negative', 'keywords': ['설명서', '설치', '시간']}, {'review_id': 6, 'sentiment': 'positive', 'keywords': ['사이즈', '착용감']}, {'review_id': 7, 'sentiment': 'negative', 'keywords': ['소음', '밤', '사용 어려움']}, {'review_id': 8, 'sentiment': 'positive', 'keywords': ['고객센터', '빠른 응답', '문제 해결']}, {'review_id': 9, 'sentiment': 'negative', 'keywords': ['고장', '일주일', '초기 좋음']}, {'review_id': 10, 'sentiment': 'positive', 'keywords': ['디자인', '직관적', '만족']}, {'review_id': 11, 'sentiment': 'negative', 'keywords': ['배송 지연', '선물 일정', '못함']}, {'review_id': 12, 'sentiment': 'negative', 'keywords': ['성능', '기대', '무난']}, {'review_id': 13, 'sentiment': 'positive', 'keywords': ['튼튼', '좋아', '재질']}, {'review_id': 14, 'sentiment': 'negative', 'keywords': ['끊겨', '떨어져', '앱']}, {'review_id': 15, 'sentiment': 'positive', 'keywords': ['친절', '쉽게', '안내']}, {'review_id': 16, 'sentiment': 'negative', 'keywords': ['색상', '사진', '실망']}, {'review_id': 17, 'sentiment': 'positive', 'keywords': ['배송', '제품', '만족']}, {'review_id': 18, 'sentiment': 'negative', 'keywords': ['버튼', '인터페이스', '불편']}, {'review_id': 19, 'sentiment': 'positive', 'keywords': ['가격', '품질', '좋다']}, {'review_id': 20, 'sentiment': 'negative', 'keywords': ['교환', '처리', '불편']}]
[2026-04-19T18:23:00.869+0900] {taskinstance.py:441} INFO - ::group::Post task execution logs
[2026-04-19T18:23:00.920+0900] {taskinstance.py:1206} INFO - Marking task as SUCCESS. dag_id=review_sentiment_pipeline, task_id=call_review_api, run_id=manual__2026-04-19T09:15:25.716643+00:00, execution_date=20260419T091525, start_date=20260419T091813, end_date=20260419T092300
[2026-04-19T18:23:00.965+0900] {local_task_job_runner.py:243} INFO - Task exited with return code 0
[2026-04-19T18:23:00.991+0900] {taskinstance.py:3503} INFO - 1 downstream tasks scheduled from follow-on schedule check
[2026-04-19T18:23:00.992+0900] {local_task_job_runner.py:222} INFO - ::endgroup::
