[2026-04-19T16:10:57.707+0900] {local_task_job_runner.py:120} INFO - ::group::Pre task execution logs
[2026-04-19T16:10:57.727+0900] {taskinstance.py:2076} INFO - Dependencies all met for dep_context=non-requeueable deps ti=<TaskInstance: review_sentiment_pipeline.call_review_api scheduled__2026-04-18T00:00:00+00:00 [queued]>
[2026-04-19T16:10:57.732+0900] {taskinstance.py:2076} INFO - Dependencies all met for dep_context=requeueable deps ti=<TaskInstance: review_sentiment_pipeline.call_review_api scheduled__2026-04-18T00:00:00+00:00 [queued]>
[2026-04-19T16:10:57.732+0900] {taskinstance.py:2306} INFO - Starting attempt 1 of 2
[2026-04-19T16:10:57.740+0900] {taskinstance.py:2330} INFO - Executing <Task(PythonOperator): call_review_api> on 2026-04-18 00:00:00+00:00
[2026-04-19T16:10:57.746+0900] {logging_mixin.py:188} WARNING - /home/***/.local/lib/python3.12/site-packages/***/task/task_runner/standard_task_runner.py:62 DeprecationWarning: This process (pid=214) is multi-threaded, use of fork() may lead to deadlocks in the child.
[2026-04-19T16:10:57.744+0900] {standard_task_runner.py:90} INFO - Running: ['***', 'tasks', 'run', 'review_sentiment_pipeline', 'call_review_api', 'scheduled__2026-04-18T00:00:00+00:00', '--job-id', '34', '--raw', '--subdir', 'DAGS_FOLDER/review_sentiment_pipeline.py', '--cfg-path', '/tmp/tmpw_mpp32j']
[2026-04-19T16:10:57.746+0900] {standard_task_runner.py:91} INFO - Job 34: Subtask call_review_api
[2026-04-19T16:10:57.746+0900] {standard_task_runner.py:64} INFO - Started process 215 to run task
[2026-04-19T16:10:57.778+0900] {task_command.py:426} INFO - Running <TaskInstance: review_sentiment_pipeline.call_review_api scheduled__2026-04-18T00:00:00+00:00 [running]> on host a7a58bb15764
[2026-04-19T16:10:57.828+0900] {taskinstance.py:2648} INFO - Exporting env vars: AIRFLOW_CTX_DAG_OWNER='data-team' AIRFLOW_CTX_DAG_ID='review_sentiment_pipeline' AIRFLOW_CTX_TASK_ID='call_review_api' AIRFLOW_CTX_EXECUTION_DATE='2026-04-18T00:00:00+00:00' AIRFLOW_CTX_TRY_NUMBER='1' AIRFLOW_CTX_DAG_RUN_ID='scheduled__2026-04-18T00:00:00+00:00'
[2026-04-19T16:10:57.828+0900] {taskinstance.py:430} INFO - ::endgroup::
[2026-04-19T16:10:57.843+0900] {review_sentiment_pipeline.py:89} INFO - Sending chunk 1 with 5 reviews
[2026-04-19T16:11:42.966+0900] {taskinstance.py:441} INFO - ::group::Post task execution logs
[2026-04-19T16:11:42.973+0900] {taskinstance.py:2905} ERROR - Task failed with exception
Traceback (most recent call last):
  File "/opt/airflow/dags/review_sentiment_pipeline.py", line 93, in call_review_api
    response.raise_for_status()
  File "/home/airflow/.local/lib/python3.12/site-packages/requests/models.py", line 1024, in raise_for_status
    raise HTTPError(http_error_msg, response=self)
requests.exceptions.HTTPError: 502 Server Error: Bad Gateway for url: http://ai-api-server:8000/analyze_reviews

The above exception was the direct cause of the following exception:

Traceback (most recent call last):
  File "/home/airflow/.local/lib/python3.12/site-packages/airflow/models/taskinstance.py", line 465, in _execute_task
    result = _execute_callable(context=context, **execute_callable_kwargs)
             ^^^^^^^^^^^^^^^^^^^^^^^^^^^^^^^^^^^^^^^^^^^^^^^^^^^^^^^^^^^^^
  File "/home/airflow/.local/lib/python3.12/site-packages/airflow/models/taskinstance.py", line 432, in _execute_callable
    return execute_callable(context=context, **execute_callable_kwargs)
           ^^^^^^^^^^^^^^^^^^^^^^^^^^^^^^^^^^^^^^^^^^^^^^^^^^^^^^^^^^^^
  File "/home/airflow/.local/lib/python3.12/site-packages/airflow/models/baseoperator.py", line 401, in wrapper
    return func(self, *args, **kwargs)
           ^^^^^^^^^^^^^^^^^^^^^^^^^^^
  File "/home/airflow/.local/lib/python3.12/site-packages/airflow/operators/python.py", line 235, in execute
    return_value = self.execute_callable()
                   ^^^^^^^^^^^^^^^^^^^^^^^
  File "/home/airflow/.local/lib/python3.12/site-packages/airflow/operators/python.py", line 252, in execute_callable
    return self.python_callable(*self.op_args, **self.op_kwargs)
           ^^^^^^^^^^^^^^^^^^^^^^^^^^^^^^^^^^^^^^^^^^^^^^^^^^^^^
  File "/opt/airflow/dags/review_sentiment_pipeline.py", line 99, in call_review_api
    raise RuntimeError(f"Failed on API chunk {chunk_index}: {exc}") from exc
RuntimeError: Failed on API chunk 1: 502 Server Error: Bad Gateway for url: http://ai-api-server:8000/analyze_reviews
[2026-04-19T16:11:42.994+0900] {taskinstance.py:1206} INFO - Marking task as UP_FOR_RETRY. dag_id=review_sentiment_pipeline, task_id=call_review_api, run_id=scheduled__2026-04-18T00:00:00+00:00, execution_date=20260418T000000, start_date=20260419T071057, end_date=20260419T071142
[2026-04-19T16:11:43.007+0900] {standard_task_runner.py:110} ERROR - Failed to execute job 34 for task call_review_api (Failed on API chunk 1: 502 Server Error: Bad Gateway for url: http://ai-api-server:8000/analyze_reviews; 215)
[2026-04-19T16:11:43.030+0900] {local_task_job_runner.py:243} INFO - Task exited with return code 1
[2026-04-19T16:11:43.050+0900] {taskinstance.py:3503} INFO - 0 downstream tasks scheduled from follow-on schedule check
[2026-04-19T16:11:43.051+0900] {local_task_job_runner.py:222} INFO - ::endgroup::
[2026-04-19T17:59:17.097+0900] {local_task_job_runner.py:120} INFO - ::group::Pre task execution logs
[2026-04-19T17:59:17.116+0900] {taskinstance.py:2076} INFO - Dependencies all met for dep_context=non-requeueable deps ti=<TaskInstance: review_sentiment_pipeline.call_review_api scheduled__2026-04-18T00:00:00+00:00 [queued]>
[2026-04-19T17:59:17.120+0900] {taskinstance.py:2076} INFO - Dependencies all met for dep_context=requeueable deps ti=<TaskInstance: review_sentiment_pipeline.call_review_api scheduled__2026-04-18T00:00:00+00:00 [queued]>
[2026-04-19T17:59:17.121+0900] {taskinstance.py:2306} INFO - Starting attempt 1 of 2
[2026-04-19T17:59:17.128+0900] {taskinstance.py:2330} INFO - Executing <Task(PythonOperator): call_review_api> on 2026-04-18 00:00:00+00:00
[2026-04-19T17:59:17.133+0900] {logging_mixin.py:188} WARNING - /home/***/.local/lib/python3.12/site-packages/***/task/task_runner/standard_task_runner.py:62 DeprecationWarning: This process (pid=203) is multi-threaded, use of fork() may lead to deadlocks in the child.
[2026-04-19T17:59:17.133+0900] {standard_task_runner.py:64} INFO - Started process 204 to run task
[2026-04-19T17:59:17.132+0900] {standard_task_runner.py:90} INFO - Running: ['***', 'tasks', 'run', 'review_sentiment_pipeline', 'call_review_api', 'scheduled__2026-04-18T00:00:00+00:00', '--job-id', '3', '--raw', '--subdir', 'DAGS_FOLDER/review_sentiment_pipeline.py', '--cfg-path', '/tmp/tmp5i5vxhh_']
[2026-04-19T17:59:17.134+0900] {standard_task_runner.py:91} INFO - Job 3: Subtask call_review_api
[2026-04-19T17:59:17.164+0900] {task_command.py:426} INFO - Running <TaskInstance: review_sentiment_pipeline.call_review_api scheduled__2026-04-18T00:00:00+00:00 [running]> on host 4f8529508858
[2026-04-19T17:59:17.212+0900] {taskinstance.py:2648} INFO - Exporting env vars: AIRFLOW_CTX_DAG_OWNER='data-team' AIRFLOW_CTX_DAG_ID='review_sentiment_pipeline' AIRFLOW_CTX_TASK_ID='call_review_api' AIRFLOW_CTX_EXECUTION_DATE='2026-04-18T00:00:00+00:00' AIRFLOW_CTX_TRY_NUMBER='1' AIRFLOW_CTX_DAG_RUN_ID='scheduled__2026-04-18T00:00:00+00:00'
[2026-04-19T17:59:17.213+0900] {taskinstance.py:430} INFO - ::endgroup::
[2026-04-19T17:59:17.227+0900] {review_sentiment_pipeline.py:101} INFO - POST http://ai-api-server:8000/analyze_reviews chunk 1/7 (3 reviews)
[2026-04-19T18:00:40.362+0900] {review_sentiment_pipeline.py:116} INFO - Chunk 1 done: got 0 rows (total 0)
[2026-04-19T18:00:43.368+0900] {review_sentiment_pipeline.py:101} INFO - POST http://ai-api-server:8000/analyze_reviews chunk 2/7 (3 reviews)
[2026-04-19T18:01:52.905+0900] {review_sentiment_pipeline.py:116} INFO - Chunk 2 done: got 3 rows (total 3)
[2026-04-19T18:01:55.912+0900] {review_sentiment_pipeline.py:101} INFO - POST http://ai-api-server:8000/analyze_reviews chunk 3/7 (3 reviews)
[2026-04-19T18:02:48.281+0900] {review_sentiment_pipeline.py:116} INFO - Chunk 3 done: got 3 rows (total 6)
[2026-04-19T18:02:51.285+0900] {review_sentiment_pipeline.py:101} INFO - POST http://ai-api-server:8000/analyze_reviews chunk 4/7 (3 reviews)
[2026-04-19T18:03:39.447+0900] {review_sentiment_pipeline.py:116} INFO - Chunk 4 done: got 3 rows (total 9)
[2026-04-19T18:03:42.451+0900] {review_sentiment_pipeline.py:101} INFO - POST http://ai-api-server:8000/analyze_reviews chunk 5/7 (3 reviews)
[2026-04-19T18:04:02.822+0900] {review_sentiment_pipeline.py:116} INFO - Chunk 5 done: got 3 rows (total 12)
[2026-04-19T18:04:05.826+0900] {review_sentiment_pipeline.py:101} INFO - POST http://ai-api-server:8000/analyze_reviews chunk 6/7 (3 reviews)
[2026-04-19T18:04:26.502+0900] {review_sentiment_pipeline.py:116} INFO - Chunk 6 done: got 3 rows (total 15)
[2026-04-19T18:04:29.505+0900] {review_sentiment_pipeline.py:101} INFO - POST http://ai-api-server:8000/analyze_reviews chunk 7/7 (2 reviews)
[2026-04-19T18:05:40.726+0900] {review_sentiment_pipeline.py:116} INFO - Chunk 7 done: got 2 rows (total 17)
[2026-04-19T18:05:40.728+0900] {review_sentiment_pipeline.py:123} INFO - Received 17 analyzed results
[2026-04-19T18:05:40.729+0900] {python.py:237} INFO - Done. Returned value was: [{'review_id': 4, 'sentiment': 'positive', 'keywords': ['화면', '색감', '배터리']}, {'review_id': 5, 'sentiment': 'negative', 'keywords': ['설명서', '설치', '시간']}, {'review_id': 6, 'sentiment': 'positive', 'keywords': ['사이즈', '착용감', '편안함']}, {'review_id': 7, 'sentiment': 'negative', 'keywords': ['소음', '밤', '사용 어려움']}, {'review_id': 8, 'sentiment': 'positive', 'keywords': ['고객센터', '빠른 응답', '문제 해결']}, {'review_id': 9, 'sentiment': 'negative', 'keywords': ['고장', '일주일', '처음']}, {'review_id': 10, 'sentiment': 'positive', 'keywords': ['디자인', '기능', '직관적']}, {'review_id': 11, 'sentiment': 'negative', 'keywords': ['배송 지연', '선물 일정']}, {'review_id': 12, 'sentiment': 'negative', 'keywords': ['성능', '무난', '기대']}, {'review_id': 13, 'sentiment': 'positive', 'keywords': ['재질', '튼튼', '오염']}, {'review_id': 14, 'sentiment': 'negative', 'keywords': ['앱', '연동', '끊김']}, {'review_id': 15, 'sentiment': 'positive', 'keywords': ['안내', '설치', '친절']}, {'review_id': 16, 'sentiment': 'negative', 'keywords': ['색상', '사진', '실망']}, {'review_id': 17, 'sentiment': 'positive', 'keywords': ['배송', '제품', '만족']}, {'review_id': 18, 'sentiment': 'negative', 'keywords': ['버튼', '반응', '인터페이스']}, {'review_id': 19, 'sentiment': 'positive', 'keywords': ['가격', '품질', '좋네요']}, {'review_id': 20, 'sentiment': 'negative', 'keywords': ['교환', '처리', '불편했습니다']}]
[2026-04-19T18:05:40.730+0900] {taskinstance.py:441} INFO - ::group::Post task execution logs
[2026-04-19T18:05:40.762+0900] {taskinstance.py:1206} INFO - Marking task as SUCCESS. dag_id=review_sentiment_pipeline, task_id=call_review_api, run_id=scheduled__2026-04-18T00:00:00+00:00, execution_date=20260418T000000, start_date=20260419T085917, end_date=20260419T090540
[2026-04-19T18:05:40.783+0900] {local_task_job_runner.py:243} INFO - Task exited with return code 0
[2026-04-19T18:05:40.808+0900] {taskinstance.py:3503} INFO - 1 downstream tasks scheduled from follow-on schedule check
[2026-04-19T18:05:40.810+0900] {local_task_job_runner.py:222} INFO - ::endgroup::
