[2026-04-19T21:28:35.951+0900] {local_task_job_runner.py:120} INFO - ::group::Pre task execution logs
[2026-04-19T21:28:35.994+0900] {taskinstance.py:2076} INFO - Dependencies all met for dep_context=non-requeueable deps ti=<TaskInstance: review_sentiment_pipeline.extract_pending_reviews manual__2026-04-19T12:28:35.376724+00:00 [queued]>
[2026-04-19T21:28:36.000+0900] {taskinstance.py:2076} INFO - Dependencies all met for dep_context=requeueable deps ti=<TaskInstance: review_sentiment_pipeline.extract_pending_reviews manual__2026-04-19T12:28:35.376724+00:00 [queued]>
[2026-04-19T21:28:36.001+0900] {taskinstance.py:2306} INFO - Starting attempt 1 of 2
[2026-04-19T21:28:36.011+0900] {taskinstance.py:2330} INFO - Executing <Task(PythonOperator): extract_pending_reviews> on 2026-04-19 12:28:35.376724+00:00
[2026-04-19T21:28:36.018+0900] {standard_task_runner.py:90} INFO - Running: ['***', 'tasks', 'run', 'review_sentiment_pipeline', 'extract_pending_reviews', 'manual__2026-04-19T12:28:35.376724+00:00', '--job-id', '33', '--raw', '--subdir', 'DAGS_FOLDER/review_sentiment_pipeline.py', '--cfg-path', '/tmp/tmpk8z59b98']
[2026-04-19T21:28:36.020+0900] {standard_task_runner.py:91} INFO - Job 33: Subtask extract_pending_reviews
[2026-04-19T21:28:36.021+0900] {logging_mixin.py:188} WARNING - /home/***/.local/lib/python3.12/site-packages/***/task/task_runner/standard_task_runner.py:62 DeprecationWarning: This process (pid=251) is multi-threaded, use of fork() may lead to deadlocks in the child.
[2026-04-19T21:28:36.023+0900] {standard_task_runner.py:64} INFO - Started process 252 to run task
[2026-04-19T21:28:36.069+0900] {task_command.py:426} INFO - Running <TaskInstance: review_sentiment_pipeline.extract_pending_reviews manual__2026-04-19T12:28:35.376724+00:00 [running]> on host 026bc6cf4609
[2026-04-19T21:28:36.157+0900] {taskinstance.py:2648} INFO - Exporting env vars: AIRFLOW_CTX_DAG_OWNER='data-team' AIRFLOW_CTX_DAG_ID='review_sentiment_pipeline' AIRFLOW_CTX_TASK_ID='extract_pending_reviews' AIRFLOW_CTX_EXECUTION_DATE='2026-04-19T12:28:35.376724+00:00' AIRFLOW_CTX_TRY_NUMBER='1' AIRFLOW_CTX_DAG_RUN_ID='manual__2026-04-19T12:28:35.376724+00:00'
[2026-04-19T21:28:36.157+0900] {taskinstance.py:430} INFO - ::endgroup::
[2026-04-19T21:28:36.208+0900] {base.py:84} INFO - Using connection ID 'mysql_reviews' for task execution.
[2026-04-19T21:28:36.255+0900] {review_sentiment_pipeline.py:80} INFO - Extracted 0 pending reviews
[2026-04-19T21:28:36.256+0900] {python.py:237} INFO - Done. Returned value was: []
[2026-04-19T21:28:36.256+0900] {taskinstance.py:441} INFO - ::group::Post task execution logs
[2026-04-19T21:28:36.276+0900] {taskinstance.py:1206} INFO - Marking task as SUCCESS. dag_id=review_sentiment_pipeline, task_id=extract_pending_reviews, run_id=manual__2026-04-19T12:28:35.376724+00:00, execution_date=20260419T122835, start_date=20260419T122835, end_date=20260419T122836
[2026-04-19T21:28:36.294+0900] {local_task_job_runner.py:243} INFO - Task exited with return code 0
[2026-04-19T21:28:36.311+0900] {taskinstance.py:3503} INFO - 1 downstream tasks scheduled from follow-on schedule check
[2026-04-19T21:28:36.312+0900] {local_task_job_runner.py:222} INFO - ::endgroup::
