[2026-04-19T22:06:50.363+0900] {processor.py:161} INFO - Started process (PID=606) to work on /opt/airflow/dags/review_sentiment_pipeline_v2.py
[2026-04-19T22:06:50.364+0900] {processor.py:830} INFO - Processing file /opt/airflow/dags/review_sentiment_pipeline_v2.py for tasks to queue
[2026-04-19T22:06:50.366+0900] {logging_mixin.py:188} INFO - [2026-04-19T22:06:50.365+0900] {dagbag.py:545} INFO - Filling up the DagBag from /opt/airflow/dags/review_sentiment_pipeline_v2.py
[2026-04-19T22:06:50.405+0900] {processor.py:840} INFO - DAG(s) 'review_sentiment_pipeline' retrieved from /opt/airflow/dags/review_sentiment_pipeline_v2.py
[2026-04-19T22:06:50.432+0900] {logging_mixin.py:188} INFO - [2026-04-19T22:06:50.431+0900] {dag.py:3089} INFO - Sync 1 DAGs
[2026-04-19T22:06:50.464+0900] {logging_mixin.py:188} INFO - [2026-04-19T22:06:50.464+0900] {dag.py:3947} INFO - Setting next_dagrun for review_sentiment_pipeline to 2026-04-19 00:00:00+00:00, run_after=2026-04-20 00:00:00+00:00
[2026-04-19T22:06:50.493+0900] {processor.py:183} INFO - Processing /opt/airflow/dags/review_sentiment_pipeline_v2.py took 0.147 seconds
[2026-04-19T22:07:01.600+0900] {processor.py:161} INFO - Started process (PID=622) to work on /opt/airflow/dags/review_sentiment_pipeline_v2.py
[2026-04-19T22:07:01.601+0900] {processor.py:830} INFO - Processing file /opt/airflow/dags/review_sentiment_pipeline_v2.py for tasks to queue
[2026-04-19T22:07:01.603+0900] {logging_mixin.py:188} INFO - [2026-04-19T22:07:01.602+0900] {dagbag.py:545} INFO - Filling up the DagBag from /opt/airflow/dags/review_sentiment_pipeline_v2.py
[2026-04-19T22:07:01.619+0900] {processor.py:840} INFO - DAG(s) 'review_sentiment_pipeline_v2' retrieved from /opt/airflow/dags/review_sentiment_pipeline_v2.py
[2026-04-19T22:07:01.705+0900] {logging_mixin.py:188} INFO - [2026-04-19T22:07:01.705+0900] {override.py:1858} INFO - Created Permission View: can delete on DAG:review_sentiment_pipeline_v2
[2026-04-19T22:07:01.711+0900] {logging_mixin.py:188} INFO - [2026-04-19T22:07:01.711+0900] {override.py:1858} INFO - Created Permission View: can edit on DAG:review_sentiment_pipeline_v2
[2026-04-19T22:07:01.714+0900] {logging_mixin.py:188} INFO - [2026-04-19T22:07:01.714+0900] {override.py:1858} INFO - Created Permission View: can read on DAG:review_sentiment_pipeline_v2
[2026-04-19T22:07:01.715+0900] {logging_mixin.py:188} INFO - [2026-04-19T22:07:01.715+0900] {dag.py:3089} INFO - Sync 1 DAGs
[2026-04-19T22:07:01.722+0900] {logging_mixin.py:188} INFO - [2026-04-19T22:07:01.722+0900] {dag.py:3111} INFO - Creating ORM DAG for review_sentiment_pipeline_v2
[2026-04-19T22:07:01.729+0900] {logging_mixin.py:188} INFO - [2026-04-19T22:07:01.729+0900] {dag.py:3947} INFO - Setting next_dagrun for review_sentiment_pipeline_v2 to 2026-04-18 00:00:00+00:00, run_after=2026-04-19 00:00:00+00:00
[2026-04-19T22:07:01.742+0900] {processor.py:183} INFO - Processing /opt/airflow/dags/review_sentiment_pipeline_v2.py took 0.151 seconds
[2026-04-19T22:07:02.649+0900] {processor.py:161} INFO - Started process (PID=627) to work on /opt/airflow/dags/review_sentiment_pipeline_v2.py
[2026-04-19T22:07:02.651+0900] {processor.py:830} INFO - Processing file /opt/airflow/dags/review_sentiment_pipeline_v2.py for tasks to queue
[2026-04-19T22:07:02.652+0900] {logging_mixin.py:188} INFO - [2026-04-19T22:07:02.651+0900] {dagbag.py:545} INFO - Filling up the DagBag from /opt/airflow/dags/review_sentiment_pipeline_v2.py
[2026-04-19T22:07:02.677+0900] {processor.py:840} INFO - DAG(s) 'review_sentiment_pipeline_v2' retrieved from /opt/airflow/dags/review_sentiment_pipeline_v2.py
[2026-04-19T22:07:02.698+0900] {logging_mixin.py:188} INFO - [2026-04-19T22:07:02.698+0900] {dag.py:3089} INFO - Sync 1 DAGs
[2026-04-19T22:07:02.720+0900] {logging_mixin.py:188} INFO - [2026-04-19T22:07:02.720+0900] {dag.py:3947} INFO - Setting next_dagrun for review_sentiment_pipeline_v2 to 2026-04-18 00:00:00+00:00, run_after=2026-04-19 00:00:00+00:00
[2026-04-19T22:07:02.737+0900] {processor.py:183} INFO - Processing /opt/airflow/dags/review_sentiment_pipeline_v2.py took 0.096 seconds
[2026-04-19T22:07:33.086+0900] {processor.py:161} INFO - Started process (PID=649) to work on /opt/airflow/dags/review_sentiment_pipeline_v2.py
[2026-04-19T22:07:33.090+0900] {processor.py:830} INFO - Processing file /opt/airflow/dags/review_sentiment_pipeline_v2.py for tasks to queue
[2026-04-19T22:07:33.091+0900] {logging_mixin.py:188} INFO - [2026-04-19T22:07:33.091+0900] {dagbag.py:545} INFO - Filling up the DagBag from /opt/airflow/dags/review_sentiment_pipeline_v2.py
[2026-04-19T22:07:33.109+0900] {processor.py:840} INFO - DAG(s) 'review_sentiment_pipeline_v2' retrieved from /opt/airflow/dags/review_sentiment_pipeline_v2.py
[2026-04-19T22:07:33.133+0900] {logging_mixin.py:188} INFO - [2026-04-19T22:07:33.133+0900] {dag.py:3089} INFO - Sync 1 DAGs
[2026-04-19T22:07:33.149+0900] {logging_mixin.py:188} INFO - [2026-04-19T22:07:33.149+0900] {dag.py:3947} INFO - Setting next_dagrun for review_sentiment_pipeline_v2 to 2026-04-19 00:00:00+00:00, run_after=2026-04-20 00:00:00+00:00
[2026-04-19T22:07:33.161+0900] {processor.py:183} INFO - Processing /opt/airflow/dags/review_sentiment_pipeline_v2.py took 0.088 seconds
[2026-04-19T22:08:03.535+0900] {processor.py:161} INFO - Started process (PID=665) to work on /opt/airflow/dags/review_sentiment_pipeline_v2.py
[2026-04-19T22:08:03.537+0900] {processor.py:830} INFO - Processing file /opt/airflow/dags/review_sentiment_pipeline_v2.py for tasks to queue
[2026-04-19T22:08:03.537+0900] {logging_mixin.py:188} INFO - [2026-04-19T22:08:03.537+0900] {dagbag.py:545} INFO - Filling up the DagBag from /opt/airflow/dags/review_sentiment_pipeline_v2.py
[2026-04-19T22:08:03.551+0900] {processor.py:840} INFO - DAG(s) 'review_sentiment_pipeline_v2' retrieved from /opt/airflow/dags/review_sentiment_pipeline_v2.py
[2026-04-19T22:08:03.572+0900] {logging_mixin.py:188} INFO - [2026-04-19T22:08:03.572+0900] {dag.py:3089} INFO - Sync 1 DAGs
[2026-04-19T22:08:03.585+0900] {logging_mixin.py:188} INFO - [2026-04-19T22:08:03.585+0900] {dag.py:3947} INFO - Setting next_dagrun for review_sentiment_pipeline_v2 to 2026-04-19 00:00:00+00:00, run_after=2026-04-20 00:00:00+00:00
[2026-04-19T22:08:03.596+0900] {processor.py:183} INFO - Processing /opt/airflow/dags/review_sentiment_pipeline_v2.py took 0.073 seconds
[2026-04-19T22:08:34.056+0900] {processor.py:161} INFO - Started process (PID=681) to work on /opt/airflow/dags/review_sentiment_pipeline_v2.py
[2026-04-19T22:08:34.058+0900] {processor.py:830} INFO - Processing file /opt/airflow/dags/review_sentiment_pipeline_v2.py for tasks to queue
[2026-04-19T22:08:34.059+0900] {logging_mixin.py:188} INFO - [2026-04-19T22:08:34.058+0900] {dagbag.py:545} INFO - Filling up the DagBag from /opt/airflow/dags/review_sentiment_pipeline_v2.py
[2026-04-19T22:08:34.074+0900] {processor.py:840} INFO - DAG(s) 'review_sentiment_pipeline_v2' retrieved from /opt/airflow/dags/review_sentiment_pipeline_v2.py
[2026-04-19T22:08:34.099+0900] {logging_mixin.py:188} INFO - [2026-04-19T22:08:34.098+0900] {dag.py:3089} INFO - Sync 1 DAGs
[2026-04-19T22:08:34.111+0900] {logging_mixin.py:188} INFO - [2026-04-19T22:08:34.111+0900] {dag.py:3947} INFO - Setting next_dagrun for review_sentiment_pipeline_v2 to 2026-04-19 00:00:00+00:00, run_after=2026-04-20 00:00:00+00:00
[2026-04-19T22:08:34.125+0900] {processor.py:183} INFO - Processing /opt/airflow/dags/review_sentiment_pipeline_v2.py took 0.080 seconds
[2026-04-19T22:09:04.490+0900] {processor.py:161} INFO - Started process (PID=697) to work on /opt/airflow/dags/review_sentiment_pipeline_v2.py
[2026-04-19T22:09:04.491+0900] {processor.py:830} INFO - Processing file /opt/airflow/dags/review_sentiment_pipeline_v2.py for tasks to queue
[2026-04-19T22:09:04.492+0900] {logging_mixin.py:188} INFO - [2026-04-19T22:09:04.492+0900] {dagbag.py:545} INFO - Filling up the DagBag from /opt/airflow/dags/review_sentiment_pipeline_v2.py
[2026-04-19T22:09:04.505+0900] {processor.py:840} INFO - DAG(s) 'review_sentiment_pipeline_v2' retrieved from /opt/airflow/dags/review_sentiment_pipeline_v2.py
[2026-04-19T22:09:04.530+0900] {logging_mixin.py:188} INFO - [2026-04-19T22:09:04.530+0900] {dag.py:3089} INFO - Sync 1 DAGs
[2026-04-19T22:09:04.545+0900] {logging_mixin.py:188} INFO - [2026-04-19T22:09:04.545+0900] {dag.py:3947} INFO - Setting next_dagrun for review_sentiment_pipeline_v2 to 2026-04-19 00:00:00+00:00, run_after=2026-04-20 00:00:00+00:00
[2026-04-19T22:09:04.558+0900] {processor.py:183} INFO - Processing /opt/airflow/dags/review_sentiment_pipeline_v2.py took 0.074 seconds
[2026-04-19T22:09:34.801+0900] {processor.py:161} INFO - Started process (PID=713) to work on /opt/airflow/dags/review_sentiment_pipeline_v2.py
[2026-04-19T22:09:34.802+0900] {processor.py:830} INFO - Processing file /opt/airflow/dags/review_sentiment_pipeline_v2.py for tasks to queue
[2026-04-19T22:09:34.803+0900] {logging_mixin.py:188} INFO - [2026-04-19T22:09:34.802+0900] {dagbag.py:545} INFO - Filling up the DagBag from /opt/airflow/dags/review_sentiment_pipeline_v2.py
[2026-04-19T22:09:34.817+0900] {processor.py:840} INFO - DAG(s) 'review_sentiment_pipeline_v2' retrieved from /opt/airflow/dags/review_sentiment_pipeline_v2.py
[2026-04-19T22:09:34.838+0900] {logging_mixin.py:188} INFO - [2026-04-19T22:09:34.838+0900] {dag.py:3089} INFO - Sync 1 DAGs
[2026-04-19T22:09:34.850+0900] {logging_mixin.py:188} INFO - [2026-04-19T22:09:34.849+0900] {dag.py:3947} INFO - Setting next_dagrun for review_sentiment_pipeline_v2 to 2026-04-19 00:00:00+00:00, run_after=2026-04-20 00:00:00+00:00
[2026-04-19T22:09:34.859+0900] {processor.py:183} INFO - Processing /opt/airflow/dags/review_sentiment_pipeline_v2.py took 0.065 seconds
[2026-04-19T22:10:05.092+0900] {processor.py:161} INFO - Started process (PID=729) to work on /opt/airflow/dags/review_sentiment_pipeline_v2.py
[2026-04-19T22:10:05.093+0900] {processor.py:830} INFO - Processing file /opt/airflow/dags/review_sentiment_pipeline_v2.py for tasks to queue
[2026-04-19T22:10:05.093+0900] {logging_mixin.py:188} INFO - [2026-04-19T22:10:05.093+0900] {dagbag.py:545} INFO - Filling up the DagBag from /opt/airflow/dags/review_sentiment_pipeline_v2.py
[2026-04-19T22:10:05.109+0900] {processor.py:840} INFO - DAG(s) 'review_sentiment_pipeline_v2' retrieved from /opt/airflow/dags/review_sentiment_pipeline_v2.py
[2026-04-19T22:10:05.136+0900] {logging_mixin.py:188} INFO - [2026-04-19T22:10:05.135+0900] {dag.py:3089} INFO - Sync 1 DAGs
[2026-04-19T22:10:05.150+0900] {logging_mixin.py:188} INFO - [2026-04-19T22:10:05.150+0900] {dag.py:3947} INFO - Setting next_dagrun for review_sentiment_pipeline_v2 to 2026-04-19 00:00:00+00:00, run_after=2026-04-20 00:00:00+00:00
[2026-04-19T22:10:05.164+0900] {processor.py:183} INFO - Processing /opt/airflow/dags/review_sentiment_pipeline_v2.py took 0.079 seconds
[2026-04-19T22:10:35.527+0900] {processor.py:161} INFO - Started process (PID=745) to work on /opt/airflow/dags/review_sentiment_pipeline_v2.py
[2026-04-19T22:10:35.528+0900] {processor.py:830} INFO - Processing file /opt/airflow/dags/review_sentiment_pipeline_v2.py for tasks to queue
[2026-04-19T22:10:35.529+0900] {logging_mixin.py:188} INFO - [2026-04-19T22:10:35.529+0900] {dagbag.py:545} INFO - Filling up the DagBag from /opt/airflow/dags/review_sentiment_pipeline_v2.py
[2026-04-19T22:10:35.539+0900] {processor.py:840} INFO - DAG(s) 'review_sentiment_pipeline_v2' retrieved from /opt/airflow/dags/review_sentiment_pipeline_v2.py
[2026-04-19T22:10:35.564+0900] {logging_mixin.py:188} INFO - [2026-04-19T22:10:35.563+0900] {dag.py:3089} INFO - Sync 1 DAGs
[2026-04-19T22:10:35.577+0900] {logging_mixin.py:188} INFO - [2026-04-19T22:10:35.576+0900] {dag.py:3947} INFO - Setting next_dagrun for review_sentiment_pipeline_v2 to 2026-04-19 00:00:00+00:00, run_after=2026-04-20 00:00:00+00:00
[2026-04-19T22:10:35.589+0900] {processor.py:183} INFO - Processing /opt/airflow/dags/review_sentiment_pipeline_v2.py took 0.066 seconds
[2026-04-19T22:11:05.877+0900] {processor.py:161} INFO - Started process (PID=761) to work on /opt/airflow/dags/review_sentiment_pipeline_v2.py
[2026-04-19T22:11:05.878+0900] {processor.py:830} INFO - Processing file /opt/airflow/dags/review_sentiment_pipeline_v2.py for tasks to queue
[2026-04-19T22:11:05.879+0900] {logging_mixin.py:188} INFO - [2026-04-19T22:11:05.879+0900] {dagbag.py:545} INFO - Filling up the DagBag from /opt/airflow/dags/review_sentiment_pipeline_v2.py
[2026-04-19T22:11:05.889+0900] {processor.py:840} INFO - DAG(s) 'review_sentiment_pipeline_v2' retrieved from /opt/airflow/dags/review_sentiment_pipeline_v2.py
[2026-04-19T22:11:05.911+0900] {logging_mixin.py:188} INFO - [2026-04-19T22:11:05.911+0900] {dag.py:3089} INFO - Sync 1 DAGs
[2026-04-19T22:11:05.925+0900] {logging_mixin.py:188} INFO - [2026-04-19T22:11:05.925+0900] {dag.py:3947} INFO - Setting next_dagrun for review_sentiment_pipeline_v2 to 2026-04-19 00:00:00+00:00, run_after=2026-04-20 00:00:00+00:00
[2026-04-19T22:11:05.939+0900] {processor.py:183} INFO - Processing /opt/airflow/dags/review_sentiment_pipeline_v2.py took 0.066 seconds
[2026-04-19T22:11:36.227+0900] {processor.py:161} INFO - Started process (PID=777) to work on /opt/airflow/dags/review_sentiment_pipeline_v2.py
[2026-04-19T22:11:36.228+0900] {processor.py:830} INFO - Processing file /opt/airflow/dags/review_sentiment_pipeline_v2.py for tasks to queue
[2026-04-19T22:11:36.229+0900] {logging_mixin.py:188} INFO - [2026-04-19T22:11:36.229+0900] {dagbag.py:545} INFO - Filling up the DagBag from /opt/airflow/dags/review_sentiment_pipeline_v2.py
[2026-04-19T22:11:36.239+0900] {processor.py:840} INFO - DAG(s) 'review_sentiment_pipeline_v2' retrieved from /opt/airflow/dags/review_sentiment_pipeline_v2.py
[2026-04-19T22:11:36.260+0900] {logging_mixin.py:188} INFO - [2026-04-19T22:11:36.260+0900] {dag.py:3089} INFO - Sync 1 DAGs
[2026-04-19T22:11:36.274+0900] {logging_mixin.py:188} INFO - [2026-04-19T22:11:36.274+0900] {dag.py:3947} INFO - Setting next_dagrun for review_sentiment_pipeline_v2 to 2026-04-19 00:00:00+00:00, run_after=2026-04-20 00:00:00+00:00
[2026-04-19T22:11:36.287+0900] {processor.py:183} INFO - Processing /opt/airflow/dags/review_sentiment_pipeline_v2.py took 0.064 seconds
[2026-04-19T22:12:06.586+0900] {processor.py:161} INFO - Started process (PID=793) to work on /opt/airflow/dags/review_sentiment_pipeline_v2.py
[2026-04-19T22:12:06.587+0900] {processor.py:830} INFO - Processing file /opt/airflow/dags/review_sentiment_pipeline_v2.py for tasks to queue
[2026-04-19T22:12:06.588+0900] {logging_mixin.py:188} INFO - [2026-04-19T22:12:06.588+0900] {dagbag.py:545} INFO - Filling up the DagBag from /opt/airflow/dags/review_sentiment_pipeline_v2.py
[2026-04-19T22:12:06.598+0900] {processor.py:840} INFO - DAG(s) 'review_sentiment_pipeline_v2' retrieved from /opt/airflow/dags/review_sentiment_pipeline_v2.py
[2026-04-19T22:12:06.619+0900] {logging_mixin.py:188} INFO - [2026-04-19T22:12:06.619+0900] {dag.py:3089} INFO - Sync 1 DAGs
[2026-04-19T22:12:06.641+0900] {logging_mixin.py:188} INFO - [2026-04-19T22:12:06.640+0900] {dag.py:3947} INFO - Setting next_dagrun for review_sentiment_pipeline_v2 to 2026-04-19 00:00:00+00:00, run_after=2026-04-20 00:00:00+00:00
[2026-04-19T22:12:06.654+0900] {processor.py:183} INFO - Processing /opt/airflow/dags/review_sentiment_pipeline_v2.py took 0.074 seconds
[2026-04-19T22:12:10.650+0900] {processor.py:161} INFO - Started process (PID=798) to work on /opt/airflow/dags/review_sentiment_pipeline_v2.py
[2026-04-19T22:12:10.652+0900] {processor.py:830} INFO - Processing file /opt/airflow/dags/review_sentiment_pipeline_v2.py for tasks to queue
[2026-04-19T22:12:10.653+0900] {logging_mixin.py:188} INFO - [2026-04-19T22:12:10.652+0900] {dagbag.py:545} INFO - Filling up the DagBag from /opt/airflow/dags/review_sentiment_pipeline_v2.py
[2026-04-19T22:12:10.680+0900] {processor.py:840} INFO - DAG(s) 'review_sentiment_pipeline_v2' retrieved from /opt/airflow/dags/review_sentiment_pipeline_v2.py
[2026-04-19T22:12:10.716+0900] {logging_mixin.py:188} INFO - [2026-04-19T22:12:10.716+0900] {dag.py:3089} INFO - Sync 1 DAGs
[2026-04-19T22:12:10.735+0900] {logging_mixin.py:188} INFO - [2026-04-19T22:12:10.735+0900] {dag.py:3947} INFO - Setting next_dagrun for review_sentiment_pipeline_v2 to 2026-04-19 00:00:00+00:00, run_after=2026-04-20 00:00:00+00:00
[2026-04-19T22:12:10.752+0900] {processor.py:183} INFO - Processing /opt/airflow/dags/review_sentiment_pipeline_v2.py took 0.110 seconds
[2026-04-19T22:12:34.044+0900] {processor.py:161} INFO - Started process (PID=809) to work on /opt/airflow/dags/review_sentiment_pipeline_v2.py
[2026-04-19T22:12:34.047+0900] {processor.py:830} INFO - Processing file /opt/airflow/dags/review_sentiment_pipeline_v2.py for tasks to queue
[2026-04-19T22:12:34.049+0900] {logging_mixin.py:188} INFO - [2026-04-19T22:12:34.048+0900] {dagbag.py:545} INFO - Filling up the DagBag from /opt/airflow/dags/review_sentiment_pipeline_v2.py
[2026-04-19T22:12:34.109+0900] {processor.py:840} INFO - DAG(s) 'review_sentiment_pipeline_v2' retrieved from /opt/airflow/dags/review_sentiment_pipeline_v2.py
[2026-04-19T22:12:34.155+0900] {logging_mixin.py:188} INFO - [2026-04-19T22:12:34.154+0900] {dag.py:3089} INFO - Sync 1 DAGs
[2026-04-19T22:12:34.182+0900] {logging_mixin.py:188} INFO - [2026-04-19T22:12:34.182+0900] {dag.py:3947} INFO - Setting next_dagrun for review_sentiment_pipeline_v2 to 2026-04-19 00:00:00+00:00, run_after=2026-04-20 00:00:00+00:00
[2026-04-19T22:12:34.201+0900] {processor.py:183} INFO - Processing /opt/airflow/dags/review_sentiment_pipeline_v2.py took 0.175 seconds
[2026-04-19T22:13:04.378+0900] {processor.py:161} INFO - Started process (PID=825) to work on /opt/airflow/dags/review_sentiment_pipeline_v2.py
[2026-04-19T22:13:04.379+0900] {processor.py:830} INFO - Processing file /opt/airflow/dags/review_sentiment_pipeline_v2.py for tasks to queue
[2026-04-19T22:13:04.381+0900] {logging_mixin.py:188} INFO - [2026-04-19T22:13:04.380+0900] {dagbag.py:545} INFO - Filling up the DagBag from /opt/airflow/dags/review_sentiment_pipeline_v2.py
[2026-04-19T22:13:04.403+0900] {processor.py:840} INFO - DAG(s) 'review_sentiment_pipeline_v2' retrieved from /opt/airflow/dags/review_sentiment_pipeline_v2.py
[2026-04-19T22:13:04.435+0900] {logging_mixin.py:188} INFO - [2026-04-19T22:13:04.435+0900] {dag.py:3089} INFO - Sync 1 DAGs
[2026-04-19T22:13:04.453+0900] {logging_mixin.py:188} INFO - [2026-04-19T22:13:04.453+0900] {dag.py:3947} INFO - Setting next_dagrun for review_sentiment_pipeline_v2 to 2026-04-19 00:00:00+00:00, run_after=2026-04-20 00:00:00+00:00
[2026-04-19T22:13:04.466+0900] {processor.py:183} INFO - Processing /opt/airflow/dags/review_sentiment_pipeline_v2.py took 0.095 seconds
[2026-04-19T22:13:34.754+0900] {processor.py:161} INFO - Started process (PID=841) to work on /opt/airflow/dags/review_sentiment_pipeline_v2.py
[2026-04-19T22:13:34.756+0900] {processor.py:830} INFO - Processing file /opt/airflow/dags/review_sentiment_pipeline_v2.py for tasks to queue
[2026-04-19T22:13:34.758+0900] {logging_mixin.py:188} INFO - [2026-04-19T22:13:34.757+0900] {dagbag.py:545} INFO - Filling up the DagBag from /opt/airflow/dags/review_sentiment_pipeline_v2.py
[2026-04-19T22:13:34.787+0900] {processor.py:840} INFO - DAG(s) 'review_sentiment_pipeline_v2' retrieved from /opt/airflow/dags/review_sentiment_pipeline_v2.py
[2026-04-19T22:13:34.836+0900] {logging_mixin.py:188} INFO - [2026-04-19T22:13:34.836+0900] {dag.py:3089} INFO - Sync 1 DAGs
[2026-04-19T22:13:34.867+0900] {logging_mixin.py:188} INFO - [2026-04-19T22:13:34.867+0900] {dag.py:3947} INFO - Setting next_dagrun for review_sentiment_pipeline_v2 to 2026-04-19 00:00:00+00:00, run_after=2026-04-20 00:00:00+00:00
[2026-04-19T22:13:34.882+0900] {processor.py:183} INFO - Processing /opt/airflow/dags/review_sentiment_pipeline_v2.py took 0.136 seconds
[2026-04-19T22:14:05.118+0900] {processor.py:161} INFO - Started process (PID=857) to work on /opt/airflow/dags/review_sentiment_pipeline_v2.py
[2026-04-19T22:14:05.120+0900] {processor.py:830} INFO - Processing file /opt/airflow/dags/review_sentiment_pipeline_v2.py for tasks to queue
[2026-04-19T22:14:05.121+0900] {logging_mixin.py:188} INFO - [2026-04-19T22:14:05.121+0900] {dagbag.py:545} INFO - Filling up the DagBag from /opt/airflow/dags/review_sentiment_pipeline_v2.py
[2026-04-19T22:14:05.147+0900] {processor.py:840} INFO - DAG(s) 'review_sentiment_pipeline_v2' retrieved from /opt/airflow/dags/review_sentiment_pipeline_v2.py
[2026-04-19T22:14:05.193+0900] {logging_mixin.py:188} INFO - [2026-04-19T22:14:05.193+0900] {dag.py:3089} INFO - Sync 1 DAGs
[2026-04-19T22:14:05.214+0900] {logging_mixin.py:188} INFO - [2026-04-19T22:14:05.214+0900] {dag.py:3947} INFO - Setting next_dagrun for review_sentiment_pipeline_v2 to 2026-04-19 00:00:00+00:00, run_after=2026-04-20 00:00:00+00:00
[2026-04-19T22:14:05.226+0900] {processor.py:183} INFO - Processing /opt/airflow/dags/review_sentiment_pipeline_v2.py took 0.118 seconds
[2026-04-19T22:14:35.495+0900] {processor.py:161} INFO - Started process (PID=873) to work on /opt/airflow/dags/review_sentiment_pipeline_v2.py
[2026-04-19T22:14:35.496+0900] {processor.py:830} INFO - Processing file /opt/airflow/dags/review_sentiment_pipeline_v2.py for tasks to queue
[2026-04-19T22:14:35.498+0900] {logging_mixin.py:188} INFO - [2026-04-19T22:14:35.497+0900] {dagbag.py:545} INFO - Filling up the DagBag from /opt/airflow/dags/review_sentiment_pipeline_v2.py
[2026-04-19T22:14:35.523+0900] {processor.py:840} INFO - DAG(s) 'review_sentiment_pipeline_v2' retrieved from /opt/airflow/dags/review_sentiment_pipeline_v2.py
[2026-04-19T22:14:35.564+0900] {logging_mixin.py:188} INFO - [2026-04-19T22:14:35.564+0900] {dag.py:3089} INFO - Sync 1 DAGs
[2026-04-19T22:14:35.585+0900] {logging_mixin.py:188} INFO - [2026-04-19T22:14:35.585+0900] {dag.py:3947} INFO - Setting next_dagrun for review_sentiment_pipeline_v2 to 2026-04-19 00:00:00+00:00, run_after=2026-04-20 00:00:00+00:00
[2026-04-19T22:14:35.601+0900] {processor.py:183} INFO - Processing /opt/airflow/dags/review_sentiment_pipeline_v2.py took 0.116 seconds
[2026-04-19T22:15:05.870+0900] {processor.py:161} INFO - Started process (PID=889) to work on /opt/airflow/dags/review_sentiment_pipeline_v2.py
[2026-04-19T22:15:05.873+0900] {processor.py:830} INFO - Processing file /opt/airflow/dags/review_sentiment_pipeline_v2.py for tasks to queue
[2026-04-19T22:15:05.875+0900] {logging_mixin.py:188} INFO - [2026-04-19T22:15:05.874+0900] {dagbag.py:545} INFO - Filling up the DagBag from /opt/airflow/dags/review_sentiment_pipeline_v2.py
[2026-04-19T22:15:05.898+0900] {processor.py:840} INFO - DAG(s) 'review_sentiment_pipeline_v2' retrieved from /opt/airflow/dags/review_sentiment_pipeline_v2.py
[2026-04-19T22:15:05.932+0900] {logging_mixin.py:188} INFO - [2026-04-19T22:15:05.931+0900] {dag.py:3089} INFO - Sync 1 DAGs
[2026-04-19T22:15:05.950+0900] {logging_mixin.py:188} INFO - [2026-04-19T22:15:05.950+0900] {dag.py:3947} INFO - Setting next_dagrun for review_sentiment_pipeline_v2 to 2026-04-19 00:00:00+00:00, run_after=2026-04-20 00:00:00+00:00
[2026-04-19T22:15:05.965+0900] {processor.py:183} INFO - Processing /opt/airflow/dags/review_sentiment_pipeline_v2.py took 0.106 seconds
[2026-04-19T22:15:36.291+0900] {processor.py:161} INFO - Started process (PID=905) to work on /opt/airflow/dags/review_sentiment_pipeline_v2.py
[2026-04-19T22:15:36.293+0900] {processor.py:830} INFO - Processing file /opt/airflow/dags/review_sentiment_pipeline_v2.py for tasks to queue
[2026-04-19T22:15:36.294+0900] {logging_mixin.py:188} INFO - [2026-04-19T22:15:36.293+0900] {dagbag.py:545} INFO - Filling up the DagBag from /opt/airflow/dags/review_sentiment_pipeline_v2.py
[2026-04-19T22:15:36.319+0900] {processor.py:840} INFO - DAG(s) 'review_sentiment_pipeline_v2' retrieved from /opt/airflow/dags/review_sentiment_pipeline_v2.py
[2026-04-19T22:15:36.357+0900] {logging_mixin.py:188} INFO - [2026-04-19T22:15:36.356+0900] {dag.py:3089} INFO - Sync 1 DAGs
[2026-04-19T22:15:36.382+0900] {logging_mixin.py:188} INFO - [2026-04-19T22:15:36.382+0900] {dag.py:3947} INFO - Setting next_dagrun for review_sentiment_pipeline_v2 to 2026-04-19 00:00:00+00:00, run_after=2026-04-20 00:00:00+00:00
[2026-04-19T22:15:36.397+0900] {processor.py:183} INFO - Processing /opt/airflow/dags/review_sentiment_pipeline_v2.py took 0.116 seconds
[2026-04-19T22:16:06.697+0900] {processor.py:161} INFO - Started process (PID=921) to work on /opt/airflow/dags/review_sentiment_pipeline_v2.py
[2026-04-19T22:16:06.698+0900] {processor.py:830} INFO - Processing file /opt/airflow/dags/review_sentiment_pipeline_v2.py for tasks to queue
[2026-04-19T22:16:06.699+0900] {logging_mixin.py:188} INFO - [2026-04-19T22:16:06.698+0900] {dagbag.py:545} INFO - Filling up the DagBag from /opt/airflow/dags/review_sentiment_pipeline_v2.py
[2026-04-19T22:16:06.719+0900] {processor.py:840} INFO - DAG(s) 'review_sentiment_pipeline_v2' retrieved from /opt/airflow/dags/review_sentiment_pipeline_v2.py
[2026-04-19T22:16:06.751+0900] {logging_mixin.py:188} INFO - [2026-04-19T22:16:06.750+0900] {dag.py:3089} INFO - Sync 1 DAGs
[2026-04-19T22:16:06.772+0900] {logging_mixin.py:188} INFO - [2026-04-19T22:16:06.772+0900] {dag.py:3947} INFO - Setting next_dagrun for review_sentiment_pipeline_v2 to 2026-04-19 00:00:00+00:00, run_after=2026-04-20 00:00:00+00:00
[2026-04-19T22:16:06.789+0900] {processor.py:183} INFO - Processing /opt/airflow/dags/review_sentiment_pipeline_v2.py took 0.100 seconds
[2026-04-19T22:17:00.873+0900] {processor.py:161} INFO - Started process (PID=196) to work on /opt/airflow/dags/review_sentiment_pipeline_v2.py
[2026-04-19T22:17:00.875+0900] {processor.py:830} INFO - Processing file /opt/airflow/dags/review_sentiment_pipeline_v2.py for tasks to queue
[2026-04-19T22:17:00.879+0900] {logging_mixin.py:188} INFO - [2026-04-19T22:17:00.878+0900] {dagbag.py:545} INFO - Filling up the DagBag from /opt/airflow/dags/review_sentiment_pipeline_v2.py
[2026-04-19T22:17:00.919+0900] {processor.py:840} INFO - DAG(s) 'review_sentiment_pipeline_v2' retrieved from /opt/airflow/dags/review_sentiment_pipeline_v2.py
[2026-04-19T22:17:01.212+0900] {logging_mixin.py:188} INFO - [2026-04-19T22:17:01.212+0900] {override.py:1858} INFO - Created Permission View: can read on DAG:review_sentiment_pipeline_v2
[2026-04-19T22:17:01.218+0900] {logging_mixin.py:188} INFO - [2026-04-19T22:17:01.218+0900] {override.py:1858} INFO - Created Permission View: can edit on DAG:review_sentiment_pipeline_v2
[2026-04-19T22:17:01.221+0900] {logging_mixin.py:188} INFO - [2026-04-19T22:17:01.221+0900] {override.py:1858} INFO - Created Permission View: can delete on DAG:review_sentiment_pipeline_v2
[2026-04-19T22:17:01.222+0900] {logging_mixin.py:188} INFO - [2026-04-19T22:17:01.222+0900] {dag.py:3089} INFO - Sync 1 DAGs
[2026-04-19T22:17:01.229+0900] {logging_mixin.py:188} INFO - [2026-04-19T22:17:01.228+0900] {dag.py:3111} INFO - Creating ORM DAG for review_sentiment_pipeline_v2
[2026-04-19T22:17:01.240+0900] {logging_mixin.py:188} INFO - [2026-04-19T22:17:01.239+0900] {dag.py:3947} INFO - Setting next_dagrun for review_sentiment_pipeline_v2 to 2026-04-18 00:00:00+00:00, run_after=2026-04-19 00:00:00+00:00
[2026-04-19T22:17:01.258+0900] {processor.py:183} INFO - Processing /opt/airflow/dags/review_sentiment_pipeline_v2.py took 0.399 seconds
[2026-04-19T22:17:31.549+0900] {processor.py:161} INFO - Started process (PID=212) to work on /opt/airflow/dags/review_sentiment_pipeline_v2.py
[2026-04-19T22:17:31.551+0900] {processor.py:830} INFO - Processing file /opt/airflow/dags/review_sentiment_pipeline_v2.py for tasks to queue
[2026-04-19T22:17:31.554+0900] {logging_mixin.py:188} INFO - [2026-04-19T22:17:31.554+0900] {dagbag.py:545} INFO - Filling up the DagBag from /opt/airflow/dags/review_sentiment_pipeline_v2.py
[2026-04-19T22:17:31.600+0900] {processor.py:840} INFO - DAG(s) 'review_sentiment_pipeline_v2' retrieved from /opt/airflow/dags/review_sentiment_pipeline_v2.py
[2026-04-19T22:17:31.648+0900] {logging_mixin.py:188} INFO - [2026-04-19T22:17:31.647+0900] {dag.py:3089} INFO - Sync 1 DAGs
[2026-04-19T22:17:31.675+0900] {logging_mixin.py:188} INFO - [2026-04-19T22:17:31.674+0900] {dag.py:3947} INFO - Setting next_dagrun for review_sentiment_pipeline_v2 to 2026-04-18 00:00:00+00:00, run_after=2026-04-19 00:00:00+00:00
[2026-04-19T22:17:31.707+0900] {processor.py:183} INFO - Processing /opt/airflow/dags/review_sentiment_pipeline_v2.py took 0.169 seconds
[2026-04-19T22:18:01.893+0900] {processor.py:161} INFO - Started process (PID=230) to work on /opt/airflow/dags/review_sentiment_pipeline_v2.py
[2026-04-19T22:18:01.894+0900] {processor.py:830} INFO - Processing file /opt/airflow/dags/review_sentiment_pipeline_v2.py for tasks to queue
[2026-04-19T22:18:01.895+0900] {logging_mixin.py:188} INFO - [2026-04-19T22:18:01.895+0900] {dagbag.py:545} INFO - Filling up the DagBag from /opt/airflow/dags/review_sentiment_pipeline_v2.py
[2026-04-19T22:18:01.910+0900] {processor.py:840} INFO - DAG(s) 'review_sentiment_pipeline_v2' retrieved from /opt/airflow/dags/review_sentiment_pipeline_v2.py
[2026-04-19T22:18:01.935+0900] {logging_mixin.py:188} INFO - [2026-04-19T22:18:01.935+0900] {dag.py:3089} INFO - Sync 1 DAGs
[2026-04-19T22:18:01.953+0900] {logging_mixin.py:188} INFO - [2026-04-19T22:18:01.953+0900] {dag.py:3947} INFO - Setting next_dagrun for review_sentiment_pipeline_v2 to 2026-04-19 00:00:00+00:00, run_after=2026-04-20 00:00:00+00:00
[2026-04-19T22:18:01.968+0900] {processor.py:183} INFO - Processing /opt/airflow/dags/review_sentiment_pipeline_v2.py took 0.081 seconds
[2026-04-19T22:18:32.341+0900] {processor.py:161} INFO - Started process (PID=246) to work on /opt/airflow/dags/review_sentiment_pipeline_v2.py
[2026-04-19T22:18:32.342+0900] {processor.py:830} INFO - Processing file /opt/airflow/dags/review_sentiment_pipeline_v2.py for tasks to queue
[2026-04-19T22:18:32.345+0900] {logging_mixin.py:188} INFO - [2026-04-19T22:18:32.344+0900] {dagbag.py:545} INFO - Filling up the DagBag from /opt/airflow/dags/review_sentiment_pipeline_v2.py
[2026-04-19T22:18:32.380+0900] {processor.py:840} INFO - DAG(s) 'review_sentiment_pipeline_v2' retrieved from /opt/airflow/dags/review_sentiment_pipeline_v2.py
[2026-04-19T22:18:32.433+0900] {logging_mixin.py:188} INFO - [2026-04-19T22:18:32.433+0900] {dag.py:3089} INFO - Sync 1 DAGs
[2026-04-19T22:18:32.455+0900] {logging_mixin.py:188} INFO - [2026-04-19T22:18:32.454+0900] {dag.py:3947} INFO - Setting next_dagrun for review_sentiment_pipeline_v2 to 2026-04-19 00:00:00+00:00, run_after=2026-04-20 00:00:00+00:00
[2026-04-19T22:18:32.472+0900] {processor.py:183} INFO - Processing /opt/airflow/dags/review_sentiment_pipeline_v2.py took 0.144 seconds
[2026-04-19T22:19:02.746+0900] {processor.py:161} INFO - Started process (PID=262) to work on /opt/airflow/dags/review_sentiment_pipeline_v2.py
[2026-04-19T22:19:02.748+0900] {processor.py:830} INFO - Processing file /opt/airflow/dags/review_sentiment_pipeline_v2.py for tasks to queue
[2026-04-19T22:19:02.753+0900] {logging_mixin.py:188} INFO - [2026-04-19T22:19:02.752+0900] {dagbag.py:545} INFO - Filling up the DagBag from /opt/airflow/dags/review_sentiment_pipeline_v2.py
[2026-04-19T22:19:02.785+0900] {processor.py:840} INFO - DAG(s) 'review_sentiment_pipeline_v2' retrieved from /opt/airflow/dags/review_sentiment_pipeline_v2.py
[2026-04-19T22:19:02.839+0900] {logging_mixin.py:188} INFO - [2026-04-19T22:19:02.838+0900] {dag.py:3089} INFO - Sync 1 DAGs
[2026-04-19T22:19:02.864+0900] {logging_mixin.py:188} INFO - [2026-04-19T22:19:02.863+0900] {dag.py:3947} INFO - Setting next_dagrun for review_sentiment_pipeline_v2 to 2026-04-19 00:00:00+00:00, run_after=2026-04-20 00:00:00+00:00
[2026-04-19T22:19:02.884+0900] {processor.py:183} INFO - Processing /opt/airflow/dags/review_sentiment_pipeline_v2.py took 0.152 seconds
[2026-04-19T22:19:33.116+0900] {processor.py:161} INFO - Started process (PID=290) to work on /opt/airflow/dags/review_sentiment_pipeline_v2.py
[2026-04-19T22:19:33.117+0900] {processor.py:830} INFO - Processing file /opt/airflow/dags/review_sentiment_pipeline_v2.py for tasks to queue
[2026-04-19T22:19:33.119+0900] {logging_mixin.py:188} INFO - [2026-04-19T22:19:33.119+0900] {dagbag.py:545} INFO - Filling up the DagBag from /opt/airflow/dags/review_sentiment_pipeline_v2.py
[2026-04-19T22:19:33.138+0900] {processor.py:840} INFO - DAG(s) 'review_sentiment_pipeline_v2' retrieved from /opt/airflow/dags/review_sentiment_pipeline_v2.py
[2026-04-19T22:19:33.172+0900] {logging_mixin.py:188} INFO - [2026-04-19T22:19:33.171+0900] {dag.py:3089} INFO - Sync 1 DAGs
[2026-04-19T22:19:33.189+0900] {logging_mixin.py:188} INFO - [2026-04-19T22:19:33.189+0900] {dag.py:3947} INFO - Setting next_dagrun for review_sentiment_pipeline_v2 to 2026-04-19 00:00:00+00:00, run_after=2026-04-20 00:00:00+00:00
[2026-04-19T22:19:33.203+0900] {processor.py:183} INFO - Processing /opt/airflow/dags/review_sentiment_pipeline_v2.py took 0.096 seconds
[2026-04-19T22:20:03.550+0900] {processor.py:161} INFO - Started process (PID=306) to work on /opt/airflow/dags/review_sentiment_pipeline_v2.py
[2026-04-19T22:20:03.552+0900] {processor.py:830} INFO - Processing file /opt/airflow/dags/review_sentiment_pipeline_v2.py for tasks to queue
[2026-04-19T22:20:03.557+0900] {logging_mixin.py:188} INFO - [2026-04-19T22:20:03.556+0900] {dagbag.py:545} INFO - Filling up the DagBag from /opt/airflow/dags/review_sentiment_pipeline_v2.py
[2026-04-19T22:20:03.581+0900] {processor.py:840} INFO - DAG(s) 'review_sentiment_pipeline_v2' retrieved from /opt/airflow/dags/review_sentiment_pipeline_v2.py
[2026-04-19T22:20:03.626+0900] {logging_mixin.py:188} INFO - [2026-04-19T22:20:03.626+0900] {dag.py:3089} INFO - Sync 1 DAGs
[2026-04-19T22:20:03.649+0900] {logging_mixin.py:188} INFO - [2026-04-19T22:20:03.649+0900] {dag.py:3947} INFO - Setting next_dagrun for review_sentiment_pipeline_v2 to 2026-04-19 00:00:00+00:00, run_after=2026-04-20 00:00:00+00:00
[2026-04-19T22:20:03.674+0900] {processor.py:183} INFO - Processing /opt/airflow/dags/review_sentiment_pipeline_v2.py took 0.137 seconds
[2026-04-19T22:20:34.120+0900] {processor.py:161} INFO - Started process (PID=322) to work on /opt/airflow/dags/review_sentiment_pipeline_v2.py
[2026-04-19T22:20:34.121+0900] {processor.py:830} INFO - Processing file /opt/airflow/dags/review_sentiment_pipeline_v2.py for tasks to queue
[2026-04-19T22:20:34.126+0900] {logging_mixin.py:188} INFO - [2026-04-19T22:20:34.125+0900] {dagbag.py:545} INFO - Filling up the DagBag from /opt/airflow/dags/review_sentiment_pipeline_v2.py
[2026-04-19T22:20:34.152+0900] {processor.py:840} INFO - DAG(s) 'review_sentiment_pipeline_v2' retrieved from /opt/airflow/dags/review_sentiment_pipeline_v2.py
[2026-04-19T22:20:34.194+0900] {logging_mixin.py:188} INFO - [2026-04-19T22:20:34.194+0900] {dag.py:3089} INFO - Sync 1 DAGs
[2026-04-19T22:20:34.217+0900] {logging_mixin.py:188} INFO - [2026-04-19T22:20:34.217+0900] {dag.py:3947} INFO - Setting next_dagrun for review_sentiment_pipeline_v2 to 2026-04-19 00:00:00+00:00, run_after=2026-04-20 00:00:00+00:00
[2026-04-19T22:20:34.238+0900] {processor.py:183} INFO - Processing /opt/airflow/dags/review_sentiment_pipeline_v2.py took 0.128 seconds
[2026-04-19T22:21:04.609+0900] {processor.py:161} INFO - Started process (PID=338) to work on /opt/airflow/dags/review_sentiment_pipeline_v2.py
[2026-04-19T22:21:04.611+0900] {processor.py:830} INFO - Processing file /opt/airflow/dags/review_sentiment_pipeline_v2.py for tasks to queue
[2026-04-19T22:21:04.614+0900] {logging_mixin.py:188} INFO - [2026-04-19T22:21:04.614+0900] {dagbag.py:545} INFO - Filling up the DagBag from /opt/airflow/dags/review_sentiment_pipeline_v2.py
[2026-04-19T22:21:04.646+0900] {processor.py:840} INFO - DAG(s) 'review_sentiment_pipeline_v2' retrieved from /opt/airflow/dags/review_sentiment_pipeline_v2.py
[2026-04-19T22:21:04.687+0900] {logging_mixin.py:188} INFO - [2026-04-19T22:21:04.687+0900] {dag.py:3089} INFO - Sync 1 DAGs
[2026-04-19T22:21:04.710+0900] {logging_mixin.py:188} INFO - [2026-04-19T22:21:04.710+0900] {dag.py:3947} INFO - Setting next_dagrun for review_sentiment_pipeline_v2 to 2026-04-19 00:00:00+00:00, run_after=2026-04-20 00:00:00+00:00
[2026-04-19T22:21:04.728+0900] {processor.py:183} INFO - Processing /opt/airflow/dags/review_sentiment_pipeline_v2.py took 0.131 seconds
[2026-04-19T22:21:35.049+0900] {processor.py:161} INFO - Started process (PID=354) to work on /opt/airflow/dags/review_sentiment_pipeline_v2.py
[2026-04-19T22:21:35.052+0900] {processor.py:830} INFO - Processing file /opt/airflow/dags/review_sentiment_pipeline_v2.py for tasks to queue
[2026-04-19T22:21:35.065+0900] {logging_mixin.py:188} INFO - [2026-04-19T22:21:35.064+0900] {dagbag.py:545} INFO - Filling up the DagBag from /opt/airflow/dags/review_sentiment_pipeline_v2.py
[2026-04-19T22:21:35.096+0900] {processor.py:840} INFO - DAG(s) 'review_sentiment_pipeline_v2' retrieved from /opt/airflow/dags/review_sentiment_pipeline_v2.py
[2026-04-19T22:21:35.171+0900] {logging_mixin.py:188} INFO - [2026-04-19T22:21:35.171+0900] {dag.py:3089} INFO - Sync 1 DAGs
[2026-04-19T22:21:35.198+0900] {logging_mixin.py:188} INFO - [2026-04-19T22:21:35.198+0900] {dag.py:3947} INFO - Setting next_dagrun for review_sentiment_pipeline_v2 to 2026-04-19 00:00:00+00:00, run_after=2026-04-20 00:00:00+00:00
[2026-04-19T22:21:35.226+0900] {processor.py:183} INFO - Processing /opt/airflow/dags/review_sentiment_pipeline_v2.py took 0.193 seconds
[2026-04-19T22:21:42.407+0900] {processor.py:161} INFO - Started process (PID=370) to work on /opt/airflow/dags/review_sentiment_pipeline_v2.py
[2026-04-19T22:21:42.413+0900] {processor.py:830} INFO - Processing file /opt/airflow/dags/review_sentiment_pipeline_v2.py for tasks to queue
[2026-04-19T22:21:42.417+0900] {logging_mixin.py:188} INFO - [2026-04-19T22:21:42.417+0900] {dagbag.py:545} INFO - Filling up the DagBag from /opt/airflow/dags/review_sentiment_pipeline_v2.py
[2026-04-19T22:21:42.457+0900] {processor.py:840} INFO - DAG(s) 'review_sentiment_pipeline_v2' retrieved from /opt/airflow/dags/review_sentiment_pipeline_v2.py
[2026-04-19T22:21:42.512+0900] {logging_mixin.py:188} INFO - [2026-04-19T22:21:42.512+0900] {dag.py:3089} INFO - Sync 1 DAGs
[2026-04-19T22:21:42.541+0900] {logging_mixin.py:188} INFO - [2026-04-19T22:21:42.541+0900] {dag.py:3947} INFO - Setting next_dagrun for review_sentiment_pipeline_v2 to 2026-04-19 00:00:00+00:00, run_after=2026-04-20 00:00:00+00:00
[2026-04-19T22:21:42.564+0900] {processor.py:183} INFO - Processing /opt/airflow/dags/review_sentiment_pipeline_v2.py took 0.168 seconds
[2026-04-19T22:22:12.902+0900] {processor.py:161} INFO - Started process (PID=386) to work on /opt/airflow/dags/review_sentiment_pipeline_v2.py
[2026-04-19T22:22:12.905+0900] {processor.py:830} INFO - Processing file /opt/airflow/dags/review_sentiment_pipeline_v2.py for tasks to queue
[2026-04-19T22:22:12.908+0900] {logging_mixin.py:188} INFO - [2026-04-19T22:22:12.907+0900] {dagbag.py:545} INFO - Filling up the DagBag from /opt/airflow/dags/review_sentiment_pipeline_v2.py
[2026-04-19T22:22:12.922+0900] {processor.py:840} INFO - DAG(s) 'review_sentiment_pipeline_v2' retrieved from /opt/airflow/dags/review_sentiment_pipeline_v2.py
[2026-04-19T22:22:12.950+0900] {logging_mixin.py:188} INFO - [2026-04-19T22:22:12.950+0900] {dag.py:3089} INFO - Sync 1 DAGs
[2026-04-19T22:22:12.965+0900] {logging_mixin.py:188} INFO - [2026-04-19T22:22:12.965+0900] {dag.py:3947} INFO - Setting next_dagrun for review_sentiment_pipeline_v2 to 2026-04-19 00:00:00+00:00, run_after=2026-04-20 00:00:00+00:00
[2026-04-19T22:22:12.976+0900] {processor.py:183} INFO - Processing /opt/airflow/dags/review_sentiment_pipeline_v2.py took 0.091 seconds
[2026-04-19T22:22:43.320+0900] {processor.py:161} INFO - Started process (PID=402) to work on /opt/airflow/dags/review_sentiment_pipeline_v2.py
[2026-04-19T22:22:43.322+0900] {processor.py:830} INFO - Processing file /opt/airflow/dags/review_sentiment_pipeline_v2.py for tasks to queue
[2026-04-19T22:22:43.323+0900] {logging_mixin.py:188} INFO - [2026-04-19T22:22:43.323+0900] {dagbag.py:545} INFO - Filling up the DagBag from /opt/airflow/dags/review_sentiment_pipeline_v2.py
[2026-04-19T22:22:43.337+0900] {processor.py:840} INFO - DAG(s) 'review_sentiment_pipeline_v2' retrieved from /opt/airflow/dags/review_sentiment_pipeline_v2.py
[2026-04-19T22:22:43.370+0900] {logging_mixin.py:188} INFO - [2026-04-19T22:22:43.370+0900] {dag.py:3089} INFO - Sync 1 DAGs
[2026-04-19T22:22:43.389+0900] {logging_mixin.py:188} INFO - [2026-04-19T22:22:43.389+0900] {dag.py:3947} INFO - Setting next_dagrun for review_sentiment_pipeline_v2 to 2026-04-19 00:00:00+00:00, run_after=2026-04-20 00:00:00+00:00
[2026-04-19T22:22:43.409+0900] {processor.py:183} INFO - Processing /opt/airflow/dags/review_sentiment_pipeline_v2.py took 0.099 seconds
[2026-04-19T22:23:13.783+0900] {processor.py:161} INFO - Started process (PID=418) to work on /opt/airflow/dags/review_sentiment_pipeline_v2.py
[2026-04-19T22:23:13.785+0900] {processor.py:830} INFO - Processing file /opt/airflow/dags/review_sentiment_pipeline_v2.py for tasks to queue
[2026-04-19T22:23:13.787+0900] {logging_mixin.py:188} INFO - [2026-04-19T22:23:13.787+0900] {dagbag.py:545} INFO - Filling up the DagBag from /opt/airflow/dags/review_sentiment_pipeline_v2.py
[2026-04-19T22:23:13.801+0900] {processor.py:840} INFO - DAG(s) 'review_sentiment_pipeline_v2' retrieved from /opt/airflow/dags/review_sentiment_pipeline_v2.py
[2026-04-19T22:23:13.828+0900] {logging_mixin.py:188} INFO - [2026-04-19T22:23:13.828+0900] {dag.py:3089} INFO - Sync 1 DAGs
[2026-04-19T22:23:13.845+0900] {logging_mixin.py:188} INFO - [2026-04-19T22:23:13.845+0900] {dag.py:3947} INFO - Setting next_dagrun for review_sentiment_pipeline_v2 to 2026-04-19 00:00:00+00:00, run_after=2026-04-20 00:00:00+00:00
[2026-04-19T22:23:13.857+0900] {processor.py:183} INFO - Processing /opt/airflow/dags/review_sentiment_pipeline_v2.py took 0.083 seconds
[2026-04-19T22:23:44.210+0900] {processor.py:161} INFO - Started process (PID=434) to work on /opt/airflow/dags/review_sentiment_pipeline_v2.py
[2026-04-19T22:23:44.212+0900] {processor.py:830} INFO - Processing file /opt/airflow/dags/review_sentiment_pipeline_v2.py for tasks to queue
[2026-04-19T22:23:44.214+0900] {logging_mixin.py:188} INFO - [2026-04-19T22:23:44.214+0900] {dagbag.py:545} INFO - Filling up the DagBag from /opt/airflow/dags/review_sentiment_pipeline_v2.py
[2026-04-19T22:23:44.225+0900] {processor.py:840} INFO - DAG(s) 'review_sentiment_pipeline_v2' retrieved from /opt/airflow/dags/review_sentiment_pipeline_v2.py
[2026-04-19T22:23:44.246+0900] {logging_mixin.py:188} INFO - [2026-04-19T22:23:44.246+0900] {dag.py:3089} INFO - Sync 1 DAGs
[2026-04-19T22:23:44.261+0900] {logging_mixin.py:188} INFO - [2026-04-19T22:23:44.261+0900] {dag.py:3947} INFO - Setting next_dagrun for review_sentiment_pipeline_v2 to 2026-04-19 00:00:00+00:00, run_after=2026-04-20 00:00:00+00:00
[2026-04-19T22:23:44.273+0900] {processor.py:183} INFO - Processing /opt/airflow/dags/review_sentiment_pipeline_v2.py took 0.072 seconds
[2026-04-19T22:24:14.598+0900] {processor.py:161} INFO - Started process (PID=450) to work on /opt/airflow/dags/review_sentiment_pipeline_v2.py
[2026-04-19T22:24:14.600+0900] {processor.py:830} INFO - Processing file /opt/airflow/dags/review_sentiment_pipeline_v2.py for tasks to queue
[2026-04-19T22:24:14.603+0900] {logging_mixin.py:188} INFO - [2026-04-19T22:24:14.603+0900] {dagbag.py:545} INFO - Filling up the DagBag from /opt/airflow/dags/review_sentiment_pipeline_v2.py
[2026-04-19T22:24:14.623+0900] {processor.py:840} INFO - DAG(s) 'review_sentiment_pipeline_v2' retrieved from /opt/airflow/dags/review_sentiment_pipeline_v2.py
[2026-04-19T22:24:14.663+0900] {logging_mixin.py:188} INFO - [2026-04-19T22:24:14.663+0900] {dag.py:3089} INFO - Sync 1 DAGs
[2026-04-19T22:24:14.680+0900] {logging_mixin.py:188} INFO - [2026-04-19T22:24:14.680+0900] {dag.py:3947} INFO - Setting next_dagrun for review_sentiment_pipeline_v2 to 2026-04-19 00:00:00+00:00, run_after=2026-04-20 00:00:00+00:00
[2026-04-19T22:24:14.691+0900] {processor.py:183} INFO - Processing /opt/airflow/dags/review_sentiment_pipeline_v2.py took 0.104 seconds
[2026-04-19T22:24:45.101+0900] {processor.py:161} INFO - Started process (PID=466) to work on /opt/airflow/dags/review_sentiment_pipeline_v2.py
[2026-04-19T22:24:45.102+0900] {processor.py:830} INFO - Processing file /opt/airflow/dags/review_sentiment_pipeline_v2.py for tasks to queue
[2026-04-19T22:24:45.104+0900] {logging_mixin.py:188} INFO - [2026-04-19T22:24:45.104+0900] {dagbag.py:545} INFO - Filling up the DagBag from /opt/airflow/dags/review_sentiment_pipeline_v2.py
[2026-04-19T22:24:45.120+0900] {processor.py:840} INFO - DAG(s) 'review_sentiment_pipeline_v2' retrieved from /opt/airflow/dags/review_sentiment_pipeline_v2.py
[2026-04-19T22:24:45.157+0900] {logging_mixin.py:188} INFO - [2026-04-19T22:24:45.157+0900] {dag.py:3089} INFO - Sync 1 DAGs
[2026-04-19T22:24:45.178+0900] {logging_mixin.py:188} INFO - [2026-04-19T22:24:45.178+0900] {dag.py:3947} INFO - Setting next_dagrun for review_sentiment_pipeline_v2 to 2026-04-19 00:00:00+00:00, run_after=2026-04-20 00:00:00+00:00
[2026-04-19T22:24:45.197+0900] {processor.py:183} INFO - Processing /opt/airflow/dags/review_sentiment_pipeline_v2.py took 0.104 seconds
[2026-04-19T22:25:15.493+0900] {processor.py:161} INFO - Started process (PID=482) to work on /opt/airflow/dags/review_sentiment_pipeline_v2.py
[2026-04-19T22:25:15.498+0900] {processor.py:830} INFO - Processing file /opt/airflow/dags/review_sentiment_pipeline_v2.py for tasks to queue
[2026-04-19T22:25:15.503+0900] {logging_mixin.py:188} INFO - [2026-04-19T22:25:15.502+0900] {dagbag.py:545} INFO - Filling up the DagBag from /opt/airflow/dags/review_sentiment_pipeline_v2.py
[2026-04-19T22:25:15.526+0900] {processor.py:840} INFO - DAG(s) 'review_sentiment_pipeline_v2' retrieved from /opt/airflow/dags/review_sentiment_pipeline_v2.py
[2026-04-19T22:25:15.575+0900] {logging_mixin.py:188} INFO - [2026-04-19T22:25:15.575+0900] {dag.py:3089} INFO - Sync 1 DAGs
[2026-04-19T22:25:15.593+0900] {logging_mixin.py:188} INFO - [2026-04-19T22:25:15.592+0900] {dag.py:3947} INFO - Setting next_dagrun for review_sentiment_pipeline_v2 to 2026-04-19 00:00:00+00:00, run_after=2026-04-20 00:00:00+00:00
[2026-04-19T22:25:15.606+0900] {processor.py:183} INFO - Processing /opt/airflow/dags/review_sentiment_pipeline_v2.py took 0.125 seconds
[2026-04-19T22:25:45.901+0900] {processor.py:161} INFO - Started process (PID=498) to work on /opt/airflow/dags/review_sentiment_pipeline_v2.py
[2026-04-19T22:25:45.903+0900] {processor.py:830} INFO - Processing file /opt/airflow/dags/review_sentiment_pipeline_v2.py for tasks to queue
[2026-04-19T22:25:45.905+0900] {logging_mixin.py:188} INFO - [2026-04-19T22:25:45.905+0900] {dagbag.py:545} INFO - Filling up the DagBag from /opt/airflow/dags/review_sentiment_pipeline_v2.py
[2026-04-19T22:25:45.917+0900] {processor.py:840} INFO - DAG(s) 'review_sentiment_pipeline_v2' retrieved from /opt/airflow/dags/review_sentiment_pipeline_v2.py
[2026-04-19T22:25:45.946+0900] {logging_mixin.py:188} INFO - [2026-04-19T22:25:45.946+0900] {dag.py:3089} INFO - Sync 1 DAGs
[2026-04-19T22:25:45.963+0900] {logging_mixin.py:188} INFO - [2026-04-19T22:25:45.963+0900] {dag.py:3947} INFO - Setting next_dagrun for review_sentiment_pipeline_v2 to 2026-04-19 00:00:00+00:00, run_after=2026-04-20 00:00:00+00:00
[2026-04-19T22:25:45.977+0900] {processor.py:183} INFO - Processing /opt/airflow/dags/review_sentiment_pipeline_v2.py took 0.086 seconds
[2026-04-19T22:26:16.269+0900] {processor.py:161} INFO - Started process (PID=514) to work on /opt/airflow/dags/review_sentiment_pipeline_v2.py
[2026-04-19T22:26:16.270+0900] {processor.py:830} INFO - Processing file /opt/airflow/dags/review_sentiment_pipeline_v2.py for tasks to queue
[2026-04-19T22:26:16.272+0900] {logging_mixin.py:188} INFO - [2026-04-19T22:26:16.272+0900] {dagbag.py:545} INFO - Filling up the DagBag from /opt/airflow/dags/review_sentiment_pipeline_v2.py
[2026-04-19T22:26:16.283+0900] {processor.py:840} INFO - DAG(s) 'review_sentiment_pipeline_v2' retrieved from /opt/airflow/dags/review_sentiment_pipeline_v2.py
[2026-04-19T22:26:16.310+0900] {logging_mixin.py:188} INFO - [2026-04-19T22:26:16.310+0900] {dag.py:3089} INFO - Sync 1 DAGs
[2026-04-19T22:26:16.326+0900] {logging_mixin.py:188} INFO - [2026-04-19T22:26:16.326+0900] {dag.py:3947} INFO - Setting next_dagrun for review_sentiment_pipeline_v2 to 2026-04-19 00:00:00+00:00, run_after=2026-04-20 00:00:00+00:00
[2026-04-19T22:26:16.339+0900] {processor.py:183} INFO - Processing /opt/airflow/dags/review_sentiment_pipeline_v2.py took 0.077 seconds
[2026-04-19T22:26:46.707+0900] {processor.py:161} INFO - Started process (PID=530) to work on /opt/airflow/dags/review_sentiment_pipeline_v2.py
[2026-04-19T22:26:46.709+0900] {processor.py:830} INFO - Processing file /opt/airflow/dags/review_sentiment_pipeline_v2.py for tasks to queue
[2026-04-19T22:26:46.711+0900] {logging_mixin.py:188} INFO - [2026-04-19T22:26:46.711+0900] {dagbag.py:545} INFO - Filling up the DagBag from /opt/airflow/dags/review_sentiment_pipeline_v2.py
[2026-04-19T22:26:46.724+0900] {processor.py:840} INFO - DAG(s) 'review_sentiment_pipeline_v2' retrieved from /opt/airflow/dags/review_sentiment_pipeline_v2.py
[2026-04-19T22:26:46.756+0900] {logging_mixin.py:188} INFO - [2026-04-19T22:26:46.756+0900] {dag.py:3089} INFO - Sync 1 DAGs
[2026-04-19T22:26:46.771+0900] {logging_mixin.py:188} INFO - [2026-04-19T22:26:46.771+0900] {dag.py:3947} INFO - Setting next_dagrun for review_sentiment_pipeline_v2 to 2026-04-19 00:00:00+00:00, run_after=2026-04-20 00:00:00+00:00
[2026-04-19T22:26:46.782+0900] {processor.py:183} INFO - Processing /opt/airflow/dags/review_sentiment_pipeline_v2.py took 0.087 seconds
[2026-04-19T22:27:17.110+0900] {processor.py:161} INFO - Started process (PID=546) to work on /opt/airflow/dags/review_sentiment_pipeline_v2.py
[2026-04-19T22:27:17.113+0900] {processor.py:830} INFO - Processing file /opt/airflow/dags/review_sentiment_pipeline_v2.py for tasks to queue
[2026-04-19T22:27:17.115+0900] {logging_mixin.py:188} INFO - [2026-04-19T22:27:17.115+0900] {dagbag.py:545} INFO - Filling up the DagBag from /opt/airflow/dags/review_sentiment_pipeline_v2.py
[2026-04-19T22:27:17.127+0900] {processor.py:840} INFO - DAG(s) 'review_sentiment_pipeline_v2' retrieved from /opt/airflow/dags/review_sentiment_pipeline_v2.py
[2026-04-19T22:27:17.164+0900] {logging_mixin.py:188} INFO - [2026-04-19T22:27:17.164+0900] {dag.py:3089} INFO - Sync 1 DAGs
[2026-04-19T22:27:17.185+0900] {logging_mixin.py:188} INFO - [2026-04-19T22:27:17.185+0900] {dag.py:3947} INFO - Setting next_dagrun for review_sentiment_pipeline_v2 to 2026-04-19 00:00:00+00:00, run_after=2026-04-20 00:00:00+00:00
[2026-04-19T22:27:17.200+0900] {processor.py:183} INFO - Processing /opt/airflow/dags/review_sentiment_pipeline_v2.py took 0.097 seconds
[2026-04-19T22:27:38.440+0900] {processor.py:161} INFO - Started process (PID=557) to work on /opt/airflow/dags/review_sentiment_pipeline_v2.py
[2026-04-19T22:27:38.444+0900] {processor.py:830} INFO - Processing file /opt/airflow/dags/review_sentiment_pipeline_v2.py for tasks to queue
[2026-04-19T22:27:38.447+0900] {logging_mixin.py:188} INFO - [2026-04-19T22:27:38.446+0900] {dagbag.py:545} INFO - Filling up the DagBag from /opt/airflow/dags/review_sentiment_pipeline_v2.py
[2026-04-19T22:27:38.498+0900] {processor.py:840} INFO - DAG(s) 'review_sentiment_pipeline_v2' retrieved from /opt/airflow/dags/review_sentiment_pipeline_v2.py
[2026-04-19T22:27:38.562+0900] {logging_mixin.py:188} INFO - [2026-04-19T22:27:38.562+0900] {dag.py:3089} INFO - Sync 1 DAGs
[2026-04-19T22:27:38.598+0900] {logging_mixin.py:188} INFO - [2026-04-19T22:27:38.598+0900] {dag.py:3947} INFO - Setting next_dagrun for review_sentiment_pipeline_v2 to 2026-04-19 00:00:00+00:00, run_after=2026-04-20 00:00:00+00:00
[2026-04-19T22:27:38.614+0900] {processor.py:183} INFO - Processing /opt/airflow/dags/review_sentiment_pipeline_v2.py took 0.193 seconds
[2026-04-19T22:28:09.036+0900] {processor.py:161} INFO - Started process (PID=573) to work on /opt/airflow/dags/review_sentiment_pipeline_v2.py
[2026-04-19T22:28:09.040+0900] {processor.py:830} INFO - Processing file /opt/airflow/dags/review_sentiment_pipeline_v2.py for tasks to queue
[2026-04-19T22:28:09.042+0900] {logging_mixin.py:188} INFO - [2026-04-19T22:28:09.041+0900] {dagbag.py:545} INFO - Filling up the DagBag from /opt/airflow/dags/review_sentiment_pipeline_v2.py
[2026-04-19T22:28:09.094+0900] {processor.py:840} INFO - DAG(s) 'review_sentiment_pipeline_v2' retrieved from /opt/airflow/dags/review_sentiment_pipeline_v2.py
[2026-04-19T22:28:09.149+0900] {logging_mixin.py:188} INFO - [2026-04-19T22:28:09.149+0900] {dag.py:3089} INFO - Sync 1 DAGs
[2026-04-19T22:28:09.175+0900] {logging_mixin.py:188} INFO - [2026-04-19T22:28:09.175+0900] {dag.py:3947} INFO - Setting next_dagrun for review_sentiment_pipeline_v2 to 2026-04-19 00:00:00+00:00, run_after=2026-04-20 00:00:00+00:00
[2026-04-19T22:28:09.189+0900] {processor.py:183} INFO - Processing /opt/airflow/dags/review_sentiment_pipeline_v2.py took 0.171 seconds
[2026-04-19T22:28:39.468+0900] {processor.py:161} INFO - Started process (PID=589) to work on /opt/airflow/dags/review_sentiment_pipeline_v2.py
[2026-04-19T22:28:39.469+0900] {processor.py:830} INFO - Processing file /opt/airflow/dags/review_sentiment_pipeline_v2.py for tasks to queue
[2026-04-19T22:28:39.471+0900] {logging_mixin.py:188} INFO - [2026-04-19T22:28:39.470+0900] {dagbag.py:545} INFO - Filling up the DagBag from /opt/airflow/dags/review_sentiment_pipeline_v2.py
[2026-04-19T22:28:39.505+0900] {processor.py:840} INFO - DAG(s) 'review_sentiment_pipeline_v2' retrieved from /opt/airflow/dags/review_sentiment_pipeline_v2.py
[2026-04-19T22:28:39.556+0900] {logging_mixin.py:188} INFO - [2026-04-19T22:28:39.556+0900] {dag.py:3089} INFO - Sync 1 DAGs
[2026-04-19T22:28:39.580+0900] {logging_mixin.py:188} INFO - [2026-04-19T22:28:39.579+0900] {dag.py:3947} INFO - Setting next_dagrun for review_sentiment_pipeline_v2 to 2026-04-19 00:00:00+00:00, run_after=2026-04-20 00:00:00+00:00
[2026-04-19T22:28:39.594+0900] {processor.py:183} INFO - Processing /opt/airflow/dags/review_sentiment_pipeline_v2.py took 0.133 seconds
[2026-04-19T22:29:09.836+0900] {processor.py:161} INFO - Started process (PID=605) to work on /opt/airflow/dags/review_sentiment_pipeline_v2.py
[2026-04-19T22:29:09.839+0900] {processor.py:830} INFO - Processing file /opt/airflow/dags/review_sentiment_pipeline_v2.py for tasks to queue
[2026-04-19T22:29:09.842+0900] {logging_mixin.py:188} INFO - [2026-04-19T22:29:09.840+0900] {dagbag.py:545} INFO - Filling up the DagBag from /opt/airflow/dags/review_sentiment_pipeline_v2.py
[2026-04-19T22:29:09.890+0900] {processor.py:840} INFO - DAG(s) 'review_sentiment_pipeline_v2' retrieved from /opt/airflow/dags/review_sentiment_pipeline_v2.py
[2026-04-19T22:29:09.948+0900] {logging_mixin.py:188} INFO - [2026-04-19T22:29:09.947+0900] {dag.py:3089} INFO - Sync 1 DAGs
[2026-04-19T22:29:09.972+0900] {logging_mixin.py:188} INFO - [2026-04-19T22:29:09.972+0900] {dag.py:3947} INFO - Setting next_dagrun for review_sentiment_pipeline_v2 to 2026-04-19 00:00:00+00:00, run_after=2026-04-20 00:00:00+00:00
[2026-04-19T22:29:09.986+0900] {processor.py:183} INFO - Processing /opt/airflow/dags/review_sentiment_pipeline_v2.py took 0.161 seconds
[2026-04-19T22:29:40.249+0900] {processor.py:161} INFO - Started process (PID=621) to work on /opt/airflow/dags/review_sentiment_pipeline_v2.py
[2026-04-19T22:29:40.251+0900] {processor.py:830} INFO - Processing file /opt/airflow/dags/review_sentiment_pipeline_v2.py for tasks to queue
[2026-04-19T22:29:40.254+0900] {logging_mixin.py:188} INFO - [2026-04-19T22:29:40.254+0900] {dagbag.py:545} INFO - Filling up the DagBag from /opt/airflow/dags/review_sentiment_pipeline_v2.py
[2026-04-19T22:29:40.293+0900] {processor.py:840} INFO - DAG(s) 'review_sentiment_pipeline_v2' retrieved from /opt/airflow/dags/review_sentiment_pipeline_v2.py
[2026-04-19T22:29:40.347+0900] {logging_mixin.py:188} INFO - [2026-04-19T22:29:40.347+0900] {dag.py:3089} INFO - Sync 1 DAGs
[2026-04-19T22:29:40.374+0900] {logging_mixin.py:188} INFO - [2026-04-19T22:29:40.374+0900] {dag.py:3947} INFO - Setting next_dagrun for review_sentiment_pipeline_v2 to 2026-04-19 00:00:00+00:00, run_after=2026-04-20 00:00:00+00:00
[2026-04-19T22:29:40.391+0900] {processor.py:183} INFO - Processing /opt/airflow/dags/review_sentiment_pipeline_v2.py took 0.151 seconds
[2026-04-19T22:30:10.678+0900] {processor.py:161} INFO - Started process (PID=637) to work on /opt/airflow/dags/review_sentiment_pipeline_v2.py
[2026-04-19T22:30:10.680+0900] {processor.py:830} INFO - Processing file /opt/airflow/dags/review_sentiment_pipeline_v2.py for tasks to queue
[2026-04-19T22:30:10.682+0900] {logging_mixin.py:188} INFO - [2026-04-19T22:30:10.681+0900] {dagbag.py:545} INFO - Filling up the DagBag from /opt/airflow/dags/review_sentiment_pipeline_v2.py
[2026-04-19T22:30:10.714+0900] {processor.py:840} INFO - DAG(s) 'review_sentiment_pipeline_v2' retrieved from /opt/airflow/dags/review_sentiment_pipeline_v2.py
[2026-04-19T22:30:10.759+0900] {logging_mixin.py:188} INFO - [2026-04-19T22:30:10.759+0900] {dag.py:3089} INFO - Sync 1 DAGs
[2026-04-19T22:30:10.780+0900] {logging_mixin.py:188} INFO - [2026-04-19T22:30:10.780+0900] {dag.py:3947} INFO - Setting next_dagrun for review_sentiment_pipeline_v2 to 2026-04-19 00:00:00+00:00, run_after=2026-04-20 00:00:00+00:00
[2026-04-19T22:30:10.797+0900] {processor.py:183} INFO - Processing /opt/airflow/dags/review_sentiment_pipeline_v2.py took 0.126 seconds
[2026-04-19T22:30:41.217+0900] {processor.py:161} INFO - Started process (PID=653) to work on /opt/airflow/dags/review_sentiment_pipeline_v2.py
[2026-04-19T22:30:41.223+0900] {processor.py:830} INFO - Processing file /opt/airflow/dags/review_sentiment_pipeline_v2.py for tasks to queue
[2026-04-19T22:30:41.225+0900] {logging_mixin.py:188} INFO - [2026-04-19T22:30:41.224+0900] {dagbag.py:545} INFO - Filling up the DagBag from /opt/airflow/dags/review_sentiment_pipeline_v2.py
[2026-04-19T22:30:41.263+0900] {processor.py:840} INFO - DAG(s) 'review_sentiment_pipeline_v2' retrieved from /opt/airflow/dags/review_sentiment_pipeline_v2.py
[2026-04-19T22:30:41.310+0900] {logging_mixin.py:188} INFO - [2026-04-19T22:30:41.310+0900] {dag.py:3089} INFO - Sync 1 DAGs
[2026-04-19T22:30:41.337+0900] {logging_mixin.py:188} INFO - [2026-04-19T22:30:41.337+0900] {dag.py:3947} INFO - Setting next_dagrun for review_sentiment_pipeline_v2 to 2026-04-19 00:00:00+00:00, run_after=2026-04-20 00:00:00+00:00
[2026-04-19T22:30:41.354+0900] {processor.py:183} INFO - Processing /opt/airflow/dags/review_sentiment_pipeline_v2.py took 0.148 seconds
[2026-04-19T22:31:11.690+0900] {processor.py:161} INFO - Started process (PID=669) to work on /opt/airflow/dags/review_sentiment_pipeline_v2.py
[2026-04-19T22:31:11.693+0900] {processor.py:830} INFO - Processing file /opt/airflow/dags/review_sentiment_pipeline_v2.py for tasks to queue
[2026-04-19T22:31:11.694+0900] {logging_mixin.py:188} INFO - [2026-04-19T22:31:11.694+0900] {dagbag.py:545} INFO - Filling up the DagBag from /opt/airflow/dags/review_sentiment_pipeline_v2.py
[2026-04-19T22:31:11.727+0900] {processor.py:840} INFO - DAG(s) 'review_sentiment_pipeline_v2' retrieved from /opt/airflow/dags/review_sentiment_pipeline_v2.py
[2026-04-19T22:31:11.782+0900] {logging_mixin.py:188} INFO - [2026-04-19T22:31:11.782+0900] {dag.py:3089} INFO - Sync 1 DAGs
[2026-04-19T22:31:11.807+0900] {logging_mixin.py:188} INFO - [2026-04-19T22:31:11.807+0900] {dag.py:3947} INFO - Setting next_dagrun for review_sentiment_pipeline_v2 to 2026-04-19 00:00:00+00:00, run_after=2026-04-20 00:00:00+00:00
[2026-04-19T22:31:11.819+0900] {processor.py:183} INFO - Processing /opt/airflow/dags/review_sentiment_pipeline_v2.py took 0.142 seconds
[2026-04-19T22:31:42.156+0900] {processor.py:161} INFO - Started process (PID=685) to work on /opt/airflow/dags/review_sentiment_pipeline_v2.py
[2026-04-19T22:31:42.158+0900] {processor.py:830} INFO - Processing file /opt/airflow/dags/review_sentiment_pipeline_v2.py for tasks to queue
[2026-04-19T22:31:42.161+0900] {logging_mixin.py:188} INFO - [2026-04-19T22:31:42.160+0900] {dagbag.py:545} INFO - Filling up the DagBag from /opt/airflow/dags/review_sentiment_pipeline_v2.py
[2026-04-19T22:31:42.232+0900] {processor.py:840} INFO - DAG(s) 'review_sentiment_pipeline_v2' retrieved from /opt/airflow/dags/review_sentiment_pipeline_v2.py
[2026-04-19T22:31:42.280+0900] {logging_mixin.py:188} INFO - [2026-04-19T22:31:42.280+0900] {dag.py:3089} INFO - Sync 1 DAGs
[2026-04-19T22:31:42.306+0900] {logging_mixin.py:188} INFO - [2026-04-19T22:31:42.306+0900] {dag.py:3947} INFO - Setting next_dagrun for review_sentiment_pipeline_v2 to 2026-04-19 00:00:00+00:00, run_after=2026-04-20 00:00:00+00:00
[2026-04-19T22:31:42.321+0900] {processor.py:183} INFO - Processing /opt/airflow/dags/review_sentiment_pipeline_v2.py took 0.187 seconds
[2026-04-19T22:32:12.629+0900] {processor.py:161} INFO - Started process (PID=701) to work on /opt/airflow/dags/review_sentiment_pipeline_v2.py
[2026-04-19T22:32:12.631+0900] {processor.py:830} INFO - Processing file /opt/airflow/dags/review_sentiment_pipeline_v2.py for tasks to queue
[2026-04-19T22:32:12.633+0900] {logging_mixin.py:188} INFO - [2026-04-19T22:32:12.632+0900] {dagbag.py:545} INFO - Filling up the DagBag from /opt/airflow/dags/review_sentiment_pipeline_v2.py
[2026-04-19T22:32:12.683+0900] {processor.py:840} INFO - DAG(s) 'review_sentiment_pipeline_v2' retrieved from /opt/airflow/dags/review_sentiment_pipeline_v2.py
[2026-04-19T22:32:12.798+0900] {logging_mixin.py:188} INFO - [2026-04-19T22:32:12.798+0900] {dag.py:3089} INFO - Sync 1 DAGs
[2026-04-19T22:32:12.832+0900] {logging_mixin.py:188} INFO - [2026-04-19T22:32:12.832+0900] {dag.py:3947} INFO - Setting next_dagrun for review_sentiment_pipeline_v2 to 2026-04-19 00:00:00+00:00, run_after=2026-04-20 00:00:00+00:00
[2026-04-19T22:32:12.855+0900] {processor.py:183} INFO - Processing /opt/airflow/dags/review_sentiment_pipeline_v2.py took 0.240 seconds
[2026-04-19T22:32:43.115+0900] {processor.py:161} INFO - Started process (PID=717) to work on /opt/airflow/dags/review_sentiment_pipeline_v2.py
[2026-04-19T22:32:43.117+0900] {processor.py:830} INFO - Processing file /opt/airflow/dags/review_sentiment_pipeline_v2.py for tasks to queue
[2026-04-19T22:32:43.119+0900] {logging_mixin.py:188} INFO - [2026-04-19T22:32:43.118+0900] {dagbag.py:545} INFO - Filling up the DagBag from /opt/airflow/dags/review_sentiment_pipeline_v2.py
[2026-04-19T22:32:43.164+0900] {processor.py:840} INFO - DAG(s) 'review_sentiment_pipeline_v2' retrieved from /opt/airflow/dags/review_sentiment_pipeline_v2.py
[2026-04-19T22:32:43.223+0900] {logging_mixin.py:188} INFO - [2026-04-19T22:32:43.223+0900] {dag.py:3089} INFO - Sync 1 DAGs
[2026-04-19T22:32:43.262+0900] {logging_mixin.py:188} INFO - [2026-04-19T22:32:43.262+0900] {dag.py:3947} INFO - Setting next_dagrun for review_sentiment_pipeline_v2 to 2026-04-19 00:00:00+00:00, run_after=2026-04-20 00:00:00+00:00
[2026-04-19T22:32:43.277+0900] {processor.py:183} INFO - Processing /opt/airflow/dags/review_sentiment_pipeline_v2.py took 0.177 seconds
[2026-04-19T22:33:13.569+0900] {processor.py:161} INFO - Started process (PID=733) to work on /opt/airflow/dags/review_sentiment_pipeline_v2.py
[2026-04-19T22:33:13.571+0900] {processor.py:830} INFO - Processing file /opt/airflow/dags/review_sentiment_pipeline_v2.py for tasks to queue
[2026-04-19T22:33:13.573+0900] {logging_mixin.py:188} INFO - [2026-04-19T22:33:13.572+0900] {dagbag.py:545} INFO - Filling up the DagBag from /opt/airflow/dags/review_sentiment_pipeline_v2.py
[2026-04-19T22:33:13.601+0900] {processor.py:840} INFO - DAG(s) 'review_sentiment_pipeline_v2' retrieved from /opt/airflow/dags/review_sentiment_pipeline_v2.py
[2026-04-19T22:33:13.643+0900] {logging_mixin.py:188} INFO - [2026-04-19T22:33:13.643+0900] {dag.py:3089} INFO - Sync 1 DAGs
[2026-04-19T22:33:13.668+0900] {logging_mixin.py:188} INFO - [2026-04-19T22:33:13.667+0900] {dag.py:3947} INFO - Setting next_dagrun for review_sentiment_pipeline_v2 to 2026-04-19 00:00:00+00:00, run_after=2026-04-20 00:00:00+00:00
[2026-04-19T22:33:13.683+0900] {processor.py:183} INFO - Processing /opt/airflow/dags/review_sentiment_pipeline_v2.py took 0.122 seconds
[2026-04-19T22:33:43.991+0900] {processor.py:161} INFO - Started process (PID=749) to work on /opt/airflow/dags/review_sentiment_pipeline_v2.py
[2026-04-19T22:33:43.993+0900] {processor.py:830} INFO - Processing file /opt/airflow/dags/review_sentiment_pipeline_v2.py for tasks to queue
[2026-04-19T22:33:43.995+0900] {logging_mixin.py:188} INFO - [2026-04-19T22:33:43.994+0900] {dagbag.py:545} INFO - Filling up the DagBag from /opt/airflow/dags/review_sentiment_pipeline_v2.py
[2026-04-19T22:33:44.026+0900] {processor.py:840} INFO - DAG(s) 'review_sentiment_pipeline_v2' retrieved from /opt/airflow/dags/review_sentiment_pipeline_v2.py
[2026-04-19T22:33:44.068+0900] {logging_mixin.py:188} INFO - [2026-04-19T22:33:44.068+0900] {dag.py:3089} INFO - Sync 1 DAGs
[2026-04-19T22:33:44.091+0900] {logging_mixin.py:188} INFO - [2026-04-19T22:33:44.091+0900] {dag.py:3947} INFO - Setting next_dagrun for review_sentiment_pipeline_v2 to 2026-04-19 00:00:00+00:00, run_after=2026-04-20 00:00:00+00:00
[2026-04-19T22:33:44.109+0900] {processor.py:183} INFO - Processing /opt/airflow/dags/review_sentiment_pipeline_v2.py took 0.130 seconds
[2026-04-19T22:34:14.431+0900] {processor.py:161} INFO - Started process (PID=765) to work on /opt/airflow/dags/review_sentiment_pipeline_v2.py
[2026-04-19T22:34:14.434+0900] {processor.py:830} INFO - Processing file /opt/airflow/dags/review_sentiment_pipeline_v2.py for tasks to queue
[2026-04-19T22:34:14.436+0900] {logging_mixin.py:188} INFO - [2026-04-19T22:34:14.435+0900] {dagbag.py:545} INFO - Filling up the DagBag from /opt/airflow/dags/review_sentiment_pipeline_v2.py
[2026-04-19T22:34:14.468+0900] {processor.py:840} INFO - DAG(s) 'review_sentiment_pipeline_v2' retrieved from /opt/airflow/dags/review_sentiment_pipeline_v2.py
[2026-04-19T22:34:14.514+0900] {logging_mixin.py:188} INFO - [2026-04-19T22:34:14.514+0900] {dag.py:3089} INFO - Sync 1 DAGs
[2026-04-19T22:34:14.538+0900] {logging_mixin.py:188} INFO - [2026-04-19T22:34:14.538+0900] {dag.py:3947} INFO - Setting next_dagrun for review_sentiment_pipeline_v2 to 2026-04-19 00:00:00+00:00, run_after=2026-04-20 00:00:00+00:00
[2026-04-19T22:34:14.552+0900] {processor.py:183} INFO - Processing /opt/airflow/dags/review_sentiment_pipeline_v2.py took 0.131 seconds
[2026-04-19T22:34:44.800+0900] {processor.py:161} INFO - Started process (PID=781) to work on /opt/airflow/dags/review_sentiment_pipeline_v2.py
[2026-04-19T22:34:44.801+0900] {processor.py:830} INFO - Processing file /opt/airflow/dags/review_sentiment_pipeline_v2.py for tasks to queue
[2026-04-19T22:34:44.803+0900] {logging_mixin.py:188} INFO - [2026-04-19T22:34:44.802+0900] {dagbag.py:545} INFO - Filling up the DagBag from /opt/airflow/dags/review_sentiment_pipeline_v2.py
[2026-04-19T22:34:44.840+0900] {processor.py:840} INFO - DAG(s) 'review_sentiment_pipeline_v2' retrieved from /opt/airflow/dags/review_sentiment_pipeline_v2.py
[2026-04-19T22:34:44.887+0900] {logging_mixin.py:188} INFO - [2026-04-19T22:34:44.887+0900] {dag.py:3089} INFO - Sync 1 DAGs
[2026-04-19T22:34:44.916+0900] {logging_mixin.py:188} INFO - [2026-04-19T22:34:44.915+0900] {dag.py:3947} INFO - Setting next_dagrun for review_sentiment_pipeline_v2 to 2026-04-19 00:00:00+00:00, run_after=2026-04-20 00:00:00+00:00
[2026-04-19T22:34:44.933+0900] {processor.py:183} INFO - Processing /opt/airflow/dags/review_sentiment_pipeline_v2.py took 0.141 seconds
[2026-04-19T22:35:15.244+0900] {processor.py:161} INFO - Started process (PID=796) to work on /opt/airflow/dags/review_sentiment_pipeline_v2.py
[2026-04-19T22:35:15.246+0900] {processor.py:830} INFO - Processing file /opt/airflow/dags/review_sentiment_pipeline_v2.py for tasks to queue
[2026-04-19T22:35:15.247+0900] {logging_mixin.py:188} INFO - [2026-04-19T22:35:15.246+0900] {dagbag.py:545} INFO - Filling up the DagBag from /opt/airflow/dags/review_sentiment_pipeline_v2.py
[2026-04-19T22:35:15.274+0900] {processor.py:840} INFO - DAG(s) 'review_sentiment_pipeline_v2' retrieved from /opt/airflow/dags/review_sentiment_pipeline_v2.py
[2026-04-19T22:35:15.314+0900] {logging_mixin.py:188} INFO - [2026-04-19T22:35:15.313+0900] {dag.py:3089} INFO - Sync 1 DAGs
[2026-04-19T22:35:15.341+0900] {logging_mixin.py:188} INFO - [2026-04-19T22:35:15.340+0900] {dag.py:3947} INFO - Setting next_dagrun for review_sentiment_pipeline_v2 to 2026-04-19 00:00:00+00:00, run_after=2026-04-20 00:00:00+00:00
[2026-04-19T22:35:15.354+0900] {processor.py:183} INFO - Processing /opt/airflow/dags/review_sentiment_pipeline_v2.py took 0.117 seconds
[2026-04-19T22:35:45.695+0900] {processor.py:161} INFO - Started process (PID=812) to work on /opt/airflow/dags/review_sentiment_pipeline_v2.py
[2026-04-19T22:35:45.696+0900] {processor.py:830} INFO - Processing file /opt/airflow/dags/review_sentiment_pipeline_v2.py for tasks to queue
[2026-04-19T22:35:45.698+0900] {logging_mixin.py:188} INFO - [2026-04-19T22:35:45.697+0900] {dagbag.py:545} INFO - Filling up the DagBag from /opt/airflow/dags/review_sentiment_pipeline_v2.py
[2026-04-19T22:35:45.735+0900] {processor.py:840} INFO - DAG(s) 'review_sentiment_pipeline_v2' retrieved from /opt/airflow/dags/review_sentiment_pipeline_v2.py
[2026-04-19T22:35:45.776+0900] {logging_mixin.py:188} INFO - [2026-04-19T22:35:45.776+0900] {dag.py:3089} INFO - Sync 1 DAGs
[2026-04-19T22:35:45.794+0900] {logging_mixin.py:188} INFO - [2026-04-19T22:35:45.794+0900] {dag.py:3947} INFO - Setting next_dagrun for review_sentiment_pipeline_v2 to 2026-04-19 00:00:00+00:00, run_after=2026-04-20 00:00:00+00:00
[2026-04-19T22:35:45.811+0900] {processor.py:183} INFO - Processing /opt/airflow/dags/review_sentiment_pipeline_v2.py took 0.131 seconds
[2026-04-19T22:36:16.183+0900] {processor.py:161} INFO - Started process (PID=828) to work on /opt/airflow/dags/review_sentiment_pipeline_v2.py
[2026-04-19T22:36:16.185+0900] {processor.py:830} INFO - Processing file /opt/airflow/dags/review_sentiment_pipeline_v2.py for tasks to queue
[2026-04-19T22:36:16.188+0900] {logging_mixin.py:188} INFO - [2026-04-19T22:36:16.186+0900] {dagbag.py:545} INFO - Filling up the DagBag from /opt/airflow/dags/review_sentiment_pipeline_v2.py
[2026-04-19T22:36:16.249+0900] {processor.py:840} INFO - DAG(s) 'review_sentiment_pipeline_v2' retrieved from /opt/airflow/dags/review_sentiment_pipeline_v2.py
[2026-04-19T22:36:16.325+0900] {logging_mixin.py:188} INFO - [2026-04-19T22:36:16.324+0900] {dag.py:3089} INFO - Sync 1 DAGs
[2026-04-19T22:36:16.368+0900] {logging_mixin.py:188} INFO - [2026-04-19T22:36:16.368+0900] {dag.py:3947} INFO - Setting next_dagrun for review_sentiment_pipeline_v2 to 2026-04-19 00:00:00+00:00, run_after=2026-04-20 00:00:00+00:00
[2026-04-19T22:36:16.398+0900] {processor.py:183} INFO - Processing /opt/airflow/dags/review_sentiment_pipeline_v2.py took 0.239 seconds
[2026-04-19T22:36:46.543+0900] {processor.py:161} INFO - Started process (PID=844) to work on /opt/airflow/dags/review_sentiment_pipeline_v2.py
[2026-04-19T22:36:46.547+0900] {processor.py:830} INFO - Processing file /opt/airflow/dags/review_sentiment_pipeline_v2.py for tasks to queue
[2026-04-19T22:36:46.548+0900] {logging_mixin.py:188} INFO - [2026-04-19T22:36:46.547+0900] {dagbag.py:545} INFO - Filling up the DagBag from /opt/airflow/dags/review_sentiment_pipeline_v2.py
[2026-04-19T22:36:46.585+0900] {processor.py:840} INFO - DAG(s) 'review_sentiment_pipeline_v2' retrieved from /opt/airflow/dags/review_sentiment_pipeline_v2.py
[2026-04-19T22:36:46.628+0900] {logging_mixin.py:188} INFO - [2026-04-19T22:36:46.627+0900] {dag.py:3089} INFO - Sync 1 DAGs
[2026-04-19T22:36:46.650+0900] {logging_mixin.py:188} INFO - [2026-04-19T22:36:46.650+0900] {dag.py:3947} INFO - Setting next_dagrun for review_sentiment_pipeline_v2 to 2026-04-19 00:00:00+00:00, run_after=2026-04-20 00:00:00+00:00
[2026-04-19T22:36:46.664+0900] {processor.py:183} INFO - Processing /opt/airflow/dags/review_sentiment_pipeline_v2.py took 0.131 seconds
[2026-04-19T22:37:17.064+0900] {processor.py:161} INFO - Started process (PID=861) to work on /opt/airflow/dags/review_sentiment_pipeline_v2.py
[2026-04-19T22:37:17.065+0900] {processor.py:830} INFO - Processing file /opt/airflow/dags/review_sentiment_pipeline_v2.py for tasks to queue
[2026-04-19T22:37:17.067+0900] {logging_mixin.py:188} INFO - [2026-04-19T22:37:17.066+0900] {dagbag.py:545} INFO - Filling up the DagBag from /opt/airflow/dags/review_sentiment_pipeline_v2.py
[2026-04-19T22:37:17.104+0900] {processor.py:840} INFO - DAG(s) 'review_sentiment_pipeline_v2' retrieved from /opt/airflow/dags/review_sentiment_pipeline_v2.py
[2026-04-19T22:37:17.153+0900] {logging_mixin.py:188} INFO - [2026-04-19T22:37:17.153+0900] {dag.py:3089} INFO - Sync 1 DAGs
[2026-04-19T22:37:17.180+0900] {logging_mixin.py:188} INFO - [2026-04-19T22:37:17.180+0900] {dag.py:3947} INFO - Setting next_dagrun for review_sentiment_pipeline_v2 to 2026-04-19 00:00:00+00:00, run_after=2026-04-20 00:00:00+00:00
[2026-04-19T22:37:17.195+0900] {processor.py:183} INFO - Processing /opt/airflow/dags/review_sentiment_pipeline_v2.py took 0.140 seconds
[2026-04-19T22:37:47.436+0900] {processor.py:161} INFO - Started process (PID=877) to work on /opt/airflow/dags/review_sentiment_pipeline_v2.py
[2026-04-19T22:37:47.438+0900] {processor.py:830} INFO - Processing file /opt/airflow/dags/review_sentiment_pipeline_v2.py for tasks to queue
[2026-04-19T22:37:47.440+0900] {logging_mixin.py:188} INFO - [2026-04-19T22:37:47.439+0900] {dagbag.py:545} INFO - Filling up the DagBag from /opt/airflow/dags/review_sentiment_pipeline_v2.py
[2026-04-19T22:37:47.471+0900] {processor.py:840} INFO - DAG(s) 'review_sentiment_pipeline_v2' retrieved from /opt/airflow/dags/review_sentiment_pipeline_v2.py
[2026-04-19T22:37:47.514+0900] {logging_mixin.py:188} INFO - [2026-04-19T22:37:47.514+0900] {dag.py:3089} INFO - Sync 1 DAGs
[2026-04-19T22:37:47.537+0900] {logging_mixin.py:188} INFO - [2026-04-19T22:37:47.537+0900] {dag.py:3947} INFO - Setting next_dagrun for review_sentiment_pipeline_v2 to 2026-04-19 00:00:00+00:00, run_after=2026-04-20 00:00:00+00:00
[2026-04-19T22:37:47.552+0900] {processor.py:183} INFO - Processing /opt/airflow/dags/review_sentiment_pipeline_v2.py took 0.126 seconds
