[2026-04-19T22:06:29.872+0900] {processor.py:161} INFO - Started process (PID=596) to work on /opt/airflow/dags/review_sentiment_pipeline copy.py
[2026-04-19T22:06:29.874+0900] {processor.py:830} INFO - Processing file /opt/airflow/dags/review_sentiment_pipeline copy.py for tasks to queue
[2026-04-19T22:06:29.881+0900] {logging_mixin.py:188} INFO - [2026-04-19T22:06:29.880+0900] {dagbag.py:545} INFO - Filling up the DagBag from /opt/airflow/dags/review_sentiment_pipeline copy.py
[2026-04-19T22:06:29.914+0900] {processor.py:840} INFO - DAG(s) 'review_sentiment_pipeline' retrieved from /opt/airflow/dags/review_sentiment_pipeline copy.py
[2026-04-19T22:06:30.039+0900] {logging_mixin.py:188} INFO - [2026-04-19T22:06:30.039+0900] {dag.py:3089} INFO - Sync 1 DAGs
[2026-04-19T22:06:30.051+0900] {logging_mixin.py:188} INFO - [2026-04-19T22:06:30.051+0900] {dag.py:3947} INFO - Setting next_dagrun for review_sentiment_pipeline to 2026-04-19 00:00:00+00:00, run_after=2026-04-20 00:00:00+00:00
[2026-04-19T22:06:30.063+0900] {processor.py:183} INFO - Processing /opt/airflow/dags/review_sentiment_pipeline copy.py took 0.204 seconds
[2026-04-19T22:07:00.481+0900] {processor.py:161} INFO - Started process (PID=617) to work on /opt/airflow/dags/review_sentiment_pipeline copy.py
[2026-04-19T22:07:00.483+0900] {processor.py:830} INFO - Processing file /opt/airflow/dags/review_sentiment_pipeline copy.py for tasks to queue
[2026-04-19T22:07:00.484+0900] {logging_mixin.py:188} INFO - [2026-04-19T22:07:00.483+0900] {dagbag.py:545} INFO - Filling up the DagBag from /opt/airflow/dags/review_sentiment_pipeline copy.py
[2026-04-19T22:07:00.499+0900] {processor.py:840} INFO - DAG(s) 'review_sentiment_pipeline' retrieved from /opt/airflow/dags/review_sentiment_pipeline copy.py
[2026-04-19T22:07:00.543+0900] {logging_mixin.py:188} INFO - [2026-04-19T22:07:00.543+0900] {dag.py:3089} INFO - Sync 1 DAGs
[2026-04-19T22:07:00.563+0900] {logging_mixin.py:188} INFO - [2026-04-19T22:07:00.563+0900] {dag.py:3947} INFO - Setting next_dagrun for review_sentiment_pipeline to 2026-04-19 00:00:00+00:00, run_after=2026-04-20 00:00:00+00:00
[2026-04-19T22:07:00.582+0900] {processor.py:183} INFO - Processing /opt/airflow/dags/review_sentiment_pipeline copy.py took 0.113 seconds
[2026-04-19T22:07:31.025+0900] {processor.py:161} INFO - Started process (PID=644) to work on /opt/airflow/dags/review_sentiment_pipeline copy.py
[2026-04-19T22:07:31.026+0900] {processor.py:830} INFO - Processing file /opt/airflow/dags/review_sentiment_pipeline copy.py for tasks to queue
[2026-04-19T22:07:31.030+0900] {logging_mixin.py:188} INFO - [2026-04-19T22:07:31.027+0900] {dagbag.py:545} INFO - Filling up the DagBag from /opt/airflow/dags/review_sentiment_pipeline copy.py
[2026-04-19T22:07:31.076+0900] {processor.py:840} INFO - DAG(s) 'review_sentiment_pipeline' retrieved from /opt/airflow/dags/review_sentiment_pipeline copy.py
[2026-04-19T22:07:31.138+0900] {logging_mixin.py:188} INFO - [2026-04-19T22:07:31.138+0900] {dag.py:3089} INFO - Sync 1 DAGs
[2026-04-19T22:07:31.160+0900] {logging_mixin.py:188} INFO - [2026-04-19T22:07:31.160+0900] {dag.py:3947} INFO - Setting next_dagrun for review_sentiment_pipeline to 2026-04-19 00:00:00+00:00, run_after=2026-04-20 00:00:00+00:00
[2026-04-19T22:07:31.176+0900] {processor.py:183} INFO - Processing /opt/airflow/dags/review_sentiment_pipeline copy.py took 0.162 seconds
[2026-04-19T22:08:01.484+0900] {processor.py:161} INFO - Started process (PID=660) to work on /opt/airflow/dags/review_sentiment_pipeline copy.py
[2026-04-19T22:08:01.485+0900] {processor.py:830} INFO - Processing file /opt/airflow/dags/review_sentiment_pipeline copy.py for tasks to queue
[2026-04-19T22:08:01.486+0900] {logging_mixin.py:188} INFO - [2026-04-19T22:08:01.486+0900] {dagbag.py:545} INFO - Filling up the DagBag from /opt/airflow/dags/review_sentiment_pipeline copy.py
[2026-04-19T22:08:01.510+0900] {processor.py:840} INFO - DAG(s) 'review_sentiment_pipeline' retrieved from /opt/airflow/dags/review_sentiment_pipeline copy.py
[2026-04-19T22:08:01.543+0900] {logging_mixin.py:188} INFO - [2026-04-19T22:08:01.543+0900] {dag.py:3089} INFO - Sync 1 DAGs
[2026-04-19T22:08:01.562+0900] {logging_mixin.py:188} INFO - [2026-04-19T22:08:01.562+0900] {dag.py:3947} INFO - Setting next_dagrun for review_sentiment_pipeline to 2026-04-19 00:00:00+00:00, run_after=2026-04-20 00:00:00+00:00
[2026-04-19T22:08:01.576+0900] {processor.py:183} INFO - Processing /opt/airflow/dags/review_sentiment_pipeline copy.py took 0.098 seconds
[2026-04-19T22:08:32.016+0900] {processor.py:161} INFO - Started process (PID=676) to work on /opt/airflow/dags/review_sentiment_pipeline copy.py
[2026-04-19T22:08:32.017+0900] {processor.py:830} INFO - Processing file /opt/airflow/dags/review_sentiment_pipeline copy.py for tasks to queue
[2026-04-19T22:08:32.019+0900] {logging_mixin.py:188} INFO - [2026-04-19T22:08:32.018+0900] {dagbag.py:545} INFO - Filling up the DagBag from /opt/airflow/dags/review_sentiment_pipeline copy.py
[2026-04-19T22:08:32.055+0900] {processor.py:840} INFO - DAG(s) 'review_sentiment_pipeline' retrieved from /opt/airflow/dags/review_sentiment_pipeline copy.py
[2026-04-19T22:08:32.109+0900] {logging_mixin.py:188} INFO - [2026-04-19T22:08:32.108+0900] {dag.py:3089} INFO - Sync 1 DAGs
[2026-04-19T22:08:32.133+0900] {logging_mixin.py:188} INFO - [2026-04-19T22:08:32.133+0900] {dag.py:3947} INFO - Setting next_dagrun for review_sentiment_pipeline to 2026-04-19 00:00:00+00:00, run_after=2026-04-20 00:00:00+00:00
[2026-04-19T22:08:32.153+0900] {processor.py:183} INFO - Processing /opt/airflow/dags/review_sentiment_pipeline copy.py took 0.146 seconds
[2026-04-19T22:09:02.457+0900] {processor.py:161} INFO - Started process (PID=692) to work on /opt/airflow/dags/review_sentiment_pipeline copy.py
[2026-04-19T22:09:02.457+0900] {processor.py:830} INFO - Processing file /opt/airflow/dags/review_sentiment_pipeline copy.py for tasks to queue
[2026-04-19T22:09:02.459+0900] {logging_mixin.py:188} INFO - [2026-04-19T22:09:02.458+0900] {dagbag.py:545} INFO - Filling up the DagBag from /opt/airflow/dags/review_sentiment_pipeline copy.py
[2026-04-19T22:09:02.486+0900] {processor.py:840} INFO - DAG(s) 'review_sentiment_pipeline' retrieved from /opt/airflow/dags/review_sentiment_pipeline copy.py
[2026-04-19T22:09:02.534+0900] {logging_mixin.py:188} INFO - [2026-04-19T22:09:02.533+0900] {dag.py:3089} INFO - Sync 1 DAGs
[2026-04-19T22:09:02.551+0900] {logging_mixin.py:188} INFO - [2026-04-19T22:09:02.551+0900] {dag.py:3947} INFO - Setting next_dagrun for review_sentiment_pipeline to 2026-04-19 00:00:00+00:00, run_after=2026-04-20 00:00:00+00:00
[2026-04-19T22:09:02.564+0900] {processor.py:183} INFO - Processing /opt/airflow/dags/review_sentiment_pipeline copy.py took 0.116 seconds
[2026-04-19T22:09:32.771+0900] {processor.py:161} INFO - Started process (PID=708) to work on /opt/airflow/dags/review_sentiment_pipeline copy.py
[2026-04-19T22:09:32.772+0900] {processor.py:830} INFO - Processing file /opt/airflow/dags/review_sentiment_pipeline copy.py for tasks to queue
[2026-04-19T22:09:32.773+0900] {logging_mixin.py:188} INFO - [2026-04-19T22:09:32.773+0900] {dagbag.py:545} INFO - Filling up the DagBag from /opt/airflow/dags/review_sentiment_pipeline copy.py
[2026-04-19T22:09:32.797+0900] {processor.py:840} INFO - DAG(s) 'review_sentiment_pipeline' retrieved from /opt/airflow/dags/review_sentiment_pipeline copy.py
[2026-04-19T22:09:32.837+0900] {logging_mixin.py:188} INFO - [2026-04-19T22:09:32.837+0900] {dag.py:3089} INFO - Sync 1 DAGs
[2026-04-19T22:09:32.854+0900] {logging_mixin.py:188} INFO - [2026-04-19T22:09:32.854+0900] {dag.py:3947} INFO - Setting next_dagrun for review_sentiment_pipeline to 2026-04-19 00:00:00+00:00, run_after=2026-04-20 00:00:00+00:00
[2026-04-19T22:09:32.866+0900] {processor.py:183} INFO - Processing /opt/airflow/dags/review_sentiment_pipeline copy.py took 0.104 seconds
[2026-04-19T22:10:03.052+0900] {processor.py:161} INFO - Started process (PID=724) to work on /opt/airflow/dags/review_sentiment_pipeline copy.py
[2026-04-19T22:10:03.052+0900] {processor.py:830} INFO - Processing file /opt/airflow/dags/review_sentiment_pipeline copy.py for tasks to queue
[2026-04-19T22:10:03.054+0900] {logging_mixin.py:188} INFO - [2026-04-19T22:10:03.053+0900] {dagbag.py:545} INFO - Filling up the DagBag from /opt/airflow/dags/review_sentiment_pipeline copy.py
[2026-04-19T22:10:03.075+0900] {processor.py:840} INFO - DAG(s) 'review_sentiment_pipeline' retrieved from /opt/airflow/dags/review_sentiment_pipeline copy.py
[2026-04-19T22:10:03.113+0900] {logging_mixin.py:188} INFO - [2026-04-19T22:10:03.113+0900] {dag.py:3089} INFO - Sync 1 DAGs
[2026-04-19T22:10:03.132+0900] {logging_mixin.py:188} INFO - [2026-04-19T22:10:03.132+0900] {dag.py:3947} INFO - Setting next_dagrun for review_sentiment_pipeline to 2026-04-19 00:00:00+00:00, run_after=2026-04-20 00:00:00+00:00
[2026-04-19T22:10:03.146+0900] {processor.py:183} INFO - Processing /opt/airflow/dags/review_sentiment_pipeline copy.py took 0.102 seconds
[2026-04-19T22:10:33.503+0900] {processor.py:161} INFO - Started process (PID=740) to work on /opt/airflow/dags/review_sentiment_pipeline copy.py
[2026-04-19T22:10:33.504+0900] {processor.py:830} INFO - Processing file /opt/airflow/dags/review_sentiment_pipeline copy.py for tasks to queue
[2026-04-19T22:10:33.505+0900] {logging_mixin.py:188} INFO - [2026-04-19T22:10:33.504+0900] {dagbag.py:545} INFO - Filling up the DagBag from /opt/airflow/dags/review_sentiment_pipeline copy.py
[2026-04-19T22:10:33.537+0900] {processor.py:840} INFO - DAG(s) 'review_sentiment_pipeline' retrieved from /opt/airflow/dags/review_sentiment_pipeline copy.py
[2026-04-19T22:10:33.593+0900] {logging_mixin.py:188} INFO - [2026-04-19T22:10:33.592+0900] {dag.py:3089} INFO - Sync 1 DAGs
[2026-04-19T22:10:33.614+0900] {logging_mixin.py:188} INFO - [2026-04-19T22:10:33.614+0900] {dag.py:3947} INFO - Setting next_dagrun for review_sentiment_pipeline to 2026-04-19 00:00:00+00:00, run_after=2026-04-20 00:00:00+00:00
[2026-04-19T22:10:33.630+0900] {processor.py:183} INFO - Processing /opt/airflow/dags/review_sentiment_pipeline copy.py took 0.139 seconds
[2026-04-19T22:11:03.850+0900] {processor.py:161} INFO - Started process (PID=756) to work on /opt/airflow/dags/review_sentiment_pipeline copy.py
[2026-04-19T22:11:03.852+0900] {processor.py:830} INFO - Processing file /opt/airflow/dags/review_sentiment_pipeline copy.py for tasks to queue
[2026-04-19T22:11:03.853+0900] {logging_mixin.py:188} INFO - [2026-04-19T22:11:03.853+0900] {dagbag.py:545} INFO - Filling up the DagBag from /opt/airflow/dags/review_sentiment_pipeline copy.py
[2026-04-19T22:11:03.880+0900] {processor.py:840} INFO - DAG(s) 'review_sentiment_pipeline' retrieved from /opt/airflow/dags/review_sentiment_pipeline copy.py
[2026-04-19T22:11:03.923+0900] {logging_mixin.py:188} INFO - [2026-04-19T22:11:03.923+0900] {dag.py:3089} INFO - Sync 1 DAGs
[2026-04-19T22:11:03.951+0900] {logging_mixin.py:188} INFO - [2026-04-19T22:11:03.951+0900] {dag.py:3947} INFO - Setting next_dagrun for review_sentiment_pipeline to 2026-04-19 00:00:00+00:00, run_after=2026-04-20 00:00:00+00:00
[2026-04-19T22:11:03.964+0900] {processor.py:183} INFO - Processing /opt/airflow/dags/review_sentiment_pipeline copy.py took 0.125 seconds
[2026-04-19T22:11:34.200+0900] {processor.py:161} INFO - Started process (PID=772) to work on /opt/airflow/dags/review_sentiment_pipeline copy.py
[2026-04-19T22:11:34.201+0900] {processor.py:830} INFO - Processing file /opt/airflow/dags/review_sentiment_pipeline copy.py for tasks to queue
[2026-04-19T22:11:34.203+0900] {logging_mixin.py:188} INFO - [2026-04-19T22:11:34.202+0900] {dagbag.py:545} INFO - Filling up the DagBag from /opt/airflow/dags/review_sentiment_pipeline copy.py
[2026-04-19T22:11:34.236+0900] {processor.py:840} INFO - DAG(s) 'review_sentiment_pipeline' retrieved from /opt/airflow/dags/review_sentiment_pipeline copy.py
[2026-04-19T22:11:34.283+0900] {logging_mixin.py:188} INFO - [2026-04-19T22:11:34.283+0900] {dag.py:3089} INFO - Sync 1 DAGs
[2026-04-19T22:11:34.308+0900] {logging_mixin.py:188} INFO - [2026-04-19T22:11:34.308+0900] {dag.py:3947} INFO - Setting next_dagrun for review_sentiment_pipeline to 2026-04-19 00:00:00+00:00, run_after=2026-04-20 00:00:00+00:00
[2026-04-19T22:11:34.324+0900] {processor.py:183} INFO - Processing /opt/airflow/dags/review_sentiment_pipeline copy.py took 0.131 seconds
[2026-04-19T22:12:04.559+0900] {processor.py:161} INFO - Started process (PID=788) to work on /opt/airflow/dags/review_sentiment_pipeline copy.py
[2026-04-19T22:12:04.560+0900] {processor.py:830} INFO - Processing file /opt/airflow/dags/review_sentiment_pipeline copy.py for tasks to queue
[2026-04-19T22:12:04.561+0900] {logging_mixin.py:188} INFO - [2026-04-19T22:12:04.561+0900] {dagbag.py:545} INFO - Filling up the DagBag from /opt/airflow/dags/review_sentiment_pipeline copy.py
[2026-04-19T22:12:04.596+0900] {processor.py:840} INFO - DAG(s) 'review_sentiment_pipeline' retrieved from /opt/airflow/dags/review_sentiment_pipeline copy.py
[2026-04-19T22:12:04.648+0900] {logging_mixin.py:188} INFO - [2026-04-19T22:12:04.648+0900] {dag.py:3089} INFO - Sync 1 DAGs
[2026-04-19T22:12:04.669+0900] {logging_mixin.py:188} INFO - [2026-04-19T22:12:04.669+0900] {dag.py:3947} INFO - Setting next_dagrun for review_sentiment_pipeline to 2026-04-19 00:00:00+00:00, run_after=2026-04-20 00:00:00+00:00
[2026-04-19T22:12:04.685+0900] {processor.py:183} INFO - Processing /opt/airflow/dags/review_sentiment_pipeline copy.py took 0.134 seconds
[2026-04-19T22:12:35.066+0900] {processor.py:161} INFO - Started process (PID=814) to work on /opt/airflow/dags/review_sentiment_pipeline copy.py
[2026-04-19T22:12:35.068+0900] {processor.py:830} INFO - Processing file /opt/airflow/dags/review_sentiment_pipeline copy.py for tasks to queue
[2026-04-19T22:12:35.068+0900] {logging_mixin.py:188} INFO - [2026-04-19T22:12:35.068+0900] {dagbag.py:545} INFO - Filling up the DagBag from /opt/airflow/dags/review_sentiment_pipeline copy.py
[2026-04-19T22:12:35.081+0900] {processor.py:840} INFO - DAG(s) 'review_sentiment_pipeline' retrieved from /opt/airflow/dags/review_sentiment_pipeline copy.py
[2026-04-19T22:12:35.107+0900] {logging_mixin.py:188} INFO - [2026-04-19T22:12:35.107+0900] {dag.py:3089} INFO - Sync 1 DAGs
[2026-04-19T22:12:35.120+0900] {logging_mixin.py:188} INFO - [2026-04-19T22:12:35.120+0900] {dag.py:3947} INFO - Setting next_dagrun for review_sentiment_pipeline to 2026-04-19 00:00:00+00:00, run_after=2026-04-20 00:00:00+00:00
[2026-04-19T22:12:35.131+0900] {processor.py:183} INFO - Processing /opt/airflow/dags/review_sentiment_pipeline copy.py took 0.070 seconds
[2026-04-19T22:13:05.408+0900] {processor.py:161} INFO - Started process (PID=830) to work on /opt/airflow/dags/review_sentiment_pipeline copy.py
[2026-04-19T22:13:05.408+0900] {processor.py:830} INFO - Processing file /opt/airflow/dags/review_sentiment_pipeline copy.py for tasks to queue
[2026-04-19T22:13:05.409+0900] {logging_mixin.py:188} INFO - [2026-04-19T22:13:05.409+0900] {dagbag.py:545} INFO - Filling up the DagBag from /opt/airflow/dags/review_sentiment_pipeline copy.py
[2026-04-19T22:13:05.419+0900] {processor.py:840} INFO - DAG(s) 'review_sentiment_pipeline' retrieved from /opt/airflow/dags/review_sentiment_pipeline copy.py
[2026-04-19T22:13:05.438+0900] {logging_mixin.py:188} INFO - [2026-04-19T22:13:05.437+0900] {dag.py:3089} INFO - Sync 1 DAGs
[2026-04-19T22:13:05.449+0900] {logging_mixin.py:188} INFO - [2026-04-19T22:13:05.449+0900] {dag.py:3947} INFO - Setting next_dagrun for review_sentiment_pipeline to 2026-04-19 00:00:00+00:00, run_after=2026-04-20 00:00:00+00:00
[2026-04-19T22:13:05.459+0900] {processor.py:183} INFO - Processing /opt/airflow/dags/review_sentiment_pipeline copy.py took 0.055 seconds
[2026-04-19T22:13:35.792+0900] {processor.py:161} INFO - Started process (PID=846) to work on /opt/airflow/dags/review_sentiment_pipeline copy.py
[2026-04-19T22:13:35.793+0900] {processor.py:830} INFO - Processing file /opt/airflow/dags/review_sentiment_pipeline copy.py for tasks to queue
[2026-04-19T22:13:35.793+0900] {logging_mixin.py:188} INFO - [2026-04-19T22:13:35.793+0900] {dagbag.py:545} INFO - Filling up the DagBag from /opt/airflow/dags/review_sentiment_pipeline copy.py
[2026-04-19T22:13:35.803+0900] {processor.py:840} INFO - DAG(s) 'review_sentiment_pipeline' retrieved from /opt/airflow/dags/review_sentiment_pipeline copy.py
[2026-04-19T22:13:35.823+0900] {logging_mixin.py:188} INFO - [2026-04-19T22:13:35.823+0900] {dag.py:3089} INFO - Sync 1 DAGs
[2026-04-19T22:13:35.835+0900] {logging_mixin.py:188} INFO - [2026-04-19T22:13:35.835+0900] {dag.py:3947} INFO - Setting next_dagrun for review_sentiment_pipeline to 2026-04-19 00:00:00+00:00, run_after=2026-04-20 00:00:00+00:00
[2026-04-19T22:13:35.844+0900] {processor.py:183} INFO - Processing /opt/airflow/dags/review_sentiment_pipeline copy.py took 0.058 seconds
[2026-04-19T22:14:06.145+0900] {processor.py:161} INFO - Started process (PID=862) to work on /opt/airflow/dags/review_sentiment_pipeline copy.py
[2026-04-19T22:14:06.147+0900] {processor.py:830} INFO - Processing file /opt/airflow/dags/review_sentiment_pipeline copy.py for tasks to queue
[2026-04-19T22:14:06.148+0900] {logging_mixin.py:188} INFO - [2026-04-19T22:14:06.147+0900] {dagbag.py:545} INFO - Filling up the DagBag from /opt/airflow/dags/review_sentiment_pipeline copy.py
[2026-04-19T22:14:06.156+0900] {processor.py:840} INFO - DAG(s) 'review_sentiment_pipeline' retrieved from /opt/airflow/dags/review_sentiment_pipeline copy.py
[2026-04-19T22:14:06.176+0900] {logging_mixin.py:188} INFO - [2026-04-19T22:14:06.175+0900] {dag.py:3089} INFO - Sync 1 DAGs
[2026-04-19T22:14:06.188+0900] {logging_mixin.py:188} INFO - [2026-04-19T22:14:06.187+0900] {dag.py:3947} INFO - Setting next_dagrun for review_sentiment_pipeline to 2026-04-19 00:00:00+00:00, run_after=2026-04-20 00:00:00+00:00
[2026-04-19T22:14:06.197+0900] {processor.py:183} INFO - Processing /opt/airflow/dags/review_sentiment_pipeline copy.py took 0.056 seconds
[2026-04-19T22:14:36.528+0900] {processor.py:161} INFO - Started process (PID=878) to work on /opt/airflow/dags/review_sentiment_pipeline copy.py
[2026-04-19T22:14:36.529+0900] {processor.py:830} INFO - Processing file /opt/airflow/dags/review_sentiment_pipeline copy.py for tasks to queue
[2026-04-19T22:14:36.530+0900] {logging_mixin.py:188} INFO - [2026-04-19T22:14:36.530+0900] {dagbag.py:545} INFO - Filling up the DagBag from /opt/airflow/dags/review_sentiment_pipeline copy.py
[2026-04-19T22:14:36.541+0900] {processor.py:840} INFO - DAG(s) 'review_sentiment_pipeline' retrieved from /opt/airflow/dags/review_sentiment_pipeline copy.py
[2026-04-19T22:14:36.565+0900] {logging_mixin.py:188} INFO - [2026-04-19T22:14:36.565+0900] {dag.py:3089} INFO - Sync 1 DAGs
[2026-04-19T22:14:36.580+0900] {logging_mixin.py:188} INFO - [2026-04-19T22:14:36.580+0900] {dag.py:3947} INFO - Setting next_dagrun for review_sentiment_pipeline to 2026-04-19 00:00:00+00:00, run_after=2026-04-20 00:00:00+00:00
[2026-04-19T22:14:36.592+0900] {processor.py:183} INFO - Processing /opt/airflow/dags/review_sentiment_pipeline copy.py took 0.068 seconds
[2026-04-19T22:15:06.897+0900] {processor.py:161} INFO - Started process (PID=894) to work on /opt/airflow/dags/review_sentiment_pipeline copy.py
[2026-04-19T22:15:06.899+0900] {processor.py:830} INFO - Processing file /opt/airflow/dags/review_sentiment_pipeline copy.py for tasks to queue
[2026-04-19T22:15:06.899+0900] {logging_mixin.py:188} INFO - [2026-04-19T22:15:06.899+0900] {dagbag.py:545} INFO - Filling up the DagBag from /opt/airflow/dags/review_sentiment_pipeline copy.py
[2026-04-19T22:15:06.909+0900] {processor.py:840} INFO - DAG(s) 'review_sentiment_pipeline' retrieved from /opt/airflow/dags/review_sentiment_pipeline copy.py
[2026-04-19T22:15:06.927+0900] {logging_mixin.py:188} INFO - [2026-04-19T22:15:06.927+0900] {dag.py:3089} INFO - Sync 1 DAGs
[2026-04-19T22:15:06.940+0900] {logging_mixin.py:188} INFO - [2026-04-19T22:15:06.940+0900] {dag.py:3947} INFO - Setting next_dagrun for review_sentiment_pipeline to 2026-04-19 00:00:00+00:00, run_after=2026-04-20 00:00:00+00:00
[2026-04-19T22:15:06.951+0900] {processor.py:183} INFO - Processing /opt/airflow/dags/review_sentiment_pipeline copy.py took 0.059 seconds
[2026-04-19T22:15:37.320+0900] {processor.py:161} INFO - Started process (PID=910) to work on /opt/airflow/dags/review_sentiment_pipeline copy.py
[2026-04-19T22:15:37.321+0900] {processor.py:830} INFO - Processing file /opt/airflow/dags/review_sentiment_pipeline copy.py for tasks to queue
[2026-04-19T22:15:37.321+0900] {logging_mixin.py:188} INFO - [2026-04-19T22:15:37.321+0900] {dagbag.py:545} INFO - Filling up the DagBag from /opt/airflow/dags/review_sentiment_pipeline copy.py
[2026-04-19T22:15:37.330+0900] {processor.py:840} INFO - DAG(s) 'review_sentiment_pipeline' retrieved from /opt/airflow/dags/review_sentiment_pipeline copy.py
[2026-04-19T22:15:37.352+0900] {logging_mixin.py:188} INFO - [2026-04-19T22:15:37.352+0900] {dag.py:3089} INFO - Sync 1 DAGs
[2026-04-19T22:15:37.363+0900] {logging_mixin.py:188} INFO - [2026-04-19T22:15:37.363+0900] {dag.py:3947} INFO - Setting next_dagrun for review_sentiment_pipeline to 2026-04-19 00:00:00+00:00, run_after=2026-04-20 00:00:00+00:00
[2026-04-19T22:15:37.373+0900] {processor.py:183} INFO - Processing /opt/airflow/dags/review_sentiment_pipeline copy.py took 0.059 seconds
[2026-04-19T22:16:07.716+0900] {processor.py:161} INFO - Started process (PID=926) to work on /opt/airflow/dags/review_sentiment_pipeline copy.py
[2026-04-19T22:16:07.717+0900] {processor.py:830} INFO - Processing file /opt/airflow/dags/review_sentiment_pipeline copy.py for tasks to queue
[2026-04-19T22:16:07.718+0900] {logging_mixin.py:188} INFO - [2026-04-19T22:16:07.717+0900] {dagbag.py:545} INFO - Filling up the DagBag from /opt/airflow/dags/review_sentiment_pipeline copy.py
[2026-04-19T22:16:07.728+0900] {processor.py:840} INFO - DAG(s) 'review_sentiment_pipeline' retrieved from /opt/airflow/dags/review_sentiment_pipeline copy.py
[2026-04-19T22:16:07.750+0900] {logging_mixin.py:188} INFO - [2026-04-19T22:16:07.750+0900] {dag.py:3089} INFO - Sync 1 DAGs
[2026-04-19T22:16:07.764+0900] {logging_mixin.py:188} INFO - [2026-04-19T22:16:07.763+0900] {dag.py:3947} INFO - Setting next_dagrun for review_sentiment_pipeline to 2026-04-19 00:00:00+00:00, run_after=2026-04-20 00:00:00+00:00
[2026-04-19T22:16:07.774+0900] {processor.py:183} INFO - Processing /opt/airflow/dags/review_sentiment_pipeline copy.py took 0.061 seconds
[2026-04-19T22:17:00.895+0900] {processor.py:161} INFO - Started process (PID=199) to work on /opt/airflow/dags/review_sentiment_pipeline copy.py
[2026-04-19T22:17:00.898+0900] {processor.py:830} INFO - Processing file /opt/airflow/dags/review_sentiment_pipeline copy.py for tasks to queue
[2026-04-19T22:17:00.903+0900] {logging_mixin.py:188} INFO - [2026-04-19T22:17:00.902+0900] {dagbag.py:545} INFO - Filling up the DagBag from /opt/airflow/dags/review_sentiment_pipeline copy.py
[2026-04-19T22:17:00.923+0900] {processor.py:840} INFO - DAG(s) 'review_sentiment_pipeline' retrieved from /opt/airflow/dags/review_sentiment_pipeline copy.py
[2026-04-19T22:17:01.212+0900] {logging_mixin.py:188} INFO - [2026-04-19T22:17:01.211+0900] {override.py:1858} INFO - Created Permission View: can read on DAG:review_sentiment_pipeline
[2026-04-19T22:17:01.218+0900] {logging_mixin.py:188} INFO - [2026-04-19T22:17:01.218+0900] {override.py:1858} INFO - Created Permission View: can edit on DAG:review_sentiment_pipeline
[2026-04-19T22:17:01.221+0900] {logging_mixin.py:188} INFO - [2026-04-19T22:17:01.221+0900] {override.py:1858} INFO - Created Permission View: can delete on DAG:review_sentiment_pipeline
[2026-04-19T22:17:01.221+0900] {logging_mixin.py:188} INFO - [2026-04-19T22:17:01.221+0900] {dag.py:3089} INFO - Sync 1 DAGs
[2026-04-19T22:17:01.230+0900] {logging_mixin.py:188} INFO - [2026-04-19T22:17:01.229+0900] {dag.py:3111} INFO - Creating ORM DAG for review_sentiment_pipeline
[2026-04-19T22:17:01.240+0900] {logging_mixin.py:188} INFO - [2026-04-19T22:17:01.240+0900] {dag.py:3947} INFO - Setting next_dagrun for review_sentiment_pipeline to 2026-04-18 00:00:00+00:00, run_after=2026-04-19 00:00:00+00:00
[2026-04-19T22:17:01.260+0900] {processor.py:183} INFO - Processing /opt/airflow/dags/review_sentiment_pipeline copy.py took 0.385 seconds
[2026-04-19T22:17:31.549+0900] {processor.py:161} INFO - Started process (PID=215) to work on /opt/airflow/dags/review_sentiment_pipeline copy.py
[2026-04-19T22:17:31.551+0900] {processor.py:830} INFO - Processing file /opt/airflow/dags/review_sentiment_pipeline copy.py for tasks to queue
[2026-04-19T22:17:31.553+0900] {logging_mixin.py:188} INFO - [2026-04-19T22:17:31.553+0900] {dagbag.py:545} INFO - Filling up the DagBag from /opt/airflow/dags/review_sentiment_pipeline copy.py
[2026-04-19T22:17:31.598+0900] {processor.py:840} INFO - DAG(s) 'review_sentiment_pipeline' retrieved from /opt/airflow/dags/review_sentiment_pipeline copy.py
[2026-04-19T22:17:31.650+0900] {logging_mixin.py:188} INFO - [2026-04-19T22:17:31.650+0900] {dag.py:3089} INFO - Sync 1 DAGs
[2026-04-19T22:17:31.673+0900] {logging_mixin.py:188} INFO - [2026-04-19T22:17:31.673+0900] {dag.py:3947} INFO - Setting next_dagrun for review_sentiment_pipeline to 2026-04-18 00:00:00+00:00, run_after=2026-04-19 00:00:00+00:00
[2026-04-19T22:17:31.706+0900] {processor.py:183} INFO - Processing /opt/airflow/dags/review_sentiment_pipeline copy.py took 0.166 seconds
[2026-04-19T22:18:01.896+0900] {processor.py:161} INFO - Started process (PID=233) to work on /opt/airflow/dags/review_sentiment_pipeline copy.py
[2026-04-19T22:18:01.897+0900] {processor.py:830} INFO - Processing file /opt/airflow/dags/review_sentiment_pipeline copy.py for tasks to queue
[2026-04-19T22:18:01.899+0900] {logging_mixin.py:188} INFO - [2026-04-19T22:18:01.899+0900] {dagbag.py:545} INFO - Filling up the DagBag from /opt/airflow/dags/review_sentiment_pipeline copy.py
[2026-04-19T22:18:01.910+0900] {processor.py:840} INFO - DAG(s) 'review_sentiment_pipeline' retrieved from /opt/airflow/dags/review_sentiment_pipeline copy.py
[2026-04-19T22:18:01.935+0900] {logging_mixin.py:188} INFO - [2026-04-19T22:18:01.935+0900] {dag.py:3089} INFO - Sync 1 DAGs
[2026-04-19T22:18:01.953+0900] {logging_mixin.py:188} INFO - [2026-04-19T22:18:01.953+0900] {dag.py:3947} INFO - Setting next_dagrun for review_sentiment_pipeline to 2026-04-18 00:00:00+00:00, run_after=2026-04-19 00:00:00+00:00
[2026-04-19T22:18:01.968+0900] {processor.py:183} INFO - Processing /opt/airflow/dags/review_sentiment_pipeline copy.py took 0.076 seconds
[2026-04-19T22:18:32.341+0900] {processor.py:161} INFO - Started process (PID=249) to work on /opt/airflow/dags/review_sentiment_pipeline copy.py
[2026-04-19T22:18:32.342+0900] {processor.py:830} INFO - Processing file /opt/airflow/dags/review_sentiment_pipeline copy.py for tasks to queue
[2026-04-19T22:18:32.346+0900] {logging_mixin.py:188} INFO - [2026-04-19T22:18:32.345+0900] {dagbag.py:545} INFO - Filling up the DagBag from /opt/airflow/dags/review_sentiment_pipeline copy.py
[2026-04-19T22:18:32.381+0900] {processor.py:840} INFO - DAG(s) 'review_sentiment_pipeline' retrieved from /opt/airflow/dags/review_sentiment_pipeline copy.py
[2026-04-19T22:18:32.433+0900] {logging_mixin.py:188} INFO - [2026-04-19T22:18:32.432+0900] {dag.py:3089} INFO - Sync 1 DAGs
[2026-04-19T22:18:32.453+0900] {logging_mixin.py:188} INFO - [2026-04-19T22:18:32.453+0900] {dag.py:3947} INFO - Setting next_dagrun for review_sentiment_pipeline to 2026-04-18 00:00:00+00:00, run_after=2026-04-19 00:00:00+00:00
[2026-04-19T22:18:32.473+0900] {processor.py:183} INFO - Processing /opt/airflow/dags/review_sentiment_pipeline copy.py took 0.142 seconds
[2026-04-19T22:19:02.746+0900] {processor.py:161} INFO - Started process (PID=265) to work on /opt/airflow/dags/review_sentiment_pipeline copy.py
[2026-04-19T22:19:02.748+0900] {processor.py:830} INFO - Processing file /opt/airflow/dags/review_sentiment_pipeline copy.py for tasks to queue
[2026-04-19T22:19:02.752+0900] {logging_mixin.py:188} INFO - [2026-04-19T22:19:02.751+0900] {dagbag.py:545} INFO - Filling up the DagBag from /opt/airflow/dags/review_sentiment_pipeline copy.py
[2026-04-19T22:19:02.785+0900] {processor.py:840} INFO - DAG(s) 'review_sentiment_pipeline' retrieved from /opt/airflow/dags/review_sentiment_pipeline copy.py
[2026-04-19T22:19:02.839+0900] {logging_mixin.py:188} INFO - [2026-04-19T22:19:02.839+0900] {dag.py:3089} INFO - Sync 1 DAGs
[2026-04-19T22:19:02.863+0900] {logging_mixin.py:188} INFO - [2026-04-19T22:19:02.863+0900] {dag.py:3947} INFO - Setting next_dagrun for review_sentiment_pipeline to 2026-04-18 00:00:00+00:00, run_after=2026-04-19 00:00:00+00:00
[2026-04-19T22:19:02.885+0900] {processor.py:183} INFO - Processing /opt/airflow/dags/review_sentiment_pipeline copy.py took 0.151 seconds
[2026-04-19T22:19:33.119+0900] {processor.py:161} INFO - Started process (PID=293) to work on /opt/airflow/dags/review_sentiment_pipeline copy.py
[2026-04-19T22:19:33.119+0900] {processor.py:830} INFO - Processing file /opt/airflow/dags/review_sentiment_pipeline copy.py for tasks to queue
[2026-04-19T22:19:33.121+0900] {logging_mixin.py:188} INFO - [2026-04-19T22:19:33.120+0900] {dagbag.py:545} INFO - Filling up the DagBag from /opt/airflow/dags/review_sentiment_pipeline copy.py
[2026-04-19T22:19:33.137+0900] {processor.py:840} INFO - DAG(s) 'review_sentiment_pipeline' retrieved from /opt/airflow/dags/review_sentiment_pipeline copy.py
[2026-04-19T22:19:33.172+0900] {logging_mixin.py:188} INFO - [2026-04-19T22:19:33.171+0900] {dag.py:3089} INFO - Sync 1 DAGs
[2026-04-19T22:19:33.187+0900] {logging_mixin.py:188} INFO - [2026-04-19T22:19:33.187+0900] {dag.py:3947} INFO - Setting next_dagrun for review_sentiment_pipeline to 2026-04-18 00:00:00+00:00, run_after=2026-04-19 00:00:00+00:00
[2026-04-19T22:19:33.203+0900] {processor.py:183} INFO - Processing /opt/airflow/dags/review_sentiment_pipeline copy.py took 0.090 seconds
[2026-04-19T22:20:03.550+0900] {processor.py:161} INFO - Started process (PID=309) to work on /opt/airflow/dags/review_sentiment_pipeline copy.py
[2026-04-19T22:20:03.552+0900] {processor.py:830} INFO - Processing file /opt/airflow/dags/review_sentiment_pipeline copy.py for tasks to queue
[2026-04-19T22:20:03.556+0900] {logging_mixin.py:188} INFO - [2026-04-19T22:20:03.555+0900] {dagbag.py:545} INFO - Filling up the DagBag from /opt/airflow/dags/review_sentiment_pipeline copy.py
[2026-04-19T22:20:03.581+0900] {processor.py:840} INFO - DAG(s) 'review_sentiment_pipeline' retrieved from /opt/airflow/dags/review_sentiment_pipeline copy.py
[2026-04-19T22:20:03.625+0900] {logging_mixin.py:188} INFO - [2026-04-19T22:20:03.625+0900] {dag.py:3089} INFO - Sync 1 DAGs
[2026-04-19T22:20:03.649+0900] {logging_mixin.py:188} INFO - [2026-04-19T22:20:03.649+0900] {dag.py:3947} INFO - Setting next_dagrun for review_sentiment_pipeline to 2026-04-18 00:00:00+00:00, run_after=2026-04-19 00:00:00+00:00
[2026-04-19T22:20:03.673+0900] {processor.py:183} INFO - Processing /opt/airflow/dags/review_sentiment_pipeline copy.py took 0.131 seconds
[2026-04-19T22:20:34.124+0900] {processor.py:161} INFO - Started process (PID=325) to work on /opt/airflow/dags/review_sentiment_pipeline copy.py
[2026-04-19T22:20:34.125+0900] {processor.py:830} INFO - Processing file /opt/airflow/dags/review_sentiment_pipeline copy.py for tasks to queue
[2026-04-19T22:20:34.129+0900] {logging_mixin.py:188} INFO - [2026-04-19T22:20:34.128+0900] {dagbag.py:545} INFO - Filling up the DagBag from /opt/airflow/dags/review_sentiment_pipeline copy.py
[2026-04-19T22:20:34.152+0900] {processor.py:840} INFO - DAG(s) 'review_sentiment_pipeline' retrieved from /opt/airflow/dags/review_sentiment_pipeline copy.py
[2026-04-19T22:20:34.195+0900] {logging_mixin.py:188} INFO - [2026-04-19T22:20:34.195+0900] {dag.py:3089} INFO - Sync 1 DAGs
[2026-04-19T22:20:34.216+0900] {logging_mixin.py:188} INFO - [2026-04-19T22:20:34.215+0900] {dag.py:3947} INFO - Setting next_dagrun for review_sentiment_pipeline to 2026-04-18 00:00:00+00:00, run_after=2026-04-19 00:00:00+00:00
[2026-04-19T22:20:34.238+0900] {processor.py:183} INFO - Processing /opt/airflow/dags/review_sentiment_pipeline copy.py took 0.121 seconds
[2026-04-19T22:21:04.609+0900] {processor.py:161} INFO - Started process (PID=341) to work on /opt/airflow/dags/review_sentiment_pipeline copy.py
[2026-04-19T22:21:04.611+0900] {processor.py:830} INFO - Processing file /opt/airflow/dags/review_sentiment_pipeline copy.py for tasks to queue
[2026-04-19T22:21:04.615+0900] {logging_mixin.py:188} INFO - [2026-04-19T22:21:04.615+0900] {dagbag.py:545} INFO - Filling up the DagBag from /opt/airflow/dags/review_sentiment_pipeline copy.py
[2026-04-19T22:21:04.646+0900] {processor.py:840} INFO - DAG(s) 'review_sentiment_pipeline' retrieved from /opt/airflow/dags/review_sentiment_pipeline copy.py
[2026-04-19T22:21:04.688+0900] {logging_mixin.py:188} INFO - [2026-04-19T22:21:04.688+0900] {dag.py:3089} INFO - Sync 1 DAGs
[2026-04-19T22:21:04.708+0900] {logging_mixin.py:188} INFO - [2026-04-19T22:21:04.708+0900] {dag.py:3947} INFO - Setting next_dagrun for review_sentiment_pipeline to 2026-04-18 00:00:00+00:00, run_after=2026-04-19 00:00:00+00:00
[2026-04-19T22:21:04.727+0900] {processor.py:183} INFO - Processing /opt/airflow/dags/review_sentiment_pipeline copy.py took 0.129 seconds
[2026-04-19T22:21:35.057+0900] {processor.py:161} INFO - Started process (PID=357) to work on /opt/airflow/dags/review_sentiment_pipeline copy.py
[2026-04-19T22:21:35.059+0900] {processor.py:830} INFO - Processing file /opt/airflow/dags/review_sentiment_pipeline copy.py for tasks to queue
[2026-04-19T22:21:35.064+0900] {logging_mixin.py:188} INFO - [2026-04-19T22:21:35.063+0900] {dagbag.py:545} INFO - Filling up the DagBag from /opt/airflow/dags/review_sentiment_pipeline copy.py
[2026-04-19T22:21:35.096+0900] {processor.py:840} INFO - DAG(s) 'review_sentiment_pipeline' retrieved from /opt/airflow/dags/review_sentiment_pipeline copy.py
[2026-04-19T22:21:35.171+0900] {logging_mixin.py:188} INFO - [2026-04-19T22:21:35.170+0900] {dag.py:3089} INFO - Sync 1 DAGs
[2026-04-19T22:21:35.198+0900] {logging_mixin.py:188} INFO - [2026-04-19T22:21:35.198+0900] {dag.py:3947} INFO - Setting next_dagrun for review_sentiment_pipeline to 2026-04-18 00:00:00+00:00, run_after=2026-04-19 00:00:00+00:00
[2026-04-19T22:21:35.226+0900] {processor.py:183} INFO - Processing /opt/airflow/dags/review_sentiment_pipeline copy.py took 0.180 seconds
[2026-04-19T22:22:05.756+0900] {processor.py:161} INFO - Started process (PID=381) to work on /opt/airflow/dags/review_sentiment_pipeline copy.py
[2026-04-19T22:22:05.757+0900] {processor.py:830} INFO - Processing file /opt/airflow/dags/review_sentiment_pipeline copy.py for tasks to queue
[2026-04-19T22:22:05.762+0900] {logging_mixin.py:188} INFO - [2026-04-19T22:22:05.761+0900] {dagbag.py:545} INFO - Filling up the DagBag from /opt/airflow/dags/review_sentiment_pipeline copy.py
[2026-04-19T22:22:05.792+0900] {processor.py:840} INFO - DAG(s) 'review_sentiment_pipeline' retrieved from /opt/airflow/dags/review_sentiment_pipeline copy.py
[2026-04-19T22:22:05.843+0900] {logging_mixin.py:188} INFO - [2026-04-19T22:22:05.843+0900] {dag.py:3089} INFO - Sync 1 DAGs
[2026-04-19T22:22:05.860+0900] {logging_mixin.py:188} INFO - [2026-04-19T22:22:05.860+0900] {dag.py:3947} INFO - Setting next_dagrun for review_sentiment_pipeline to 2026-04-18 00:00:00+00:00, run_after=2026-04-19 00:00:00+00:00
[2026-04-19T22:22:05.872+0900] {processor.py:183} INFO - Processing /opt/airflow/dags/review_sentiment_pipeline copy.py took 0.130 seconds
[2026-04-19T22:22:36.246+0900] {processor.py:161} INFO - Started process (PID=397) to work on /opt/airflow/dags/review_sentiment_pipeline copy.py
[2026-04-19T22:22:36.247+0900] {processor.py:830} INFO - Processing file /opt/airflow/dags/review_sentiment_pipeline copy.py for tasks to queue
[2026-04-19T22:22:36.250+0900] {logging_mixin.py:188} INFO - [2026-04-19T22:22:36.250+0900] {dagbag.py:545} INFO - Filling up the DagBag from /opt/airflow/dags/review_sentiment_pipeline copy.py
[2026-04-19T22:22:36.274+0900] {processor.py:840} INFO - DAG(s) 'review_sentiment_pipeline' retrieved from /opt/airflow/dags/review_sentiment_pipeline copy.py
[2026-04-19T22:22:36.316+0900] {logging_mixin.py:188} INFO - [2026-04-19T22:22:36.316+0900] {dag.py:3089} INFO - Sync 1 DAGs
[2026-04-19T22:22:36.338+0900] {logging_mixin.py:188} INFO - [2026-04-19T22:22:36.338+0900] {dag.py:3947} INFO - Setting next_dagrun for review_sentiment_pipeline to 2026-04-18 00:00:00+00:00, run_after=2026-04-19 00:00:00+00:00
[2026-04-19T22:22:36.352+0900] {processor.py:183} INFO - Processing /opt/airflow/dags/review_sentiment_pipeline copy.py took 0.116 seconds
[2026-04-19T22:23:06.689+0900] {processor.py:161} INFO - Started process (PID=413) to work on /opt/airflow/dags/review_sentiment_pipeline copy.py
[2026-04-19T22:23:06.690+0900] {processor.py:830} INFO - Processing file /opt/airflow/dags/review_sentiment_pipeline copy.py for tasks to queue
[2026-04-19T22:23:06.693+0900] {logging_mixin.py:188} INFO - [2026-04-19T22:23:06.693+0900] {dagbag.py:545} INFO - Filling up the DagBag from /opt/airflow/dags/review_sentiment_pipeline copy.py
[2026-04-19T22:23:06.720+0900] {processor.py:840} INFO - DAG(s) 'review_sentiment_pipeline' retrieved from /opt/airflow/dags/review_sentiment_pipeline copy.py
[2026-04-19T22:23:06.759+0900] {logging_mixin.py:188} INFO - [2026-04-19T22:23:06.759+0900] {dag.py:3089} INFO - Sync 1 DAGs
[2026-04-19T22:23:06.781+0900] {logging_mixin.py:188} INFO - [2026-04-19T22:23:06.781+0900] {dag.py:3947} INFO - Setting next_dagrun for review_sentiment_pipeline to 2026-04-18 00:00:00+00:00, run_after=2026-04-19 00:00:00+00:00
[2026-04-19T22:23:06.796+0900] {processor.py:183} INFO - Processing /opt/airflow/dags/review_sentiment_pipeline copy.py took 0.116 seconds
[2026-04-19T22:23:37.138+0900] {processor.py:161} INFO - Started process (PID=429) to work on /opt/airflow/dags/review_sentiment_pipeline copy.py
[2026-04-19T22:23:37.139+0900] {processor.py:830} INFO - Processing file /opt/airflow/dags/review_sentiment_pipeline copy.py for tasks to queue
[2026-04-19T22:23:37.147+0900] {logging_mixin.py:188} INFO - [2026-04-19T22:23:37.144+0900] {dagbag.py:545} INFO - Filling up the DagBag from /opt/airflow/dags/review_sentiment_pipeline copy.py
[2026-04-19T22:23:37.178+0900] {processor.py:840} INFO - DAG(s) 'review_sentiment_pipeline' retrieved from /opt/airflow/dags/review_sentiment_pipeline copy.py
[2026-04-19T22:23:37.217+0900] {logging_mixin.py:188} INFO - [2026-04-19T22:23:37.216+0900] {dag.py:3089} INFO - Sync 1 DAGs
[2026-04-19T22:23:37.236+0900] {logging_mixin.py:188} INFO - [2026-04-19T22:23:37.236+0900] {dag.py:3947} INFO - Setting next_dagrun for review_sentiment_pipeline to 2026-04-18 00:00:00+00:00, run_after=2026-04-19 00:00:00+00:00
[2026-04-19T22:23:37.250+0900] {processor.py:183} INFO - Processing /opt/airflow/dags/review_sentiment_pipeline copy.py took 0.120 seconds
[2026-04-19T22:24:07.488+0900] {processor.py:161} INFO - Started process (PID=445) to work on /opt/airflow/dags/review_sentiment_pipeline copy.py
[2026-04-19T22:24:07.489+0900] {processor.py:830} INFO - Processing file /opt/airflow/dags/review_sentiment_pipeline copy.py for tasks to queue
[2026-04-19T22:24:07.492+0900] {logging_mixin.py:188} INFO - [2026-04-19T22:24:07.491+0900] {dagbag.py:545} INFO - Filling up the DagBag from /opt/airflow/dags/review_sentiment_pipeline copy.py
[2026-04-19T22:24:07.511+0900] {processor.py:840} INFO - DAG(s) 'review_sentiment_pipeline' retrieved from /opt/airflow/dags/review_sentiment_pipeline copy.py
[2026-04-19T22:24:07.544+0900] {logging_mixin.py:188} INFO - [2026-04-19T22:24:07.544+0900] {dag.py:3089} INFO - Sync 1 DAGs
[2026-04-19T22:24:07.562+0900] {logging_mixin.py:188} INFO - [2026-04-19T22:24:07.562+0900] {dag.py:3947} INFO - Setting next_dagrun for review_sentiment_pipeline to 2026-04-18 00:00:00+00:00, run_after=2026-04-19 00:00:00+00:00
[2026-04-19T22:24:07.575+0900] {processor.py:183} INFO - Processing /opt/airflow/dags/review_sentiment_pipeline copy.py took 0.094 seconds
[2026-04-19T22:24:38.000+0900] {processor.py:161} INFO - Started process (PID=461) to work on /opt/airflow/dags/review_sentiment_pipeline copy.py
[2026-04-19T22:24:38.001+0900] {processor.py:830} INFO - Processing file /opt/airflow/dags/review_sentiment_pipeline copy.py for tasks to queue
[2026-04-19T22:24:38.005+0900] {logging_mixin.py:188} INFO - [2026-04-19T22:24:38.005+0900] {dagbag.py:545} INFO - Filling up the DagBag from /opt/airflow/dags/review_sentiment_pipeline copy.py
[2026-04-19T22:24:38.041+0900] {processor.py:840} INFO - DAG(s) 'review_sentiment_pipeline' retrieved from /opt/airflow/dags/review_sentiment_pipeline copy.py
[2026-04-19T22:24:38.094+0900] {logging_mixin.py:188} INFO - [2026-04-19T22:24:38.094+0900] {dag.py:3089} INFO - Sync 1 DAGs
[2026-04-19T22:24:38.112+0900] {logging_mixin.py:188} INFO - [2026-04-19T22:24:38.112+0900] {dag.py:3947} INFO - Setting next_dagrun for review_sentiment_pipeline to 2026-04-18 00:00:00+00:00, run_after=2026-04-19 00:00:00+00:00
[2026-04-19T22:24:38.126+0900] {processor.py:183} INFO - Processing /opt/airflow/dags/review_sentiment_pipeline copy.py took 0.141 seconds
[2026-04-19T22:25:08.346+0900] {processor.py:161} INFO - Started process (PID=477) to work on /opt/airflow/dags/review_sentiment_pipeline copy.py
[2026-04-19T22:25:08.347+0900] {processor.py:830} INFO - Processing file /opt/airflow/dags/review_sentiment_pipeline copy.py for tasks to queue
[2026-04-19T22:25:08.351+0900] {logging_mixin.py:188} INFO - [2026-04-19T22:25:08.350+0900] {dagbag.py:545} INFO - Filling up the DagBag from /opt/airflow/dags/review_sentiment_pipeline copy.py
[2026-04-19T22:25:08.383+0900] {processor.py:840} INFO - DAG(s) 'review_sentiment_pipeline' retrieved from /opt/airflow/dags/review_sentiment_pipeline copy.py
[2026-04-19T22:25:08.431+0900] {logging_mixin.py:188} INFO - [2026-04-19T22:25:08.431+0900] {dag.py:3089} INFO - Sync 1 DAGs
[2026-04-19T22:25:08.460+0900] {logging_mixin.py:188} INFO - [2026-04-19T22:25:08.460+0900] {dag.py:3947} INFO - Setting next_dagrun for review_sentiment_pipeline to 2026-04-18 00:00:00+00:00, run_after=2026-04-19 00:00:00+00:00
[2026-04-19T22:25:08.475+0900] {processor.py:183} INFO - Processing /opt/airflow/dags/review_sentiment_pipeline copy.py took 0.144 seconds
[2026-04-19T22:25:38.821+0900] {processor.py:161} INFO - Started process (PID=493) to work on /opt/airflow/dags/review_sentiment_pipeline copy.py
[2026-04-19T22:25:38.822+0900] {processor.py:830} INFO - Processing file /opt/airflow/dags/review_sentiment_pipeline copy.py for tasks to queue
[2026-04-19T22:25:38.825+0900] {logging_mixin.py:188} INFO - [2026-04-19T22:25:38.825+0900] {dagbag.py:545} INFO - Filling up the DagBag from /opt/airflow/dags/review_sentiment_pipeline copy.py
[2026-04-19T22:25:38.854+0900] {processor.py:840} INFO - DAG(s) 'review_sentiment_pipeline' retrieved from /opt/airflow/dags/review_sentiment_pipeline copy.py
[2026-04-19T22:25:38.924+0900] {logging_mixin.py:188} INFO - [2026-04-19T22:25:38.923+0900] {dag.py:3089} INFO - Sync 1 DAGs
[2026-04-19T22:25:38.948+0900] {logging_mixin.py:188} INFO - [2026-04-19T22:25:38.947+0900] {dag.py:3947} INFO - Setting next_dagrun for review_sentiment_pipeline to 2026-04-18 00:00:00+00:00, run_after=2026-04-19 00:00:00+00:00
[2026-04-19T22:25:38.961+0900] {processor.py:183} INFO - Processing /opt/airflow/dags/review_sentiment_pipeline copy.py took 0.152 seconds
[2026-04-19T22:26:09.169+0900] {processor.py:161} INFO - Started process (PID=509) to work on /opt/airflow/dags/review_sentiment_pipeline copy.py
[2026-04-19T22:26:09.170+0900] {processor.py:830} INFO - Processing file /opt/airflow/dags/review_sentiment_pipeline copy.py for tasks to queue
[2026-04-19T22:26:09.174+0900] {logging_mixin.py:188} INFO - [2026-04-19T22:26:09.173+0900] {dagbag.py:545} INFO - Filling up the DagBag from /opt/airflow/dags/review_sentiment_pipeline copy.py
[2026-04-19T22:26:09.196+0900] {processor.py:840} INFO - DAG(s) 'review_sentiment_pipeline' retrieved from /opt/airflow/dags/review_sentiment_pipeline copy.py
[2026-04-19T22:26:09.234+0900] {logging_mixin.py:188} INFO - [2026-04-19T22:26:09.234+0900] {dag.py:3089} INFO - Sync 1 DAGs
[2026-04-19T22:26:09.254+0900] {logging_mixin.py:188} INFO - [2026-04-19T22:26:09.254+0900] {dag.py:3947} INFO - Setting next_dagrun for review_sentiment_pipeline to 2026-04-18 00:00:00+00:00, run_after=2026-04-19 00:00:00+00:00
[2026-04-19T22:26:09.269+0900] {processor.py:183} INFO - Processing /opt/airflow/dags/review_sentiment_pipeline copy.py took 0.108 seconds
[2026-04-19T22:26:39.641+0900] {processor.py:161} INFO - Started process (PID=525) to work on /opt/airflow/dags/review_sentiment_pipeline copy.py
[2026-04-19T22:26:39.642+0900] {processor.py:830} INFO - Processing file /opt/airflow/dags/review_sentiment_pipeline copy.py for tasks to queue
[2026-04-19T22:26:39.646+0900] {logging_mixin.py:188} INFO - [2026-04-19T22:26:39.645+0900] {dagbag.py:545} INFO - Filling up the DagBag from /opt/airflow/dags/review_sentiment_pipeline copy.py
[2026-04-19T22:26:39.684+0900] {processor.py:840} INFO - DAG(s) 'review_sentiment_pipeline' retrieved from /opt/airflow/dags/review_sentiment_pipeline copy.py
[2026-04-19T22:26:39.758+0900] {logging_mixin.py:188} INFO - [2026-04-19T22:26:39.757+0900] {dag.py:3089} INFO - Sync 1 DAGs
[2026-04-19T22:26:39.842+0900] {logging_mixin.py:188} INFO - [2026-04-19T22:26:39.842+0900] {dag.py:3947} INFO - Setting next_dagrun for review_sentiment_pipeline to 2026-04-18 00:00:00+00:00, run_after=2026-04-19 00:00:00+00:00
[2026-04-19T22:26:39.862+0900] {processor.py:183} INFO - Processing /opt/airflow/dags/review_sentiment_pipeline copy.py took 0.231 seconds
[2026-04-19T22:27:10.011+0900] {processor.py:161} INFO - Started process (PID=541) to work on /opt/airflow/dags/review_sentiment_pipeline copy.py
[2026-04-19T22:27:10.012+0900] {processor.py:830} INFO - Processing file /opt/airflow/dags/review_sentiment_pipeline copy.py for tasks to queue
[2026-04-19T22:27:10.017+0900] {logging_mixin.py:188} INFO - [2026-04-19T22:27:10.016+0900] {dagbag.py:545} INFO - Filling up the DagBag from /opt/airflow/dags/review_sentiment_pipeline copy.py
[2026-04-19T22:27:10.048+0900] {processor.py:840} INFO - DAG(s) 'review_sentiment_pipeline' retrieved from /opt/airflow/dags/review_sentiment_pipeline copy.py
[2026-04-19T22:27:10.106+0900] {logging_mixin.py:188} INFO - [2026-04-19T22:27:10.106+0900] {dag.py:3089} INFO - Sync 1 DAGs
[2026-04-19T22:27:10.138+0900] {logging_mixin.py:188} INFO - [2026-04-19T22:27:10.138+0900] {dag.py:3947} INFO - Setting next_dagrun for review_sentiment_pipeline to 2026-04-18 00:00:00+00:00, run_after=2026-04-19 00:00:00+00:00
[2026-04-19T22:27:10.153+0900] {processor.py:183} INFO - Processing /opt/airflow/dags/review_sentiment_pipeline copy.py took 0.152 seconds
